2025-04-25 20:00:24,461 - __main__ - INFO - Iniciando ETL completo (20250425_200024)
2025-04-25 20:00:24,462 - __main__ - INFO - Iniciando fase de EXTRACCIÓN
2025-04-25 20:00:24,462 - __main__ - INFO - Procesando 10 símbolos: ['SAN.MC', 'BBVA.MC', 'IBE.MC', 'ITX.MC', 'TEF.MC', 'REP.MC', 'CABK.MC', 'NTGY.MC', 'FER.MC', 'AMS.MC']
2025-04-25 20:00:24,464 - src.etl.extraction.historical_extraction - INFO - Inicializado extractor para 10 tickers, max_workers=3, period=1y
2025-04-25 20:00:24,465 - src.etl.extraction.historical_extraction - INFO - Procesando 10 en lotes de 5
2025-04-25 20:00:24,467 - src.etl.extraction.historical_extraction - INFO - Procesando lote 1: ['SAN.MC', 'BBVA.MC', 'IBE.MC', 'ITX.MC', 'TEF.MC']
2025-04-25 20:00:24,468 - src.utils.stock_utils - INFO - Descargando datos para SAN.MC con período 1y e intervalo 1d
2025-04-25 20:00:24,469 - src.utils.stock_utils - INFO - Descargando datos para BBVA.MC con período 1y e intervalo 1d
2025-04-25 20:00:24,471 - src.utils.stock_utils - INFO - Descargando datos para IBE.MC con período 1y e intervalo 1d
2025-04-25 20:00:26,343 - src.utils.stock_utils - INFO - Descargados 256 registros para SAN.MC
2025-04-25 20:00:26,349 - src.utils.stock_utils - INFO - Descargados 256 registros para BBVA.MC
2025-04-25 20:00:26,356 - src.utils.stock_utils - INFO - Descargados 256 registros para IBE.MC
2025-04-25 20:00:26,357 - src.utils.stock_utils - INFO - Guardando datos de SAN.MC en C:\Users\ronal\Documentos\proyectos_github\etl_precio_acciones_airflow\data\raw\SAN_MC_historical.csv
2025-04-25 20:00:26,359 - src.utils.stock_utils - INFO - Guardando datos de IBE.MC en C:\Users\ronal\Documentos\proyectos_github\etl_precio_acciones_airflow\data\raw\IBE_MC_historical.csv
2025-04-25 20:00:26,359 - src.utils.stock_utils - INFO - Guardando datos de BBVA.MC en C:\Users\ronal\Documentos\proyectos_github\etl_precio_acciones_airflow\data\raw\BBVA_MC_historical.csv
2025-04-25 20:00:26,365 - src.etl.extraction.historical_extraction - ERROR - Error al procesar SAN.MC: Cannot set a DataFrame with multiple columns to the single column Price
2025-04-25 20:00:26,371 - src.etl.extraction.historical_extraction - ERROR - Error al procesar IBE.MC: Cannot set a DataFrame with multiple columns to the single column Price
2025-04-25 20:00:26,376 - src.etl.extraction.historical_extraction - ERROR - Error al procesar BBVA.MC: Cannot set a DataFrame with multiple columns to the single column Price
2025-04-25 20:00:26,376 - src.utils.stock_utils - INFO - Descargando datos para ITX.MC con período 1y e intervalo 1d
2025-04-25 20:00:26,377 - src.utils.stock_utils - INFO - Descargando datos para TEF.MC con período 1y e intervalo 1d
2025-04-25 20:00:27,258 - src.utils.stock_utils - INFO - Descargados 256 registros para ITX.MC
2025-04-25 20:00:27,260 - src.utils.stock_utils - INFO - Guardando datos de ITX.MC en C:\Users\ronal\Documentos\proyectos_github\etl_precio_acciones_airflow\data\raw\ITX_MC_historical.csv
2025-04-25 20:00:28,384 - src.utils.stock_utils - INFO - Descargados 256 registros para TEF.MC
2025-04-25 20:00:28,386 - src.utils.stock_utils - INFO - Guardando datos de TEF.MC en C:\Users\ronal\Documentos\proyectos_github\etl_precio_acciones_airflow\data\raw\TEF_MC_historical.csv
2025-04-25 20:00:28,466 - src.etl.extraction.historical_extraction - INFO - Esperando 5 segundos antes del siguiente lote...
2025-04-25 20:00:33,468 - src.etl.extraction.historical_extraction - INFO - Procesando lote 2: ['REP.MC', 'CABK.MC', 'NTGY.MC', 'FER.MC', 'AMS.MC']
2025-04-25 20:00:33,470 - src.utils.stock_utils - INFO - Descargando datos para REP.MC con período 1y e intervalo 1d
2025-04-25 20:00:33,471 - src.utils.stock_utils - INFO - Descargando datos para CABK.MC con período 1y e intervalo 1d
2025-04-25 20:00:33,473 - src.utils.stock_utils - INFO - Descargando datos para NTGY.MC con período 1y e intervalo 1d
2025-04-25 20:00:34,501 - src.utils.stock_utils - INFO - Descargados 256 registros para CABK.MC
2025-04-25 20:00:34,510 - src.utils.stock_utils - INFO - Descargados 256 registros para NTGY.MC
2025-04-25 20:00:34,513 - src.utils.stock_utils - INFO - Guardando datos de CABK.MC en C:\Users\ronal\Documentos\proyectos_github\etl_precio_acciones_airflow\data\raw\CABK_MC_historical.csv
2025-04-25 20:00:34,514 - src.utils.stock_utils - INFO - Guardando datos de NTGY.MC en C:\Users\ronal\Documentos\proyectos_github\etl_precio_acciones_airflow\data\raw\NTGY_MC_historical.csv
2025-04-25 20:00:34,673 - src.utils.stock_utils - INFO - Descargando datos para FER.MC con período 1y e intervalo 1d
2025-04-25 20:00:34,673 - src.utils.stock_utils - INFO - Descargando datos para AMS.MC con período 1y e intervalo 1d
2025-04-25 20:00:35,342 - src.utils.stock_utils - INFO - Descargados 256 registros para REP.MC
2025-04-25 20:00:35,344 - src.utils.stock_utils - INFO - Guardando datos de REP.MC en C:\Users\ronal\Documentos\proyectos_github\etl_precio_acciones_airflow\data\raw\REP_MC_historical.csv
2025-04-25 20:00:35,646 - src.utils.stock_utils - INFO - Descargados 256 registros para FER.MC
2025-04-25 20:00:35,647 - src.utils.stock_utils - INFO - Guardando datos de FER.MC en C:\Users\ronal\Documentos\proyectos_github\etl_precio_acciones_airflow\data\raw\FER_MC_historical.csv
2025-04-25 20:00:36,682 - src.utils.stock_utils - INFO - Descargados 256 registros para AMS.MC
2025-04-25 20:00:36,683 - src.utils.stock_utils - INFO - Guardando datos de AMS.MC en C:\Users\ronal\Documentos\proyectos_github\etl_precio_acciones_airflow\data\raw\AMS_MC_historical.csv
2025-04-25 20:00:36,770 - src.etl.extraction.historical_extraction - INFO - Procesamiento completado: 7/10 símbolos extraídos correctamente
2025-04-25 20:00:36,778 - src.etl.extraction.historical_extraction - INFO - Informe de extracción guardado en C:\Users\ronal\Documentos\proyectos_github\etl_precio_acciones_airflow\data\reports\extraction_report_20250425_200036.csv
2025-04-25 20:00:36,779 - __main__ - INFO - Extracción completada: 7/10 símbolos procesados correctamente
2025-04-25 20:00:36,780 - __main__ - INFO - Informe guardado en: C:\Users\ronal\Documentos\proyectos_github\etl_precio_acciones_airflow\data\reports\extraction_report_20250425_200036.csv
2025-04-25 20:00:36,780 - __main__ - INFO - Iniciando fase de PROCESAMIENTO
2025-04-25 20:00:36,782 - src.etl.processing.data_processor - INFO - Inicializado procesador de datos con directorio raw: C:\Users\ronal\Documentos\proyectos_github\etl_precio_acciones_airflow\data\raw
2025-04-25 20:00:36,783 - src.etl.processing.data_processor - INFO - Encontrados 10 archivos para procesar
2025-04-25 20:00:36,802 - src.etl.processing.data_processor - INFO - Datos procesados para AMS: 256 registros
2025-04-25 20:00:36,820 - src.etl.processing.data_processor - INFO - Datos procesados guardados en C:\Users\ronal\Documentos\proyectos_github\etl_precio_acciones_airflow\data\processed\AMS_processed.csv
2025-04-25 20:00:36,835 - src.etl.processing.data_processor - INFO - Datos procesados para BBVA: 256 registros
2025-04-25 20:00:36,871 - src.etl.processing.data_processor - INFO - Datos procesados guardados en C:\Users\ronal\Documentos\proyectos_github\etl_precio_acciones_airflow\data\processed\BBVA_processed.csv
2025-04-25 20:00:36,902 - src.etl.processing.data_processor - INFO - Datos procesados para CABK: 256 registros
2025-04-25 20:00:36,932 - src.etl.processing.data_processor - INFO - Datos procesados guardados en C:\Users\ronal\Documentos\proyectos_github\etl_precio_acciones_airflow\data\processed\CABK_processed.csv
2025-04-25 20:00:36,953 - src.etl.processing.data_processor - INFO - Datos procesados para FER: 256 registros
2025-04-25 20:00:36,968 - src.etl.processing.data_processor - INFO - Datos procesados guardados en C:\Users\ronal\Documentos\proyectos_github\etl_precio_acciones_airflow\data\processed\FER_processed.csv
2025-04-25 20:00:36,982 - src.etl.processing.data_processor - INFO - Datos procesados para IBE: 256 registros
2025-04-25 20:00:37,001 - src.etl.processing.data_processor - INFO - Datos procesados guardados en C:\Users\ronal\Documentos\proyectos_github\etl_precio_acciones_airflow\data\processed\IBE_processed.csv
2025-04-25 20:00:37,014 - src.etl.processing.data_processor - INFO - Datos procesados para ITX: 256 registros
2025-04-25 20:00:37,027 - src.etl.processing.data_processor - INFO - Datos procesados guardados en C:\Users\ronal\Documentos\proyectos_github\etl_precio_acciones_airflow\data\processed\ITX_processed.csv
2025-04-25 20:00:37,041 - src.etl.processing.data_processor - INFO - Datos procesados para NTGY: 256 registros
2025-04-25 20:00:37,055 - src.etl.processing.data_processor - INFO - Datos procesados guardados en C:\Users\ronal\Documentos\proyectos_github\etl_precio_acciones_airflow\data\processed\NTGY_processed.csv
2025-04-25 20:00:37,072 - src.etl.processing.data_processor - INFO - Datos procesados para REP: 256 registros
2025-04-25 20:00:37,090 - src.etl.processing.data_processor - INFO - Datos procesados guardados en C:\Users\ronal\Documentos\proyectos_github\etl_precio_acciones_airflow\data\processed\REP_processed.csv
2025-04-25 20:00:37,103 - src.etl.processing.data_processor - INFO - Datos procesados para SAN: 256 registros
2025-04-25 20:00:37,118 - src.etl.processing.data_processor - INFO - Datos procesados guardados en C:\Users\ronal\Documentos\proyectos_github\etl_precio_acciones_airflow\data\processed\SAN_processed.csv
2025-04-25 20:00:37,130 - src.etl.processing.data_processor - INFO - Datos procesados para TEF: 256 registros
2025-04-25 20:00:37,143 - src.etl.processing.data_processor - INFO - Datos procesados guardados en C:\Users\ronal\Documentos\proyectos_github\etl_precio_acciones_airflow\data\processed\TEF_processed.csv
2025-04-25 20:00:37,144 - src.etl.processing.data_processor - INFO - Procesamiento completado: 10/10 archivos procesados correctamente
2025-04-25 20:00:37,144 - __main__ - INFO - Procesamiento completado: 10/10 archivos procesados
2025-04-25 20:00:37,144 - __main__ - INFO - Iniciando fase de CARGA EN BASE DE DATOS
2025-04-25 20:00:37,144 - src.etl.loading.db_loader - INFO - Inicializado cargador de base de datos: C:\Users\ronal\Documentos\proyectos_github\etl_precio_acciones_airflow\data\database\stocks.db
2025-04-25 20:00:37,149 - src.etl.loading.db_loader - INFO - Encontrados 10 archivos procesados para cargar
2025-04-25 20:00:37,151 - src.etl.loading.db_loader - INFO - Base de datos inicializada correctamente
2025-04-25 20:00:37,260 - src.etl.loading.db_loader - INFO - Cargados 0 registros para AMS en la base de datos
2025-04-25 20:00:37,324 - src.etl.loading.db_loader - INFO - Cargados 256 registros para AMS en la base de datos
2025-04-25 20:00:37,382 - src.etl.loading.db_loader - INFO - Cargados 0 registros para BBVA en la base de datos
2025-04-25 20:00:37,432 - src.etl.loading.db_loader - INFO - Cargados 256 registros para BBVA en la base de datos
2025-04-25 20:00:37,480 - src.etl.loading.db_loader - INFO - Cargados 0 registros para CABK en la base de datos
2025-04-25 20:00:37,526 - src.etl.loading.db_loader - INFO - Cargados 256 registros para CABK en la base de datos
2025-04-25 20:00:37,581 - src.etl.loading.db_loader - INFO - Cargados 0 registros para FER en la base de datos
2025-04-25 20:00:37,629 - src.etl.loading.db_loader - INFO - Cargados 256 registros para FER en la base de datos
2025-04-25 20:00:37,684 - src.etl.loading.db_loader - INFO - Cargados 0 registros para IBE en la base de datos
2025-04-25 20:00:37,734 - src.etl.loading.db_loader - INFO - Cargados 256 registros para IBE en la base de datos
2025-04-25 20:00:37,781 - src.etl.loading.db_loader - INFO - Cargados 0 registros para ITX en la base de datos
2025-04-25 20:00:37,829 - src.etl.loading.db_loader - INFO - Cargados 256 registros para ITX en la base de datos
2025-04-25 20:00:37,879 - src.etl.loading.db_loader - INFO - Cargados 0 registros para NTGY en la base de datos
2025-04-25 20:00:37,931 - src.etl.loading.db_loader - INFO - Cargados 256 registros para NTGY en la base de datos
2025-04-25 20:00:37,983 - src.etl.loading.db_loader - INFO - Cargados 0 registros para REP en la base de datos
2025-04-25 20:00:38,027 - src.etl.loading.db_loader - INFO - Cargados 256 registros para REP en la base de datos
2025-04-25 20:00:38,076 - src.etl.loading.db_loader - INFO - Cargados 0 registros para SAN en la base de datos
2025-04-25 20:00:38,120 - src.etl.loading.db_loader - INFO - Cargados 256 registros para SAN en la base de datos
2025-04-25 20:00:38,143 - src.etl.loading.db_loader - INFO - Cargados 0 registros para TEF en la base de datos
2025-04-25 20:00:38,190 - src.etl.loading.db_loader - INFO - Cargados 256 registros para TEF en la base de datos
2025-04-25 20:00:38,190 - src.etl.loading.db_loader - INFO - Carga en base de datos completada: 10/10 archivos cargados correctamente
2025-04-25 20:00:38,193 - __main__ - INFO - Carga en base de datos completada: 10/10 archivos cargados
2025-04-25 20:00:38,194 - __main__ - INFO - ETL completo finalizado con éxito
