2025-04-25 16:24:43,207 - __main__ - INFO - Iniciando ETL completo (20250425_162443)
2025-04-25 16:24:43,209 - __main__ - INFO - Iniciando fase de EXTRACCIÓN
2025-04-25 16:24:43,209 - __main__ - INFO - Procesando 10 símbolos: ['SAN.MC', 'BBVA.MC', 'IBE.MC', 'ITX.MC', 'TEF.MC', 'REP.MC', 'CABK.MC', 'NTGY.MC', 'FER.MC', 'AMS.MC']
2025-04-25 16:24:43,210 - src.etl.extraction.historical_extraction - INFO - Inicializado extractor para 10 tickers, max_workers=2, period=5y
2025-04-25 16:24:43,210 - src.etl.extraction.historical_extraction - INFO - Procesando 10 en lotes de 3
2025-04-25 16:24:43,210 - src.etl.extraction.historical_extraction - INFO - Procesando lote 1: ['SAN.MC', 'BBVA.MC', 'IBE.MC']
2025-04-25 16:24:43,212 - src.utils.stock_utils - INFO - Descargando datos para SAN.MC con período 5y e intervalo 1d
2025-04-25 16:24:43,213 - src.utils.stock_utils - INFO - Descargando datos para BBVA.MC con período 5y e intervalo 1d
2025-04-25 16:24:44,958 - src.utils.stock_utils - INFO - Descargados 1281 registros para SAN.MC
2025-04-25 16:24:44,960 - src.utils.stock_utils - INFO - Descargados 1281 registros para BBVA.MC
2025-04-25 16:24:44,968 - src.utils.stock_utils - INFO - Guardando datos de SAN.MC en C:\Users\ronal\Documentos\proyectos_github\etl_precio_acciones_airflow\data\raw\SAN_MC_historical.csv
2025-04-25 16:24:44,970 - src.utils.stock_utils - INFO - Guardando datos de BBVA.MC en C:\Users\ronal\Documentos\proyectos_github\etl_precio_acciones_airflow\data\raw\BBVA_MC_historical.csv
2025-04-25 16:24:45,087 - src.utils.stock_utils - INFO - Descargando datos para IBE.MC con período 5y e intervalo 1d
2025-04-25 16:24:46,427 - src.utils.stock_utils - INFO - Descargados 1281 registros para IBE.MC
2025-04-25 16:24:46,427 - src.utils.stock_utils - INFO - Guardando datos de IBE.MC en C:\Users\ronal\Documentos\proyectos_github\etl_precio_acciones_airflow\data\raw\IBE_MC_historical.csv
2025-04-25 16:24:46,464 - src.etl.extraction.historical_extraction - INFO - Esperando 15 segundos antes del siguiente lote...
2025-04-25 16:25:01,465 - src.etl.extraction.historical_extraction - INFO - Procesando lote 1: ['BBVA.MC', 'IBE.MC', 'ITX.MC']
2025-04-25 16:25:01,467 - src.utils.stock_utils - INFO - Descargando datos para BBVA.MC con período 5y e intervalo 1d
2025-04-25 16:25:01,467 - src.utils.stock_utils - INFO - Descargando datos para IBE.MC con período 5y e intervalo 1d
2025-04-25 16:25:02,522 - src.utils.stock_utils - INFO - Descargados 1281 registros para IBE.MC
2025-04-25 16:25:02,523 - src.utils.stock_utils - INFO - Guardando datos de IBE.MC en C:\Users\ronal\Documentos\proyectos_github\etl_precio_acciones_airflow\data\raw\IBE_MC_historical.csv
2025-04-25 16:25:02,566 - src.utils.stock_utils - INFO - Descargando datos para ITX.MC con período 5y e intervalo 1d
2025-04-25 16:25:03,441 - src.utils.stock_utils - INFO - Descargados 1281 registros para BBVA.MC
2025-04-25 16:25:03,444 - src.utils.stock_utils - INFO - Guardando datos de BBVA.MC en C:\Users\ronal\Documentos\proyectos_github\etl_precio_acciones_airflow\data\raw\BBVA_MC_historical.csv
2025-04-25 16:25:04,051 - src.utils.stock_utils - INFO - Descargados 1281 registros para ITX.MC
2025-04-25 16:25:04,051 - src.utils.stock_utils - INFO - Guardando datos de ITX.MC en C:\Users\ronal\Documentos\proyectos_github\etl_precio_acciones_airflow\data\raw\ITX_MC_historical.csv
2025-04-25 16:25:04,087 - src.etl.extraction.historical_extraction - INFO - Esperando 15 segundos antes del siguiente lote...
2025-04-25 16:25:19,089 - src.etl.extraction.historical_extraction - INFO - Procesando lote 1: ['IBE.MC', 'ITX.MC', 'TEF.MC']
2025-04-25 16:25:19,090 - src.utils.stock_utils - INFO - Descargando datos para IBE.MC con período 5y e intervalo 1d
2025-04-25 16:25:19,090 - src.utils.stock_utils - INFO - Descargando datos para ITX.MC con período 5y e intervalo 1d
2025-04-25 16:25:20,371 - src.utils.stock_utils - INFO - Descargados 1281 registros para ITX.MC
2025-04-25 16:25:20,374 - src.utils.stock_utils - INFO - Descargados 1281 registros para IBE.MC
2025-04-25 16:25:20,375 - src.utils.stock_utils - INFO - Guardando datos de ITX.MC en C:\Users\ronal\Documentos\proyectos_github\etl_precio_acciones_airflow\data\raw\ITX_MC_historical.csv
2025-04-25 16:25:20,375 - src.utils.stock_utils - INFO - Guardando datos de IBE.MC en C:\Users\ronal\Documentos\proyectos_github\etl_precio_acciones_airflow\data\raw\IBE_MC_historical.csv
2025-04-25 16:25:20,471 - src.utils.stock_utils - INFO - Descargando datos para TEF.MC con período 5y e intervalo 1d
2025-04-25 16:25:21,912 - src.utils.stock_utils - INFO - Descargados 1281 registros para TEF.MC
2025-04-25 16:25:21,913 - src.utils.stock_utils - INFO - Guardando datos de TEF.MC en C:\Users\ronal\Documentos\proyectos_github\etl_precio_acciones_airflow\data\raw\TEF_MC_historical.csv
2025-04-25 16:25:21,953 - src.etl.extraction.historical_extraction - INFO - Esperando 15 segundos antes del siguiente lote...
2025-04-25 16:25:36,954 - src.etl.extraction.historical_extraction - INFO - Procesamiento completado: 9/9 símbolos extraídos correctamente
2025-04-25 16:25:36,957 - src.etl.extraction.historical_extraction - INFO - Informe de extracción guardado en C:\Users\ronal\Documentos\proyectos_github\etl_precio_acciones_airflow\data\reports\extraction_report_20250425_162536.csv
2025-04-25 16:25:36,959 - __main__ - INFO - Extracción completada: 9/9 símbolos procesados correctamente
2025-04-25 16:25:36,959 - __main__ - INFO - Informe guardado en: C:\Users\ronal\Documentos\proyectos_github\etl_precio_acciones_airflow\data\reports\extraction_report_20250425_162536.csv
2025-04-25 16:25:36,959 - __main__ - INFO - Iniciando fase de PROCESAMIENTO
2025-04-25 16:25:36,960 - src.etl.processing.data_processor - INFO - Inicializado procesador de datos con directorio raw: C:\Users\ronal\Documentos\proyectos_github\etl_precio_acciones_airflow\data\raw
2025-04-25 16:25:36,960 - src.etl.processing.data_processor - INFO - Encontrados 5 archivos para procesar
2025-04-25 16:25:36,967 - src.etl.processing.data_processor - INFO - Cargados 1281 registros para BBVA desde C:\Users\ronal\Documentos\proyectos_github\etl_precio_acciones_airflow\data\raw\BBVA_MC_historical.csv
2025-04-25 16:25:36,968 - src.etl.processing.data_processor - WARNING - Columna Date no encontrada para BBVA, creando columna vacía
2025-04-25 16:25:36,976 - src.etl.processing.data_processor - INFO - Datos procesados para BBVA: 1281 registros
2025-04-25 16:25:37,004 - src.etl.processing.data_processor - INFO - Datos procesados guardados en C:\Users\ronal\Documentos\proyectos_github\etl_precio_acciones_airflow\data\processed\BBVA_processed.csv
2025-04-25 16:25:37,011 - src.etl.processing.data_processor - INFO - Cargados 1281 registros para IBE desde C:\Users\ronal\Documentos\proyectos_github\etl_precio_acciones_airflow\data\raw\IBE_MC_historical.csv
2025-04-25 16:25:37,011 - src.etl.processing.data_processor - WARNING - Columna Date no encontrada para IBE, creando columna vacía
2025-04-25 16:25:37,017 - src.etl.processing.data_processor - INFO - Datos procesados para IBE: 1281 registros
2025-04-25 16:25:37,050 - src.etl.processing.data_processor - INFO - Datos procesados guardados en C:\Users\ronal\Documentos\proyectos_github\etl_precio_acciones_airflow\data\processed\IBE_processed.csv
2025-04-25 16:25:37,058 - src.etl.processing.data_processor - INFO - Cargados 1281 registros para ITX desde C:\Users\ronal\Documentos\proyectos_github\etl_precio_acciones_airflow\data\raw\ITX_MC_historical.csv
2025-04-25 16:25:37,059 - src.etl.processing.data_processor - WARNING - Columna Date no encontrada para ITX, creando columna vacía
2025-04-25 16:25:37,070 - src.etl.processing.data_processor - INFO - Datos procesados para ITX: 1281 registros
2025-04-25 16:25:37,096 - src.etl.processing.data_processor - INFO - Datos procesados guardados en C:\Users\ronal\Documentos\proyectos_github\etl_precio_acciones_airflow\data\processed\ITX_processed.csv
2025-04-25 16:25:37,101 - src.etl.processing.data_processor - INFO - Cargados 1281 registros para SAN desde C:\Users\ronal\Documentos\proyectos_github\etl_precio_acciones_airflow\data\raw\SAN_MC_historical.csv
2025-04-25 16:25:37,102 - src.etl.processing.data_processor - WARNING - Columna Date no encontrada para SAN, creando columna vacía
2025-04-25 16:25:37,106 - src.etl.processing.data_processor - INFO - Datos procesados para SAN: 1281 registros
2025-04-25 16:25:37,135 - src.etl.processing.data_processor - INFO - Datos procesados guardados en C:\Users\ronal\Documentos\proyectos_github\etl_precio_acciones_airflow\data\processed\SAN_processed.csv
2025-04-25 16:25:37,144 - src.etl.processing.data_processor - INFO - Cargados 1281 registros para TEF desde C:\Users\ronal\Documentos\proyectos_github\etl_precio_acciones_airflow\data\raw\TEF_MC_historical.csv
2025-04-25 16:25:37,145 - src.etl.processing.data_processor - WARNING - Columna Date no encontrada para TEF, creando columna vacía
2025-04-25 16:25:37,153 - src.etl.processing.data_processor - INFO - Datos procesados para TEF: 1281 registros
2025-04-25 16:25:37,188 - src.etl.processing.data_processor - INFO - Datos procesados guardados en C:\Users\ronal\Documentos\proyectos_github\etl_precio_acciones_airflow\data\processed\TEF_processed.csv
2025-04-25 16:25:37,189 - src.etl.processing.data_processor - INFO - Procesamiento completado: 5/5 archivos procesados correctamente
2025-04-25 16:25:37,190 - __main__ - INFO - Procesamiento completado: 5/5 archivos procesados
2025-04-25 16:25:37,190 - __main__ - INFO - Iniciando fase de CARGA EN BASE DE DATOS
2025-04-25 16:25:37,191 - src.etl.loading.db_loader - INFO - Inicializado cargador de base de datos: C:\Users\ronal\Documentos\proyectos_github\etl_precio_acciones_airflow\data\database\stocks.db
2025-04-25 16:25:37,191 - src.etl.loading.db_loader - INFO - Encontrados 5 archivos procesados para cargar
2025-04-25 16:25:37,192 - src.etl.loading.db_loader - INFO - Base de datos inicializada correctamente
2025-04-25 16:25:37,267 - src.etl.loading.db_loader - ERROR - Error al cargar datos para BBVA en la base de datos: NOT NULL constraint failed: stocks.ticker
2025-04-25 16:25:37,323 - src.etl.loading.db_loader - ERROR - Error al cargar datos para IBE en la base de datos: NOT NULL constraint failed: stocks.ticker
2025-04-25 16:25:37,369 - src.etl.loading.db_loader - ERROR - Error al cargar datos para ITX en la base de datos: NOT NULL constraint failed: stocks.ticker
2025-04-25 16:25:37,412 - src.etl.loading.db_loader - ERROR - Error al cargar datos para SAN en la base de datos: NOT NULL constraint failed: stocks.ticker
2025-04-25 16:25:37,495 - src.etl.loading.db_loader - ERROR - Error al cargar datos para TEF en la base de datos: NOT NULL constraint failed: stocks.ticker
2025-04-25 16:25:37,499 - src.etl.loading.db_loader - INFO - Carga en base de datos completada: 0/5 archivos cargados correctamente
2025-04-25 16:25:37,499 - __main__ - INFO - Carga en base de datos completada: 0/5 archivos cargados
2025-04-25 16:25:37,499 - __main__ - INFO - ETL completo finalizado con éxito
