2025-04-25 15:09:44,709 - __main__ - INFO - Iniciando ETL completo (20250425_150944)
2025-04-25 15:09:44,710 - __main__ - INFO - Iniciando fase de EXTRACCIÓN
2025-04-25 15:09:44,710 - __main__ - INFO - Procesando 10 símbolos: ['SAN.MC', 'BBVA.MC', 'IBE.MC', 'ITX.MC', 'TEF.MC', 'REP.MC', 'CABK.MC', 'NTGY.MC', 'FER.MC', 'AMS.MC']
2025-04-25 15:09:44,711 - src.etl.extraction.historical_extraction - INFO - Inicializado extractor para 10 símbolos, max_workers=2, period=5y
2025-04-25 15:09:44,711 - src.etl.extraction.historical_extraction - INFO - Procesando 10 símbolos en lotes de 3
2025-04-25 15:09:44,712 - src.etl.extraction.historical_extraction - INFO - Procesando lote 1: ['SAN.MC', 'BBVA.MC', 'IBE.MC']
2025-04-25 15:09:44,712 - src.utils.stock_utils - INFO - Descargando datos para SAN.MC con período 5y e intervalo 1d
2025-04-25 15:09:44,714 - src.utils.stock_utils - INFO - Descargando datos para BBVA.MC con período 5y e intervalo 1d
2025-04-25 15:09:46,977 - src.utils.stock_utils - INFO - Descargados 1281 registros para BBVA.MC
2025-04-25 15:09:46,980 - src.utils.stock_utils - INFO - Descargados 1281 registros para SAN.MC
2025-04-25 15:09:46,981 - src.utils.stock_utils - INFO - Guardando datos de BBVA.MC en C:\Users\ronal\Documentos\proyectos_github\etl_precio_acciones_airflow\data\raw\BBVA_MC_historical.csv
2025-04-25 15:09:46,981 - src.utils.stock_utils - INFO - Guardando datos de SAN.MC en C:\Users\ronal\Documentos\proyectos_github\etl_precio_acciones_airflow\data\raw\SAN_MC_historical.csv
2025-04-25 15:09:47,094 - src.utils.stock_utils - INFO - Descargando datos para IBE.MC con período 5y e intervalo 1d
2025-04-25 15:09:48,540 - src.utils.stock_utils - INFO - Descargados 1281 registros para IBE.MC
2025-04-25 15:09:48,540 - src.utils.stock_utils - INFO - Guardando datos de IBE.MC en C:\Users\ronal\Documentos\proyectos_github\etl_precio_acciones_airflow\data\raw\IBE_MC_historical.csv
2025-04-25 15:09:48,590 - src.etl.extraction.historical_extraction - INFO - Esperando 15 segundos antes del siguiente lote...
2025-04-25 15:10:03,591 - src.etl.extraction.historical_extraction - INFO - Procesando lote 2: ['ITX.MC', 'TEF.MC', 'REP.MC']
2025-04-25 15:10:03,592 - src.utils.stock_utils - INFO - Descargando datos para ITX.MC con período 5y e intervalo 1d
2025-04-25 15:10:03,593 - src.utils.stock_utils - INFO - Descargando datos para TEF.MC con período 5y e intervalo 1d
2025-04-25 15:10:04,537 - src.utils.stock_utils - INFO - Descargados 1281 registros para TEF.MC
2025-04-25 15:10:04,538 - src.utils.stock_utils - INFO - Guardando datos de TEF.MC en C:\Users\ronal\Documentos\proyectos_github\etl_precio_acciones_airflow\data\raw\TEF_MC_historical.csv
2025-04-25 15:10:04,577 - src.utils.stock_utils - INFO - Descargando datos para REP.MC con período 5y e intervalo 1d
2025-04-25 15:10:05,042 - src.utils.stock_utils - INFO - Descargados 1281 registros para ITX.MC
2025-04-25 15:10:05,043 - src.utils.stock_utils - INFO - Guardando datos de ITX.MC en C:\Users\ronal\Documentos\proyectos_github\etl_precio_acciones_airflow\data\raw\ITX_MC_historical.csv
2025-04-25 15:10:05,618 - src.utils.stock_utils - INFO - Descargados 1281 registros para REP.MC
2025-04-25 15:10:05,619 - src.utils.stock_utils - INFO - Guardando datos de REP.MC en C:\Users\ronal\Documentos\proyectos_github\etl_precio_acciones_airflow\data\raw\REP_MC_historical.csv
2025-04-25 15:10:05,660 - src.etl.extraction.historical_extraction - INFO - Esperando 15 segundos antes del siguiente lote...
2025-04-25 15:10:20,661 - src.etl.extraction.historical_extraction - INFO - Procesando lote 3: ['CABK.MC', 'NTGY.MC', 'FER.MC']
2025-04-25 15:10:20,663 - src.utils.stock_utils - INFO - Descargando datos para CABK.MC con período 5y e intervalo 1d
2025-04-25 15:10:20,664 - src.utils.stock_utils - INFO - Descargando datos para NTGY.MC con período 5y e intervalo 1d
2025-04-25 15:10:22,626 - src.utils.stock_utils - INFO - Descargados 1281 registros para NTGY.MC
2025-04-25 15:10:22,628 - src.utils.stock_utils - INFO - Guardando datos de NTGY.MC en C:\Users\ronal\Documentos\proyectos_github\etl_precio_acciones_airflow\data\raw\NTGY_MC_historical.csv
2025-04-25 15:10:22,751 - src.utils.stock_utils - INFO - Descargando datos para FER.MC con período 5y e intervalo 1d
2025-04-25 15:10:22,868 - src.utils.stock_utils - INFO - Descargados 1281 registros para CABK.MC
2025-04-25 15:10:22,869 - src.utils.stock_utils - INFO - Guardando datos de CABK.MC en C:\Users\ronal\Documentos\proyectos_github\etl_precio_acciones_airflow\data\raw\CABK_MC_historical.csv
2025-04-25 15:10:23,556 - src.utils.stock_utils - INFO - Descargados 1281 registros para FER.MC
2025-04-25 15:10:23,556 - src.utils.stock_utils - INFO - Guardando datos de FER.MC en C:\Users\ronal\Documentos\proyectos_github\etl_precio_acciones_airflow\data\raw\FER_MC_historical.csv
2025-04-25 15:10:23,644 - src.etl.extraction.historical_extraction - INFO - Esperando 15 segundos antes del siguiente lote...
2025-04-25 15:10:38,646 - src.etl.extraction.historical_extraction - INFO - Procesando lote 4: ['AMS.MC']
2025-04-25 15:10:38,647 - src.utils.stock_utils - INFO - Descargando datos para AMS.MC con período 5y e intervalo 1d
2025-04-25 15:10:39,527 - src.utils.stock_utils - INFO - Descargados 1281 registros para AMS.MC
2025-04-25 15:10:39,527 - src.utils.stock_utils - INFO - Guardando datos de AMS.MC en C:\Users\ronal\Documentos\proyectos_github\etl_precio_acciones_airflow\data\raw\AMS_MC_historical.csv
2025-04-25 15:10:39,572 - src.etl.extraction.historical_extraction - INFO - Procesamiento completado: 10/10 símbolos extraídos correctamente
2025-04-25 15:10:39,574 - src.etl.extraction.historical_extraction - INFO - Informe de extracción guardado en C:\Users\ronal\Documentos\proyectos_github\etl_precio_acciones_airflow\data\reports\extraction_report_20250425_151039.csv
2025-04-25 15:10:39,575 - __main__ - INFO - Extracción completada: 10/10 símbolos procesados correctamente
2025-04-25 15:10:39,575 - __main__ - INFO - Informe guardado en: C:\Users\ronal\Documentos\proyectos_github\etl_precio_acciones_airflow\data\reports\extraction_report_20250425_151039.csv
2025-04-25 15:10:39,575 - __main__ - INFO - Iniciando fase de PROCESAMIENTO
2025-04-25 15:10:39,576 - src.etl.processing.data_processor - INFO - Inicializado procesador de datos con directorio raw: C:\Users\ronal\Documentos\proyectos_github\etl_precio_acciones_airflow\data\raw
2025-04-25 15:10:39,577 - src.etl.processing.data_processor - INFO - Encontrados 10 archivos para procesar
2025-04-25 15:10:39,583 - src.etl.processing.data_processor - INFO - Cargados 1280 registros para AMS.MC desde C:\Users\ronal\Documentos\proyectos_github\etl_precio_acciones_airflow\data\raw\AMS_MC_historical.csv
2025-04-25 15:10:39,584 - src.etl.processing.data_processor - WARNING - Columna Price no encontrada para AMS.MC, creando columna vacía
2025-04-25 15:10:39,585 - src.etl.processing.data_processor - WARNING - Columna Close no encontrada para AMS.MC, creando columna vacía
2025-04-25 15:10:39,586 - src.etl.processing.data_processor - WARNING - Columna High no encontrada para AMS.MC, creando columna vacía
2025-04-25 15:10:39,587 - src.etl.processing.data_processor - WARNING - Columna Low no encontrada para AMS.MC, creando columna vacía
2025-04-25 15:10:39,588 - src.etl.processing.data_processor - WARNING - Columna Open no encontrada para AMS.MC, creando columna vacía
2025-04-25 15:10:39,588 - src.etl.processing.data_processor - WARNING - Columna Volume no encontrada para AMS.MC, creando columna vacía
2025-04-25 15:10:39,593 - src.etl.processing.data_processor - INFO - Datos procesados para AMS.MC: 1280 registros
2025-04-25 15:10:39,616 - src.etl.processing.data_processor - INFO - Datos procesados guardados en C:\Users\ronal\Documentos\proyectos_github\etl_precio_acciones_airflow\data\processed\AMS_MC_processed.csv
2025-04-25 15:10:39,623 - src.etl.processing.data_processor - INFO - Cargados 1280 registros para BBVA.MC desde C:\Users\ronal\Documentos\proyectos_github\etl_precio_acciones_airflow\data\raw\BBVA_MC_historical.csv
2025-04-25 15:10:39,623 - src.etl.processing.data_processor - WARNING - Columna Price no encontrada para BBVA.MC, creando columna vacía
2025-04-25 15:10:39,624 - src.etl.processing.data_processor - WARNING - Columna Close no encontrada para BBVA.MC, creando columna vacía
2025-04-25 15:10:39,625 - src.etl.processing.data_processor - WARNING - Columna High no encontrada para BBVA.MC, creando columna vacía
2025-04-25 15:10:39,626 - src.etl.processing.data_processor - WARNING - Columna Low no encontrada para BBVA.MC, creando columna vacía
2025-04-25 15:10:39,627 - src.etl.processing.data_processor - WARNING - Columna Open no encontrada para BBVA.MC, creando columna vacía
2025-04-25 15:10:39,628 - src.etl.processing.data_processor - WARNING - Columna Volume no encontrada para BBVA.MC, creando columna vacía
2025-04-25 15:10:39,634 - src.etl.processing.data_processor - INFO - Datos procesados para BBVA.MC: 1280 registros
2025-04-25 15:10:39,652 - src.etl.processing.data_processor - INFO - Datos procesados guardados en C:\Users\ronal\Documentos\proyectos_github\etl_precio_acciones_airflow\data\processed\BBVA_MC_processed.csv
2025-04-25 15:10:39,659 - src.etl.processing.data_processor - INFO - Cargados 1280 registros para CABK.MC desde C:\Users\ronal\Documentos\proyectos_github\etl_precio_acciones_airflow\data\raw\CABK_MC_historical.csv
2025-04-25 15:10:39,660 - src.etl.processing.data_processor - WARNING - Columna Price no encontrada para CABK.MC, creando columna vacía
2025-04-25 15:10:39,661 - src.etl.processing.data_processor - WARNING - Columna Close no encontrada para CABK.MC, creando columna vacía
2025-04-25 15:10:39,661 - src.etl.processing.data_processor - WARNING - Columna High no encontrada para CABK.MC, creando columna vacía
2025-04-25 15:10:39,663 - src.etl.processing.data_processor - WARNING - Columna Low no encontrada para CABK.MC, creando columna vacía
2025-04-25 15:10:39,663 - src.etl.processing.data_processor - WARNING - Columna Open no encontrada para CABK.MC, creando columna vacía
2025-04-25 15:10:39,664 - src.etl.processing.data_processor - WARNING - Columna Volume no encontrada para CABK.MC, creando columna vacía
2025-04-25 15:10:39,671 - src.etl.processing.data_processor - INFO - Datos procesados para CABK.MC: 1280 registros
2025-04-25 15:10:39,695 - src.etl.processing.data_processor - INFO - Datos procesados guardados en C:\Users\ronal\Documentos\proyectos_github\etl_precio_acciones_airflow\data\processed\CABK_MC_processed.csv
2025-04-25 15:10:39,702 - src.etl.processing.data_processor - INFO - Cargados 1280 registros para FER.MC desde C:\Users\ronal\Documentos\proyectos_github\etl_precio_acciones_airflow\data\raw\FER_MC_historical.csv
2025-04-25 15:10:39,702 - src.etl.processing.data_processor - WARNING - Columna Price no encontrada para FER.MC, creando columna vacía
2025-04-25 15:10:39,705 - src.etl.processing.data_processor - WARNING - Columna Close no encontrada para FER.MC, creando columna vacía
2025-04-25 15:10:39,705 - src.etl.processing.data_processor - WARNING - Columna High no encontrada para FER.MC, creando columna vacía
2025-04-25 15:10:39,708 - src.etl.processing.data_processor - WARNING - Columna Low no encontrada para FER.MC, creando columna vacía
2025-04-25 15:10:39,710 - src.etl.processing.data_processor - WARNING - Columna Open no encontrada para FER.MC, creando columna vacía
2025-04-25 15:10:39,711 - src.etl.processing.data_processor - WARNING - Columna Volume no encontrada para FER.MC, creando columna vacía
2025-04-25 15:10:39,718 - src.etl.processing.data_processor - INFO - Datos procesados para FER.MC: 1280 registros
2025-04-25 15:10:39,738 - src.etl.processing.data_processor - INFO - Datos procesados guardados en C:\Users\ronal\Documentos\proyectos_github\etl_precio_acciones_airflow\data\processed\FER_MC_processed.csv
2025-04-25 15:10:39,744 - src.etl.processing.data_processor - INFO - Cargados 1280 registros para IBE.MC desde C:\Users\ronal\Documentos\proyectos_github\etl_precio_acciones_airflow\data\raw\IBE_MC_historical.csv
2025-04-25 15:10:39,744 - src.etl.processing.data_processor - WARNING - Columna Price no encontrada para IBE.MC, creando columna vacía
2025-04-25 15:10:39,746 - src.etl.processing.data_processor - WARNING - Columna Close no encontrada para IBE.MC, creando columna vacía
2025-04-25 15:10:39,747 - src.etl.processing.data_processor - WARNING - Columna High no encontrada para IBE.MC, creando columna vacía
2025-04-25 15:10:39,748 - src.etl.processing.data_processor - WARNING - Columna Low no encontrada para IBE.MC, creando columna vacía
2025-04-25 15:10:39,749 - src.etl.processing.data_processor - WARNING - Columna Open no encontrada para IBE.MC, creando columna vacía
2025-04-25 15:10:39,750 - src.etl.processing.data_processor - WARNING - Columna Volume no encontrada para IBE.MC, creando columna vacía
2025-04-25 15:10:39,758 - src.etl.processing.data_processor - INFO - Datos procesados para IBE.MC: 1280 registros
2025-04-25 15:10:39,779 - src.etl.processing.data_processor - INFO - Datos procesados guardados en C:\Users\ronal\Documentos\proyectos_github\etl_precio_acciones_airflow\data\processed\IBE_MC_processed.csv
2025-04-25 15:10:39,782 - src.etl.processing.data_processor - INFO - Cargados 1280 registros para ITX.MC desde C:\Users\ronal\Documentos\proyectos_github\etl_precio_acciones_airflow\data\raw\ITX_MC_historical.csv
2025-04-25 15:10:39,783 - src.etl.processing.data_processor - WARNING - Columna Price no encontrada para ITX.MC, creando columna vacía
2025-04-25 15:10:39,784 - src.etl.processing.data_processor - WARNING - Columna Close no encontrada para ITX.MC, creando columna vacía
2025-04-25 15:10:39,784 - src.etl.processing.data_processor - WARNING - Columna High no encontrada para ITX.MC, creando columna vacía
2025-04-25 15:10:39,786 - src.etl.processing.data_processor - WARNING - Columna Low no encontrada para ITX.MC, creando columna vacía
2025-04-25 15:10:39,786 - src.etl.processing.data_processor - WARNING - Columna Open no encontrada para ITX.MC, creando columna vacía
2025-04-25 15:10:39,788 - src.etl.processing.data_processor - WARNING - Columna Volume no encontrada para ITX.MC, creando columna vacía
2025-04-25 15:10:39,793 - src.etl.processing.data_processor - INFO - Datos procesados para ITX.MC: 1280 registros
2025-04-25 15:10:39,822 - src.etl.processing.data_processor - INFO - Datos procesados guardados en C:\Users\ronal\Documentos\proyectos_github\etl_precio_acciones_airflow\data\processed\ITX_MC_processed.csv
2025-04-25 15:10:39,826 - src.etl.processing.data_processor - INFO - Cargados 1280 registros para NTGY.MC desde C:\Users\ronal\Documentos\proyectos_github\etl_precio_acciones_airflow\data\raw\NTGY_MC_historical.csv
2025-04-25 15:10:39,828 - src.etl.processing.data_processor - WARNING - Columna Price no encontrada para NTGY.MC, creando columna vacía
2025-04-25 15:10:39,828 - src.etl.processing.data_processor - WARNING - Columna Close no encontrada para NTGY.MC, creando columna vacía
2025-04-25 15:10:39,829 - src.etl.processing.data_processor - WARNING - Columna High no encontrada para NTGY.MC, creando columna vacía
2025-04-25 15:10:39,830 - src.etl.processing.data_processor - WARNING - Columna Low no encontrada para NTGY.MC, creando columna vacía
2025-04-25 15:10:39,831 - src.etl.processing.data_processor - WARNING - Columna Open no encontrada para NTGY.MC, creando columna vacía
2025-04-25 15:10:39,832 - src.etl.processing.data_processor - WARNING - Columna Volume no encontrada para NTGY.MC, creando columna vacía
2025-04-25 15:10:39,840 - src.etl.processing.data_processor - INFO - Datos procesados para NTGY.MC: 1280 registros
2025-04-25 15:10:39,872 - src.etl.processing.data_processor - INFO - Datos procesados guardados en C:\Users\ronal\Documentos\proyectos_github\etl_precio_acciones_airflow\data\processed\NTGY_MC_processed.csv
2025-04-25 15:10:39,878 - src.etl.processing.data_processor - INFO - Cargados 1280 registros para REP.MC desde C:\Users\ronal\Documentos\proyectos_github\etl_precio_acciones_airflow\data\raw\REP_MC_historical.csv
2025-04-25 15:10:39,878 - src.etl.processing.data_processor - WARNING - Columna Price no encontrada para REP.MC, creando columna vacía
2025-04-25 15:10:39,880 - src.etl.processing.data_processor - WARNING - Columna Close no encontrada para REP.MC, creando columna vacía
2025-04-25 15:10:39,882 - src.etl.processing.data_processor - WARNING - Columna High no encontrada para REP.MC, creando columna vacía
2025-04-25 15:10:39,883 - src.etl.processing.data_processor - WARNING - Columna Low no encontrada para REP.MC, creando columna vacía
2025-04-25 15:10:39,884 - src.etl.processing.data_processor - WARNING - Columna Open no encontrada para REP.MC, creando columna vacía
2025-04-25 15:10:39,884 - src.etl.processing.data_processor - WARNING - Columna Volume no encontrada para REP.MC, creando columna vacía
2025-04-25 15:10:39,896 - src.etl.processing.data_processor - INFO - Datos procesados para REP.MC: 1280 registros
2025-04-25 15:10:39,925 - src.etl.processing.data_processor - INFO - Datos procesados guardados en C:\Users\ronal\Documentos\proyectos_github\etl_precio_acciones_airflow\data\processed\REP_MC_processed.csv
2025-04-25 15:10:39,929 - src.etl.processing.data_processor - INFO - Cargados 1280 registros para SAN.MC desde C:\Users\ronal\Documentos\proyectos_github\etl_precio_acciones_airflow\data\raw\SAN_MC_historical.csv
2025-04-25 15:10:39,931 - src.etl.processing.data_processor - WARNING - Columna Price no encontrada para SAN.MC, creando columna vacía
2025-04-25 15:10:39,933 - src.etl.processing.data_processor - WARNING - Columna Close no encontrada para SAN.MC, creando columna vacía
2025-04-25 15:10:39,934 - src.etl.processing.data_processor - WARNING - Columna High no encontrada para SAN.MC, creando columna vacía
2025-04-25 15:10:39,935 - src.etl.processing.data_processor - WARNING - Columna Low no encontrada para SAN.MC, creando columna vacía
2025-04-25 15:10:39,938 - src.etl.processing.data_processor - WARNING - Columna Open no encontrada para SAN.MC, creando columna vacía
2025-04-25 15:10:39,939 - src.etl.processing.data_processor - WARNING - Columna Volume no encontrada para SAN.MC, creando columna vacía
2025-04-25 15:10:39,950 - src.etl.processing.data_processor - INFO - Datos procesados para SAN.MC: 1280 registros
2025-04-25 15:10:39,979 - src.etl.processing.data_processor - INFO - Datos procesados guardados en C:\Users\ronal\Documentos\proyectos_github\etl_precio_acciones_airflow\data\processed\SAN_MC_processed.csv
2025-04-25 15:10:39,985 - src.etl.processing.data_processor - INFO - Cargados 1280 registros para TEF.MC desde C:\Users\ronal\Documentos\proyectos_github\etl_precio_acciones_airflow\data\raw\TEF_MC_historical.csv
2025-04-25 15:10:39,985 - src.etl.processing.data_processor - WARNING - Columna Price no encontrada para TEF.MC, creando columna vacía
2025-04-25 15:10:39,986 - src.etl.processing.data_processor - WARNING - Columna Close no encontrada para TEF.MC, creando columna vacía
2025-04-25 15:10:39,987 - src.etl.processing.data_processor - WARNING - Columna High no encontrada para TEF.MC, creando columna vacía
2025-04-25 15:10:39,989 - src.etl.processing.data_processor - WARNING - Columna Low no encontrada para TEF.MC, creando columna vacía
2025-04-25 15:10:39,989 - src.etl.processing.data_processor - WARNING - Columna Open no encontrada para TEF.MC, creando columna vacía
2025-04-25 15:10:39,990 - src.etl.processing.data_processor - WARNING - Columna Volume no encontrada para TEF.MC, creando columna vacía
2025-04-25 15:10:39,997 - src.etl.processing.data_processor - INFO - Datos procesados para TEF.MC: 1280 registros
2025-04-25 15:10:40,029 - src.etl.processing.data_processor - INFO - Datos procesados guardados en C:\Users\ronal\Documentos\proyectos_github\etl_precio_acciones_airflow\data\processed\TEF_MC_processed.csv
2025-04-25 15:10:40,053 - src.etl.processing.data_processor - INFO - Procesamiento completado: 10/10 archivos procesados correctamente
2025-04-25 15:10:40,054 - __main__ - INFO - Procesamiento completado: 10/10 archivos procesados
2025-04-25 15:10:40,054 - __main__ - INFO - Iniciando fase de CARGA EN BASE DE DATOS
2025-04-25 15:10:40,055 - src.etl.loading.db_loader - INFO - Inicializado cargador de base de datos: C:\Users\ronal\Documentos\proyectos_github\etl_precio_acciones_airflow\data\database\stocks.db
2025-04-25 15:10:40,057 - src.etl.loading.db_loader - INFO - Encontrados 10 archivos procesados para cargar
2025-04-25 15:10:40,059 - src.etl.loading.db_loader - INFO - Base de datos inicializada correctamente
2025-04-25 15:10:40,104 - src.etl.loading.db_loader - ERROR - Error al cargar datos para AMS en la base de datos: NOT NULL constraint failed: stocks.ticker
2025-04-25 15:10:40,148 - src.etl.loading.db_loader - ERROR - Error al cargar datos para BBVA en la base de datos: NOT NULL constraint failed: stocks.ticker
2025-04-25 15:10:40,179 - src.etl.loading.db_loader - ERROR - Error al cargar datos para CABK en la base de datos: NOT NULL constraint failed: stocks.ticker
2025-04-25 15:10:40,207 - src.etl.loading.db_loader - ERROR - Error al cargar datos para FER en la base de datos: NOT NULL constraint failed: stocks.ticker
2025-04-25 15:10:40,250 - src.etl.loading.db_loader - ERROR - Error al cargar datos para IBE en la base de datos: NOT NULL constraint failed: stocks.ticker
2025-04-25 15:10:40,283 - src.etl.loading.db_loader - ERROR - Error al cargar datos para ITX en la base de datos: NOT NULL constraint failed: stocks.ticker
2025-04-25 15:10:40,321 - src.etl.loading.db_loader - ERROR - Error al cargar datos para NTGY en la base de datos: NOT NULL constraint failed: stocks.ticker
2025-04-25 15:10:40,359 - src.etl.loading.db_loader - ERROR - Error al cargar datos para REP en la base de datos: NOT NULL constraint failed: stocks.ticker
2025-04-25 15:10:40,396 - src.etl.loading.db_loader - ERROR - Error al cargar datos para SAN en la base de datos: NOT NULL constraint failed: stocks.ticker
2025-04-25 15:10:40,446 - src.etl.loading.db_loader - ERROR - Error al cargar datos para TEF en la base de datos: NOT NULL constraint failed: stocks.ticker
2025-04-25 15:10:40,447 - src.etl.loading.db_loader - INFO - Carga en base de datos completada: 0/10 archivos cargados correctamente
2025-04-25 15:10:40,447 - __main__ - INFO - Carga en base de datos completada: 0/10 archivos cargados
2025-04-25 15:10:40,448 - __main__ - INFO - ETL completo finalizado con éxito
