2025-04-25 19:36:41,759 - __main__ - INFO - Iniciando ETL completo (20250425_193641)
2025-04-25 19:36:41,760 - __main__ - INFO - Iniciando fase de EXTRACCIÓN
2025-04-25 19:36:41,760 - __main__ - INFO - Procesando 10 símbolos: ['SAN.MC', 'BBVA.MC', 'IBE.MC', 'ITX.MC', 'TEF.MC', 'REP.MC', 'CABK.MC', 'NTGY.MC', 'FER.MC', 'AMS.MC']
2025-04-25 19:36:41,761 - src.etl.extraction.historical_extraction - INFO - Inicializado extractor para 10 tickers, max_workers=3, period=1y
2025-04-25 19:36:41,762 - src.etl.extraction.historical_extraction - INFO - Procesando 10 en lotes de 5
2025-04-25 19:36:41,819 - src.etl.extraction.historical_extraction - INFO - Procesando lote 1: ['SAN.MC', 'BBVA.MC', 'IBE.MC', 'ITX.MC', 'TEF.MC']
2025-04-25 19:36:41,820 - src.utils.stock_utils - INFO - Descargando datos para SAN.MC con período 1y e intervalo 1d
2025-04-25 19:36:41,822 - src.utils.stock_utils - INFO - Descargando datos para BBVA.MC con período 1y e intervalo 1d
2025-04-25 19:36:41,822 - src.utils.stock_utils - INFO - Descargando datos para IBE.MC con período 1y e intervalo 1d
2025-04-25 19:36:43,609 - src.utils.stock_utils - INFO - Descargados 256 registros para IBE.MC
2025-04-25 19:36:43,615 - src.utils.stock_utils - INFO - Descargados 256 registros para BBVA.MC
2025-04-25 19:36:43,616 - src.utils.stock_utils - INFO - Descargados 256 registros para SAN.MC
2025-04-25 19:36:43,618 - src.utils.stock_utils - INFO - Guardando datos de IBE.MC en C:\Users\ronal\Documentos\proyectos_github\etl_precio_acciones_airflow\data\raw\IBE_MC_historical.csv
2025-04-25 19:36:43,621 - src.utils.stock_utils - INFO - Guardando datos de BBVA.MC en C:\Users\ronal\Documentos\proyectos_github\etl_precio_acciones_airflow\data\raw\BBVA_MC_historical.csv
2025-04-25 19:36:43,644 - src.utils.stock_utils - INFO - Guardando datos de SAN.MC en C:\Users\ronal\Documentos\proyectos_github\etl_precio_acciones_airflow\data\raw\SAN_MC_historical.csv
2025-04-25 19:36:43,749 - src.utils.stock_utils - INFO - Descargando datos para ITX.MC con período 1y e intervalo 1d
2025-04-25 19:36:43,754 - src.utils.stock_utils - INFO - Descargando datos para TEF.MC con período 1y e intervalo 1d
2025-04-25 19:36:45,301 - src.utils.stock_utils - INFO - Descargados 256 registros para TEF.MC
2025-04-25 19:36:45,301 - src.utils.stock_utils - INFO - Guardando datos de TEF.MC en C:\Users\ronal\Documentos\proyectos_github\etl_precio_acciones_airflow\data\raw\TEF_MC_historical.csv
2025-04-25 19:36:45,925 - src.utils.stock_utils - INFO - Descargados 256 registros para ITX.MC
2025-04-25 19:36:45,927 - src.utils.stock_utils - INFO - Guardando datos de ITX.MC en C:\Users\ronal\Documentos\proyectos_github\etl_precio_acciones_airflow\data\raw\ITX_MC_historical.csv
2025-04-25 19:36:46,004 - src.etl.extraction.historical_extraction - INFO - Esperando 5 segundos antes del siguiente lote...
2025-04-25 19:36:51,005 - src.etl.extraction.historical_extraction - INFO - Procesando lote 2: ['REP.MC', 'CABK.MC', 'NTGY.MC', 'FER.MC', 'AMS.MC']
2025-04-25 19:36:51,006 - src.utils.stock_utils - INFO - Descargando datos para REP.MC con período 1y e intervalo 1d
2025-04-25 19:36:51,008 - src.utils.stock_utils - INFO - Descargando datos para CABK.MC con período 1y e intervalo 1d
2025-04-25 19:36:51,009 - src.utils.stock_utils - INFO - Descargando datos para NTGY.MC con período 1y e intervalo 1d
2025-04-25 19:36:52,018 - src.utils.stock_utils - INFO - Descargados 256 registros para CABK.MC
2025-04-25 19:36:52,023 - src.utils.stock_utils - INFO - Descargados 256 registros para REP.MC
2025-04-25 19:36:52,035 - src.utils.stock_utils - INFO - Descargados 256 registros para NTGY.MC
2025-04-25 19:36:52,067 - src.utils.stock_utils - INFO - Guardando datos de CABK.MC en C:\Users\ronal\Documentos\proyectos_github\etl_precio_acciones_airflow\data\raw\CABK_MC_historical.csv
2025-04-25 19:36:52,069 - src.utils.stock_utils - INFO - Guardando datos de NTGY.MC en C:\Users\ronal\Documentos\proyectos_github\etl_precio_acciones_airflow\data\raw\NTGY_MC_historical.csv
2025-04-25 19:36:52,069 - src.utils.stock_utils - INFO - Guardando datos de REP.MC en C:\Users\ronal\Documentos\proyectos_github\etl_precio_acciones_airflow\data\raw\REP_MC_historical.csv
2025-04-25 19:36:52,295 - src.utils.stock_utils - INFO - Descargando datos para FER.MC con período 1y e intervalo 1d
2025-04-25 19:36:52,319 - src.utils.stock_utils - INFO - Descargando datos para AMS.MC con período 1y e intervalo 1d
2025-04-25 19:36:53,498 - src.utils.stock_utils - INFO - Descargados 256 registros para AMS.MC
2025-04-25 19:36:53,500 - src.utils.stock_utils - INFO - Guardando datos de AMS.MC en C:\Users\ronal\Documentos\proyectos_github\etl_precio_acciones_airflow\data\raw\AMS_MC_historical.csv
2025-04-25 19:36:54,346 - src.utils.stock_utils - INFO - Descargados 256 registros para FER.MC
2025-04-25 19:36:54,347 - src.utils.stock_utils - INFO - Guardando datos de FER.MC en C:\Users\ronal\Documentos\proyectos_github\etl_precio_acciones_airflow\data\raw\FER_MC_historical.csv
2025-04-25 19:36:54,413 - src.etl.extraction.historical_extraction - INFO - Procesamiento completado: 10/10 símbolos extraídos correctamente
2025-04-25 19:36:54,421 - src.etl.extraction.historical_extraction - INFO - Informe de extracción guardado en C:\Users\ronal\Documentos\proyectos_github\etl_precio_acciones_airflow\data\reports\extraction_report_20250425_193654.csv
2025-04-25 19:36:54,421 - __main__ - INFO - Extracción completada: 10/10 símbolos procesados correctamente
2025-04-25 19:36:54,421 - __main__ - INFO - Informe guardado en: C:\Users\ronal\Documentos\proyectos_github\etl_precio_acciones_airflow\data\reports\extraction_report_20250425_193654.csv
2025-04-25 19:36:54,421 - __main__ - INFO - Iniciando fase de PROCESAMIENTO
2025-04-25 19:36:54,421 - src.etl.processing.data_processor - INFO - Inicializado procesador de datos con directorio raw: C:\Users\ronal\Documentos\proyectos_github\etl_precio_acciones_airflow\data\raw
2025-04-25 19:36:54,429 - src.etl.processing.data_processor - INFO - Encontrados 10 archivos para procesar
2025-04-25 19:36:54,442 - src.etl.processing.data_processor - INFO - Datos procesados para AMS: 256 registros
2025-04-25 19:36:54,456 - src.etl.processing.data_processor - INFO - Datos procesados guardados en C:\Users\ronal\Documentos\proyectos_github\etl_precio_acciones_airflow\data\processed\AMS_processed.csv
2025-04-25 19:36:54,468 - src.etl.processing.data_processor - INFO - Datos procesados para BBVA: 256 registros
2025-04-25 19:36:54,489 - src.etl.processing.data_processor - INFO - Datos procesados guardados en C:\Users\ronal\Documentos\proyectos_github\etl_precio_acciones_airflow\data\processed\BBVA_processed.csv
2025-04-25 19:36:54,506 - src.etl.processing.data_processor - INFO - Datos procesados para CABK: 256 registros
2025-04-25 19:36:54,528 - src.etl.processing.data_processor - INFO - Datos procesados guardados en C:\Users\ronal\Documentos\proyectos_github\etl_precio_acciones_airflow\data\processed\CABK_processed.csv
2025-04-25 19:36:54,557 - src.etl.processing.data_processor - INFO - Datos procesados para FER: 256 registros
2025-04-25 19:36:54,576 - src.etl.processing.data_processor - INFO - Datos procesados guardados en C:\Users\ronal\Documentos\proyectos_github\etl_precio_acciones_airflow\data\processed\FER_processed.csv
2025-04-25 19:36:54,596 - src.etl.processing.data_processor - INFO - Datos procesados para IBE: 256 registros
2025-04-25 19:36:54,619 - src.etl.processing.data_processor - INFO - Datos procesados guardados en C:\Users\ronal\Documentos\proyectos_github\etl_precio_acciones_airflow\data\processed\IBE_processed.csv
2025-04-25 19:36:54,633 - src.etl.processing.data_processor - INFO - Datos procesados para ITX: 256 registros
2025-04-25 19:36:54,640 - src.etl.processing.data_processor - INFO - Datos procesados guardados en C:\Users\ronal\Documentos\proyectos_github\etl_precio_acciones_airflow\data\processed\ITX_processed.csv
2025-04-25 19:36:54,664 - src.etl.processing.data_processor - INFO - Datos procesados para NTGY: 256 registros
2025-04-25 19:36:54,674 - src.etl.processing.data_processor - INFO - Datos procesados guardados en C:\Users\ronal\Documentos\proyectos_github\etl_precio_acciones_airflow\data\processed\NTGY_processed.csv
2025-04-25 19:36:54,690 - src.etl.processing.data_processor - INFO - Datos procesados para REP: 256 registros
2025-04-25 19:36:54,701 - src.etl.processing.data_processor - INFO - Datos procesados guardados en C:\Users\ronal\Documentos\proyectos_github\etl_precio_acciones_airflow\data\processed\REP_processed.csv
2025-04-25 19:36:54,714 - src.etl.processing.data_processor - INFO - Datos procesados para SAN: 256 registros
2025-04-25 19:36:54,729 - src.etl.processing.data_processor - INFO - Datos procesados guardados en C:\Users\ronal\Documentos\proyectos_github\etl_precio_acciones_airflow\data\processed\SAN_processed.csv
2025-04-25 19:36:54,739 - src.etl.processing.data_processor - INFO - Datos procesados para TEF: 256 registros
2025-04-25 19:36:54,804 - src.etl.processing.data_processor - INFO - Datos procesados guardados en C:\Users\ronal\Documentos\proyectos_github\etl_precio_acciones_airflow\data\processed\TEF_processed.csv
2025-04-25 19:36:54,804 - src.etl.processing.data_processor - INFO - Procesamiento completado: 10/10 archivos procesados correctamente
2025-04-25 19:36:54,804 - __main__ - INFO - Procesamiento completado: 10/10 archivos procesados
2025-04-25 19:36:54,804 - __main__ - INFO - Iniciando fase de CARGA EN BASE DE DATOS
2025-04-25 19:36:54,804 - src.etl.loading.db_loader - INFO - Inicializado cargador de base de datos: C:\Users\ronal\Documentos\proyectos_github\etl_precio_acciones_airflow\data\database\stocks.db
2025-04-25 19:36:54,804 - src.etl.loading.db_loader - INFO - Encontrados 10 archivos procesados para cargar
2025-04-25 19:36:54,804 - src.etl.loading.db_loader - INFO - Base de datos inicializada correctamente
2025-04-25 19:36:54,945 - src.etl.loading.db_loader - ERROR - Error al cargar datos para AMS en la base de datos: NOT NULL constraint failed: stocks.ticker
2025-04-25 19:36:55,074 - src.etl.loading.db_loader - ERROR - Error al cargar datos para BBVA en la base de datos: NOT NULL constraint failed: stocks.ticker
2025-04-25 19:36:55,189 - src.etl.loading.db_loader - ERROR - Error al cargar datos para CABK en la base de datos: NOT NULL constraint failed: stocks.ticker
2025-04-25 19:36:55,306 - src.etl.loading.db_loader - ERROR - Error al cargar datos para FER en la base de datos: NOT NULL constraint failed: stocks.ticker
2025-04-25 19:36:55,416 - src.etl.loading.db_loader - ERROR - Error al cargar datos para IBE en la base de datos: NOT NULL constraint failed: stocks.ticker
2025-04-25 19:36:55,549 - src.etl.loading.db_loader - ERROR - Error al cargar datos para ITX en la base de datos: NOT NULL constraint failed: stocks.ticker
2025-04-25 19:36:55,668 - src.etl.loading.db_loader - ERROR - Error al cargar datos para NTGY en la base de datos: NOT NULL constraint failed: stocks.ticker
2025-04-25 19:36:55,777 - src.etl.loading.db_loader - ERROR - Error al cargar datos para REP en la base de datos: NOT NULL constraint failed: stocks.ticker
2025-04-25 19:36:55,887 - src.etl.loading.db_loader - ERROR - Error al cargar datos para SAN en la base de datos: NOT NULL constraint failed: stocks.ticker
2025-04-25 19:36:55,999 - src.etl.loading.db_loader - ERROR - Error al cargar datos para TEF en la base de datos: NOT NULL constraint failed: stocks.ticker
2025-04-25 19:36:56,001 - src.etl.loading.db_loader - INFO - Carga en base de datos completada: 0/10 archivos cargados correctamente
2025-04-25 19:36:56,002 - __main__ - INFO - Carga en base de datos completada: 0/10 archivos cargados
2025-04-25 19:36:56,003 - __main__ - INFO - ETL completo finalizado con éxito
