2025-04-25 16:33:35,306 - __main__ - INFO - Iniciando ETL completo (20250425_163335)
2025-04-25 16:33:35,307 - __main__ - INFO - Iniciando fase de EXTRACCIÓN
2025-04-25 16:33:35,307 - __main__ - INFO - Procesando 10 símbolos: ['SAN.MC', 'BBVA.MC', 'IBE.MC', 'ITX.MC', 'TEF.MC', 'REP.MC', 'CABK.MC', 'NTGY.MC', 'FER.MC', 'AMS.MC']
2025-04-25 16:33:35,307 - src.etl.extraction.historical_extraction - INFO - Inicializado extractor para 10 tickers, max_workers=2, period=5y
2025-04-25 16:33:35,308 - src.etl.extraction.historical_extraction - INFO - Procesando 10 en lotes de 3
2025-04-25 16:33:35,310 - src.etl.extraction.historical_extraction - INFO - Procesando lote 1: ['SAN.MC', 'BBVA.MC', 'IBE.MC']
2025-04-25 16:33:35,312 - src.utils.stock_utils - INFO - Descargando datos para SAN.MC con período 5y e intervalo 1d
2025-04-25 16:33:35,312 - src.utils.stock_utils - INFO - Descargando datos para BBVA.MC con período 5y e intervalo 1d
2025-04-25 16:33:36,452 - src.utils.stock_utils - INFO - Descargados 1281 registros para BBVA.MC
2025-04-25 16:33:36,453 - src.utils.stock_utils - INFO - Guardando datos de BBVA.MC en C:\Users\ronal\Documentos\proyectos_github\etl_precio_acciones_airflow\data\raw\BBVA_MC_historical.csv
2025-04-25 16:33:36,505 - src.utils.stock_utils - INFO - Descargando datos para IBE.MC con período 5y e intervalo 1d
2025-04-25 16:33:36,698 - src.utils.stock_utils - INFO - Descargados 1281 registros para SAN.MC
2025-04-25 16:33:36,699 - src.utils.stock_utils - INFO - Guardando datos de SAN.MC en C:\Users\ronal\Documentos\proyectos_github\etl_precio_acciones_airflow\data\raw\SAN_MC_historical.csv
2025-04-25 16:33:38,569 - src.utils.stock_utils - INFO - Descargados 1281 registros para IBE.MC
2025-04-25 16:33:38,570 - src.utils.stock_utils - INFO - Guardando datos de IBE.MC en C:\Users\ronal\Documentos\proyectos_github\etl_precio_acciones_airflow\data\raw\IBE_MC_historical.csv
2025-04-25 16:33:38,609 - src.etl.extraction.historical_extraction - INFO - Esperando 15 segundos antes del siguiente lote...
2025-04-25 16:33:53,609 - src.etl.extraction.historical_extraction - INFO - Procesando lote 1: ['BBVA.MC', 'IBE.MC', 'ITX.MC']
2025-04-25 16:33:53,610 - src.utils.stock_utils - INFO - Descargando datos para BBVA.MC con período 5y e intervalo 1d
2025-04-25 16:33:53,611 - src.utils.stock_utils - INFO - Descargando datos para IBE.MC con período 5y e intervalo 1d
2025-04-25 16:33:55,628 - src.utils.stock_utils - INFO - Descargados 1281 registros para BBVA.MC
2025-04-25 16:33:55,630 - src.utils.stock_utils - INFO - Guardando datos de BBVA.MC en C:\Users\ronal\Documentos\proyectos_github\etl_precio_acciones_airflow\data\raw\BBVA_MC_historical.csv
2025-04-25 16:33:55,641 - src.utils.stock_utils - INFO - Descargados 1281 registros para IBE.MC
2025-04-25 16:33:55,645 - src.utils.stock_utils - INFO - Guardando datos de IBE.MC en C:\Users\ronal\Documentos\proyectos_github\etl_precio_acciones_airflow\data\raw\IBE_MC_historical.csv
2025-04-25 16:33:55,712 - src.utils.stock_utils - INFO - Descargando datos para ITX.MC con período 5y e intervalo 1d
2025-04-25 16:33:56,598 - src.utils.stock_utils - INFO - Descargados 1281 registros para ITX.MC
2025-04-25 16:33:56,599 - src.utils.stock_utils - INFO - Guardando datos de ITX.MC en C:\Users\ronal\Documentos\proyectos_github\etl_precio_acciones_airflow\data\raw\ITX_MC_historical.csv
2025-04-25 16:33:56,635 - src.etl.extraction.historical_extraction - INFO - Esperando 15 segundos antes del siguiente lote...
2025-04-25 16:34:11,636 - src.etl.extraction.historical_extraction - INFO - Procesando lote 1: ['IBE.MC', 'ITX.MC', 'TEF.MC']
2025-04-25 16:34:11,638 - src.utils.stock_utils - INFO - Descargando datos para IBE.MC con período 5y e intervalo 1d
2025-04-25 16:34:11,638 - src.utils.stock_utils - INFO - Descargando datos para ITX.MC con período 5y e intervalo 1d
2025-04-25 16:34:13,251 - src.utils.stock_utils - INFO - Descargados 1281 registros para IBE.MC
2025-04-25 16:34:13,262 - src.utils.stock_utils - INFO - Descargados 1281 registros para ITX.MC
2025-04-25 16:34:13,265 - src.utils.stock_utils - INFO - Guardando datos de IBE.MC en C:\Users\ronal\Documentos\proyectos_github\etl_precio_acciones_airflow\data\raw\IBE_MC_historical.csv
2025-04-25 16:34:13,268 - src.utils.stock_utils - INFO - Guardando datos de ITX.MC en C:\Users\ronal\Documentos\proyectos_github\etl_precio_acciones_airflow\data\raw\ITX_MC_historical.csv
2025-04-25 16:34:13,412 - src.utils.stock_utils - INFO - Descargando datos para TEF.MC con período 5y e intervalo 1d
2025-04-25 16:34:15,435 - src.utils.stock_utils - INFO - Descargados 1281 registros para TEF.MC
2025-04-25 16:34:15,436 - src.utils.stock_utils - INFO - Guardando datos de TEF.MC en C:\Users\ronal\Documentos\proyectos_github\etl_precio_acciones_airflow\data\raw\TEF_MC_historical.csv
2025-04-25 16:34:15,477 - src.etl.extraction.historical_extraction - INFO - Esperando 15 segundos antes del siguiente lote...
2025-04-25 16:34:30,478 - src.etl.extraction.historical_extraction - INFO - Procesamiento completado: 9/9 símbolos extraídos correctamente
2025-04-25 16:34:30,481 - src.etl.extraction.historical_extraction - INFO - Informe de extracción guardado en C:\Users\ronal\Documentos\proyectos_github\etl_precio_acciones_airflow\data\reports\extraction_report_20250425_163430.csv
2025-04-25 16:34:30,481 - __main__ - INFO - Extracción completada: 9/9 símbolos procesados correctamente
2025-04-25 16:34:30,481 - __main__ - INFO - Informe guardado en: C:\Users\ronal\Documentos\proyectos_github\etl_precio_acciones_airflow\data\reports\extraction_report_20250425_163430.csv
2025-04-25 16:34:30,482 - __main__ - INFO - Iniciando fase de PROCESAMIENTO
2025-04-25 16:34:30,482 - src.etl.processing.data_processor - INFO - Inicializado procesador de datos con directorio raw: C:\Users\ronal\Documentos\proyectos_github\etl_precio_acciones_airflow\data\raw
2025-04-25 16:34:30,483 - src.etl.processing.data_processor - INFO - Encontrados 5 archivos para procesar
2025-04-25 16:34:30,491 - src.etl.processing.data_processor - INFO - Datos procesados para BBVA: 1281 registros
2025-04-25 16:34:30,520 - src.etl.processing.data_processor - INFO - Datos procesados guardados en C:\Users\ronal\Documentos\proyectos_github\etl_precio_acciones_airflow\data\processed\BBVA_processed.csv
2025-04-25 16:34:30,530 - src.etl.processing.data_processor - INFO - Datos procesados para IBE: 1281 registros
2025-04-25 16:34:30,556 - src.etl.processing.data_processor - INFO - Datos procesados guardados en C:\Users\ronal\Documentos\proyectos_github\etl_precio_acciones_airflow\data\processed\IBE_processed.csv
2025-04-25 16:34:30,565 - src.etl.processing.data_processor - INFO - Datos procesados para ITX: 1281 registros
2025-04-25 16:34:30,588 - src.etl.processing.data_processor - INFO - Datos procesados guardados en C:\Users\ronal\Documentos\proyectos_github\etl_precio_acciones_airflow\data\processed\ITX_processed.csv
2025-04-25 16:34:30,593 - src.etl.processing.data_processor - INFO - Datos procesados para SAN: 1281 registros
2025-04-25 16:34:30,622 - src.etl.processing.data_processor - INFO - Datos procesados guardados en C:\Users\ronal\Documentos\proyectos_github\etl_precio_acciones_airflow\data\processed\SAN_processed.csv
2025-04-25 16:34:30,634 - src.etl.processing.data_processor - INFO - Datos procesados para TEF: 1281 registros
2025-04-25 16:34:30,665 - src.etl.processing.data_processor - INFO - Datos procesados guardados en C:\Users\ronal\Documentos\proyectos_github\etl_precio_acciones_airflow\data\processed\TEF_processed.csv
2025-04-25 16:34:30,665 - src.etl.processing.data_processor - INFO - Procesamiento completado: 5/5 archivos procesados correctamente
2025-04-25 16:34:30,666 - __main__ - INFO - Procesamiento completado: 5/5 archivos procesados
2025-04-25 16:34:30,666 - __main__ - INFO - Iniciando fase de CARGA EN BASE DE DATOS
2025-04-25 16:34:30,667 - src.etl.loading.db_loader - INFO - Inicializado cargador de base de datos: C:\Users\ronal\Documentos\proyectos_github\etl_precio_acciones_airflow\data\database\stocks.db
2025-04-25 16:34:30,668 - src.etl.loading.db_loader - INFO - Encontrados 5 archivos procesados para cargar
2025-04-25 16:34:30,669 - src.etl.loading.db_loader - INFO - Base de datos inicializada correctamente
2025-04-25 16:34:30,742 - src.etl.loading.db_loader - ERROR - Error al cargar datos para BBVA en la base de datos: NOT NULL constraint failed: stocks.ticker
2025-04-25 16:34:30,792 - src.etl.loading.db_loader - ERROR - Error al cargar datos para IBE en la base de datos: NOT NULL constraint failed: stocks.ticker
2025-04-25 16:34:30,841 - src.etl.loading.db_loader - ERROR - Error al cargar datos para ITX en la base de datos: NOT NULL constraint failed: stocks.ticker
2025-04-25 16:34:30,897 - src.etl.loading.db_loader - ERROR - Error al cargar datos para SAN en la base de datos: NOT NULL constraint failed: stocks.ticker
2025-04-25 16:34:30,936 - src.etl.loading.db_loader - ERROR - Error al cargar datos para TEF en la base de datos: NOT NULL constraint failed: stocks.ticker
2025-04-25 16:34:30,937 - src.etl.loading.db_loader - INFO - Carga en base de datos completada: 0/5 archivos cargados correctamente
2025-04-25 16:34:30,938 - __main__ - INFO - Carga en base de datos completada: 0/5 archivos cargados
2025-04-25 16:34:30,938 - __main__ - INFO - ETL completo finalizado con éxito
