2025-04-25 14:46:37,271 - __main__ - INFO - Iniciando descarga de datos históricos (20250425_144637)
2025-04-25 14:46:37,271 - __main__ - INFO - Procesando 10 símbolos: ['SAN.MC', 'BBVA.MC', 'IBE.MC', 'ITX.MC', 'TEF.MC', 'REP.MC', 'CABK.MC', 'NTGY.MC', 'FER.MC', 'AMS.MC']
2025-04-25 14:46:37,271 - src.etl.extraction.historical_extraction - INFO - Inicializado extractor para 10 símbolos, max_workers=2, period=1y
2025-04-25 14:46:37,271 - src.etl.extraction.historical_extraction - INFO - Procesando 10 símbolos en lotes de 3
2025-04-25 14:46:37,271 - src.etl.extraction.historical_extraction - INFO - Procesando lote 1: ['SAN.MC', 'BBVA.MC', 'IBE.MC']
2025-04-25 14:46:37,277 - src.utils.stock_utils - INFO - Descargando datos para SAN.MC con período 1y e intervalo 1d
2025-04-25 14:46:37,279 - src.utils.stock_utils - INFO - Descargando datos para BBVA.MC con período 1y e intervalo 1d
2025-04-25 14:46:41,775 - src.utils.stock_utils - INFO - Descargados 256 registros para BBVA.MC
2025-04-25 14:46:41,778 - src.utils.stock_utils - INFO - Descargados 256 registros para SAN.MC
2025-04-25 14:46:41,818 - src.utils.stock_utils - INFO - Datos de BBVA.MC guardados en C:\Users\ronal\Documentos\proyectos_github\etl_precio_acciones_airflow\data\raw\BBVA_MC_historical.csv
2025-04-25 14:46:41,818 - src.utils.stock_utils - INFO - Datos de SAN.MC guardados en C:\Users\ronal\Documentos\proyectos_github\etl_precio_acciones_airflow\data\raw\SAN_MC_historical.csv
2025-04-25 14:46:41,832 - src.utils.stock_utils - INFO - Descargando datos para IBE.MC con período 1y e intervalo 1d
2025-04-25 14:46:43,282 - src.utils.stock_utils - INFO - Descargados 256 registros para IBE.MC
2025-04-25 14:46:43,287 - src.utils.stock_utils - INFO - Datos de IBE.MC guardados en C:\Users\ronal\Documentos\proyectos_github\etl_precio_acciones_airflow\data\raw\IBE_MC_historical.csv
2025-04-25 14:46:43,300 - src.etl.extraction.historical_extraction - INFO - Esperando 15 segundos antes del siguiente lote...
2025-04-25 14:46:58,302 - src.etl.extraction.historical_extraction - INFO - Procesando lote 2: ['ITX.MC', 'TEF.MC', 'REP.MC']
2025-04-25 14:46:58,302 - src.utils.stock_utils - INFO - Descargando datos para ITX.MC con período 1y e intervalo 1d
2025-04-25 14:46:58,302 - src.utils.stock_utils - INFO - Descargando datos para TEF.MC con período 1y e intervalo 1d
2025-04-25 14:46:59,908 - src.utils.stock_utils - INFO - Descargados 256 registros para TEF.MC
2025-04-25 14:46:59,912 - src.utils.stock_utils - INFO - Datos de TEF.MC guardados en C:\Users\ronal\Documentos\proyectos_github\etl_precio_acciones_airflow\data\raw\TEF_MC_historical.csv
2025-04-25 14:46:59,925 - src.utils.stock_utils - INFO - Descargando datos para REP.MC con período 1y e intervalo 1d
2025-04-25 14:47:00,622 - src.utils.stock_utils - INFO - Descargados 256 registros para REP.MC
2025-04-25 14:47:00,630 - src.utils.stock_utils - INFO - Descargados 256 registros para ITX.MC
2025-04-25 14:47:00,631 - src.utils.stock_utils - INFO - Datos de REP.MC guardados en C:\Users\ronal\Documentos\proyectos_github\etl_precio_acciones_airflow\data\raw\REP_MC_historical.csv
2025-04-25 14:47:00,636 - src.utils.stock_utils - INFO - Datos de ITX.MC guardados en C:\Users\ronal\Documentos\proyectos_github\etl_precio_acciones_airflow\data\raw\ITX_MC_historical.csv
2025-04-25 14:47:00,662 - src.etl.extraction.historical_extraction - INFO - Esperando 15 segundos antes del siguiente lote...
2025-04-25 14:47:15,664 - src.etl.extraction.historical_extraction - INFO - Procesando lote 3: ['CABK.MC', 'NTGY.MC', 'FER.MC']
2025-04-25 14:47:15,664 - src.utils.stock_utils - INFO - Descargando datos para CABK.MC con período 1y e intervalo 1d
2025-04-25 14:47:15,664 - src.utils.stock_utils - INFO - Descargando datos para NTGY.MC con período 1y e intervalo 1d
2025-04-25 14:47:17,060 - src.utils.stock_utils - INFO - Descargados 256 registros para CABK.MC
2025-04-25 14:47:17,060 - src.utils.stock_utils - INFO - Datos de CABK.MC guardados en C:\Users\ronal\Documentos\proyectos_github\etl_precio_acciones_airflow\data\raw\CABK_MC_historical.csv
2025-04-25 14:47:17,080 - src.utils.stock_utils - INFO - Descargando datos para FER.MC con período 1y e intervalo 1d
2025-04-25 14:47:17,694 - src.utils.stock_utils - INFO - Descargados 256 registros para NTGY.MC
2025-04-25 14:47:17,698 - src.utils.stock_utils - INFO - Datos de NTGY.MC guardados en C:\Users\ronal\Documentos\proyectos_github\etl_precio_acciones_airflow\data\raw\NTGY_MC_historical.csv
2025-04-25 14:47:18,592 - src.utils.stock_utils - INFO - Descargados 256 registros para FER.MC
2025-04-25 14:47:18,596 - src.utils.stock_utils - INFO - Datos de FER.MC guardados en C:\Users\ronal\Documentos\proyectos_github\etl_precio_acciones_airflow\data\raw\FER_MC_historical.csv
2025-04-25 14:47:18,609 - src.etl.extraction.historical_extraction - INFO - Esperando 15 segundos antes del siguiente lote...
2025-04-25 14:47:33,610 - src.etl.extraction.historical_extraction - INFO - Procesando lote 4: ['AMS.MC']
2025-04-25 14:47:33,611 - src.utils.stock_utils - INFO - Descargando datos para AMS.MC con período 1y e intervalo 1d
2025-04-25 14:47:35,060 - src.utils.stock_utils - INFO - Descargados 256 registros para AMS.MC
2025-04-25 14:47:35,064 - src.utils.stock_utils - INFO - Datos de AMS.MC guardados en C:\Users\ronal\Documentos\proyectos_github\etl_precio_acciones_airflow\data\raw\AMS_MC_historical.csv
2025-04-25 14:47:35,080 - src.etl.extraction.historical_extraction - INFO - Procesamiento completado: 10/10 símbolos extraídos correctamente
2025-04-25 14:47:35,086 - src.etl.extraction.historical_extraction - INFO - Informe de extracción guardado en C:\Users\ronal\Documentos\proyectos_github\etl_precio_acciones_airflow\data\reports\extraction_report_20250425_144637.csv
2025-04-25 14:47:35,087 - __main__ - INFO - Extracción completada: 10/10 símbolos procesados correctamente
2025-04-25 14:47:35,087 - __main__ - INFO - Informe guardado en: C:\Users\ronal\Documentos\proyectos_github\etl_precio_acciones_airflow\data\reports\extraction_report_20250425_144637.csv
