[2025-04-14T19:44:25.190+0000] {processor.py:157} INFO - Started process (PID=160) to work on /opt/airflow/dags/daily_update_dag.py
[2025-04-14T19:44:25.193+0000] {processor.py:826} INFO - Processing file /opt/airflow/dags/daily_update_dag.py for tasks to queue
[2025-04-14T19:44:25.194+0000] {logging_mixin.py:149} INFO - [2025-04-14T19:44:25.194+0000] {dagbag.py:541} INFO - Filling up the DagBag from /opt/airflow/dags/daily_update_dag.py
[2025-04-14T19:44:29.108+0000] {processor.py:836} INFO - DAG(s) dict_keys(['ibex35_daily_update']) retrieved from /opt/airflow/dags/daily_update_dag.py
[2025-04-14T19:44:29.256+0000] {logging_mixin.py:149} INFO - [2025-04-14T19:44:29.255+0000] {dag.py:2726} INFO - Sync 1 DAGs
[2025-04-14T19:44:29.321+0000] {logging_mixin.py:149} INFO - [2025-04-14T19:44:29.321+0000] {dag.py:3486} INFO - Setting next_dagrun for ibex35_daily_update to 2025-04-11T18:00:00+00:00, run_after=2025-04-14T18:00:00+00:00
[2025-04-14T19:44:29.379+0000] {processor.py:179} INFO - Processing /opt/airflow/dags/daily_update_dag.py took 4.194 seconds
[2025-04-14T19:44:59.944+0000] {processor.py:157} INFO - Started process (PID=202) to work on /opt/airflow/dags/daily_update_dag.py
[2025-04-14T19:44:59.948+0000] {processor.py:826} INFO - Processing file /opt/airflow/dags/daily_update_dag.py for tasks to queue
[2025-04-14T19:44:59.951+0000] {logging_mixin.py:149} INFO - [2025-04-14T19:44:59.951+0000] {dagbag.py:541} INFO - Filling up the DagBag from /opt/airflow/dags/daily_update_dag.py
[2025-04-14T19:45:01.487+0000] {processor.py:836} INFO - DAG(s) dict_keys(['ibex35_daily_update']) retrieved from /opt/airflow/dags/daily_update_dag.py
[2025-04-14T19:45:01.567+0000] {logging_mixin.py:149} INFO - [2025-04-14T19:45:01.566+0000] {dag.py:2726} INFO - Sync 1 DAGs
[2025-04-14T19:45:01.614+0000] {logging_mixin.py:149} INFO - [2025-04-14T19:45:01.613+0000] {dag.py:3486} INFO - Setting next_dagrun for ibex35_daily_update to 2025-04-11T18:00:00+00:00, run_after=2025-04-14T18:00:00+00:00
[2025-04-14T19:45:01.700+0000] {processor.py:179} INFO - Processing /opt/airflow/dags/daily_update_dag.py took 1.769 seconds
[2025-04-14T19:45:32.141+0000] {processor.py:157} INFO - Started process (PID=244) to work on /opt/airflow/dags/daily_update_dag.py
[2025-04-14T19:45:32.144+0000] {processor.py:826} INFO - Processing file /opt/airflow/dags/daily_update_dag.py for tasks to queue
[2025-04-14T19:45:32.146+0000] {logging_mixin.py:149} INFO - [2025-04-14T19:45:32.146+0000] {dagbag.py:541} INFO - Filling up the DagBag from /opt/airflow/dags/daily_update_dag.py
[2025-04-14T19:45:33.740+0000] {processor.py:836} INFO - DAG(s) dict_keys(['ibex35_daily_update']) retrieved from /opt/airflow/dags/daily_update_dag.py
[2025-04-14T19:45:33.816+0000] {logging_mixin.py:149} INFO - [2025-04-14T19:45:33.815+0000] {dag.py:2726} INFO - Sync 1 DAGs
[2025-04-14T19:45:33.875+0000] {logging_mixin.py:149} INFO - [2025-04-14T19:45:33.874+0000] {dag.py:3486} INFO - Setting next_dagrun for ibex35_daily_update to 2025-04-11T18:00:00+00:00, run_after=2025-04-14T18:00:00+00:00
[2025-04-14T19:45:33.934+0000] {processor.py:179} INFO - Processing /opt/airflow/dags/daily_update_dag.py took 1.800 seconds
[2025-04-14T19:46:04.380+0000] {processor.py:157} INFO - Started process (PID=286) to work on /opt/airflow/dags/daily_update_dag.py
[2025-04-14T19:46:04.383+0000] {processor.py:826} INFO - Processing file /opt/airflow/dags/daily_update_dag.py for tasks to queue
[2025-04-14T19:46:04.385+0000] {logging_mixin.py:149} INFO - [2025-04-14T19:46:04.385+0000] {dagbag.py:541} INFO - Filling up the DagBag from /opt/airflow/dags/daily_update_dag.py
[2025-04-14T19:46:06.064+0000] {processor.py:836} INFO - DAG(s) dict_keys(['ibex35_daily_update']) retrieved from /opt/airflow/dags/daily_update_dag.py
[2025-04-14T19:46:06.149+0000] {logging_mixin.py:149} INFO - [2025-04-14T19:46:06.148+0000] {dag.py:2726} INFO - Sync 1 DAGs
[2025-04-14T19:46:06.198+0000] {logging_mixin.py:149} INFO - [2025-04-14T19:46:06.197+0000] {dag.py:3486} INFO - Setting next_dagrun for ibex35_daily_update to 2025-04-11T18:00:00+00:00, run_after=2025-04-14T18:00:00+00:00
[2025-04-14T19:46:06.250+0000] {processor.py:179} INFO - Processing /opt/airflow/dags/daily_update_dag.py took 1.876 seconds
[2025-04-14T19:46:36.685+0000] {processor.py:157} INFO - Started process (PID=328) to work on /opt/airflow/dags/daily_update_dag.py
[2025-04-14T19:46:36.687+0000] {processor.py:826} INFO - Processing file /opt/airflow/dags/daily_update_dag.py for tasks to queue
[2025-04-14T19:46:36.690+0000] {logging_mixin.py:149} INFO - [2025-04-14T19:46:36.689+0000] {dagbag.py:541} INFO - Filling up the DagBag from /opt/airflow/dags/daily_update_dag.py
[2025-04-14T19:46:38.368+0000] {processor.py:836} INFO - DAG(s) dict_keys(['ibex35_daily_update']) retrieved from /opt/airflow/dags/daily_update_dag.py
[2025-04-14T19:46:38.472+0000] {logging_mixin.py:149} INFO - [2025-04-14T19:46:38.471+0000] {dag.py:2726} INFO - Sync 1 DAGs
[2025-04-14T19:46:38.526+0000] {logging_mixin.py:149} INFO - [2025-04-14T19:46:38.526+0000] {dag.py:3486} INFO - Setting next_dagrun for ibex35_daily_update to 2025-04-11T18:00:00+00:00, run_after=2025-04-14T18:00:00+00:00
[2025-04-14T19:46:38.599+0000] {processor.py:179} INFO - Processing /opt/airflow/dags/daily_update_dag.py took 1.920 seconds
[2025-04-14T19:47:09.106+0000] {processor.py:157} INFO - Started process (PID=370) to work on /opt/airflow/dags/daily_update_dag.py
[2025-04-14T19:47:09.108+0000] {processor.py:826} INFO - Processing file /opt/airflow/dags/daily_update_dag.py for tasks to queue
[2025-04-14T19:47:09.110+0000] {logging_mixin.py:149} INFO - [2025-04-14T19:47:09.110+0000] {dagbag.py:541} INFO - Filling up the DagBag from /opt/airflow/dags/daily_update_dag.py
[2025-04-14T19:47:10.815+0000] {processor.py:836} INFO - DAG(s) dict_keys(['ibex35_daily_update']) retrieved from /opt/airflow/dags/daily_update_dag.py
[2025-04-14T19:47:10.923+0000] {logging_mixin.py:149} INFO - [2025-04-14T19:47:10.922+0000] {dag.py:2726} INFO - Sync 1 DAGs
[2025-04-14T19:47:10.982+0000] {logging_mixin.py:149} INFO - [2025-04-14T19:47:10.982+0000] {dag.py:3486} INFO - Setting next_dagrun for ibex35_daily_update to 2025-04-11T18:00:00+00:00, run_after=2025-04-14T18:00:00+00:00
[2025-04-14T19:47:11.032+0000] {processor.py:179} INFO - Processing /opt/airflow/dags/daily_update_dag.py took 1.934 seconds
[2025-04-14T19:47:41.486+0000] {processor.py:157} INFO - Started process (PID=412) to work on /opt/airflow/dags/daily_update_dag.py
[2025-04-14T19:47:41.488+0000] {processor.py:826} INFO - Processing file /opt/airflow/dags/daily_update_dag.py for tasks to queue
[2025-04-14T19:47:41.490+0000] {logging_mixin.py:149} INFO - [2025-04-14T19:47:41.490+0000] {dagbag.py:541} INFO - Filling up the DagBag from /opt/airflow/dags/daily_update_dag.py
[2025-04-14T19:47:43.088+0000] {processor.py:836} INFO - DAG(s) dict_keys(['ibex35_daily_update']) retrieved from /opt/airflow/dags/daily_update_dag.py
[2025-04-14T19:47:43.174+0000] {logging_mixin.py:149} INFO - [2025-04-14T19:47:43.172+0000] {dag.py:2726} INFO - Sync 1 DAGs
[2025-04-14T19:47:43.226+0000] {logging_mixin.py:149} INFO - [2025-04-14T19:47:43.226+0000] {dag.py:3486} INFO - Setting next_dagrun for ibex35_daily_update to 2025-04-11T18:00:00+00:00, run_after=2025-04-14T18:00:00+00:00
[2025-04-14T19:47:43.294+0000] {processor.py:179} INFO - Processing /opt/airflow/dags/daily_update_dag.py took 1.813 seconds
[2025-04-14T19:48:13.805+0000] {processor.py:157} INFO - Started process (PID=454) to work on /opt/airflow/dags/daily_update_dag.py
[2025-04-14T19:48:13.808+0000] {processor.py:826} INFO - Processing file /opt/airflow/dags/daily_update_dag.py for tasks to queue
[2025-04-14T19:48:13.810+0000] {logging_mixin.py:149} INFO - [2025-04-14T19:48:13.810+0000] {dagbag.py:541} INFO - Filling up the DagBag from /opt/airflow/dags/daily_update_dag.py
[2025-04-14T19:48:15.438+0000] {processor.py:836} INFO - DAG(s) dict_keys(['ibex35_daily_update']) retrieved from /opt/airflow/dags/daily_update_dag.py
[2025-04-14T19:48:15.534+0000] {logging_mixin.py:149} INFO - [2025-04-14T19:48:15.533+0000] {dag.py:2726} INFO - Sync 1 DAGs
[2025-04-14T19:48:15.611+0000] {logging_mixin.py:149} INFO - [2025-04-14T19:48:15.610+0000] {dag.py:3486} INFO - Setting next_dagrun for ibex35_daily_update to 2025-04-11T18:00:00+00:00, run_after=2025-04-14T18:00:00+00:00
[2025-04-14T19:48:15.664+0000] {processor.py:179} INFO - Processing /opt/airflow/dags/daily_update_dag.py took 1.865 seconds
[2025-04-14T21:49:48.381+0200] {processor.py:157} INFO - Started process (PID=160) to work on /opt/airflow/dags/daily_update_dag.py
[2025-04-14T21:49:48.383+0200] {processor.py:826} INFO - Processing file /opt/airflow/dags/daily_update_dag.py for tasks to queue
[2025-04-14T21:49:48.385+0200] {logging_mixin.py:149} INFO - [2025-04-14T21:49:48.385+0200] {dagbag.py:541} INFO - Filling up the DagBag from /opt/airflow/dags/daily_update_dag.py
[2025-04-14T21:49:52.876+0200] {processor.py:836} INFO - DAG(s) dict_keys(['ibex35_daily_update']) retrieved from /opt/airflow/dags/daily_update_dag.py
[2025-04-14T21:49:53.441+0200] {logging_mixin.py:149} INFO - [2025-04-14T21:49:53.441+0200] {manager.py:504} INFO - Created Permission View: can edit on DAG:ibex35_daily_update
[2025-04-14T21:49:53.477+0200] {logging_mixin.py:149} INFO - [2025-04-14T21:49:53.476+0200] {manager.py:504} INFO - Created Permission View: can read on DAG:ibex35_daily_update
[2025-04-14T21:49:53.502+0200] {logging_mixin.py:149} INFO - [2025-04-14T21:49:53.501+0200] {manager.py:504} INFO - Created Permission View: can delete on DAG:ibex35_daily_update
[2025-04-14T21:49:53.536+0200] {logging_mixin.py:149} INFO - [2025-04-14T21:49:53.535+0200] {dag.py:2726} INFO - Sync 1 DAGs
[2025-04-14T21:49:53.566+0200] {logging_mixin.py:149} INFO - [2025-04-14T21:49:53.565+0200] {dag.py:2747} INFO - Creating ORM DAG for ibex35_daily_update
[2025-04-14T21:49:53.595+0200] {logging_mixin.py:149} INFO - [2025-04-14T21:49:53.595+0200] {dag.py:3486} INFO - Setting next_dagrun for ibex35_daily_update to 2025-04-11T16:00:00+00:00, run_after=2025-04-14T16:00:00+00:00
[2025-04-14T21:49:53.673+0200] {processor.py:179} INFO - Processing /opt/airflow/dags/daily_update_dag.py took 5.298 seconds
[2025-04-14T21:50:23.991+0200] {processor.py:157} INFO - Started process (PID=202) to work on /opt/airflow/dags/daily_update_dag.py
[2025-04-14T21:50:23.993+0200] {processor.py:826} INFO - Processing file /opt/airflow/dags/daily_update_dag.py for tasks to queue
[2025-04-14T21:50:23.995+0200] {logging_mixin.py:149} INFO - [2025-04-14T21:50:23.994+0200] {dagbag.py:541} INFO - Filling up the DagBag from /opt/airflow/dags/daily_update_dag.py
[2025-04-14T21:50:25.521+0200] {processor.py:836} INFO - DAG(s) dict_keys(['ibex35_daily_update']) retrieved from /opt/airflow/dags/daily_update_dag.py
[2025-04-14T21:50:25.755+0200] {logging_mixin.py:149} INFO - [2025-04-14T21:50:25.754+0200] {dag.py:2726} INFO - Sync 1 DAGs
[2025-04-14T21:50:25.797+0200] {logging_mixin.py:149} INFO - [2025-04-14T21:50:25.797+0200] {dag.py:3486} INFO - Setting next_dagrun for ibex35_daily_update to 2025-04-11T16:00:00+00:00, run_after=2025-04-14T16:00:00+00:00
[2025-04-14T21:50:25.846+0200] {processor.py:179} INFO - Processing /opt/airflow/dags/daily_update_dag.py took 1.859 seconds
[2025-04-14T21:50:56.290+0200] {processor.py:157} INFO - Started process (PID=244) to work on /opt/airflow/dags/daily_update_dag.py
[2025-04-14T21:50:56.293+0200] {processor.py:826} INFO - Processing file /opt/airflow/dags/daily_update_dag.py for tasks to queue
[2025-04-14T21:50:56.295+0200] {logging_mixin.py:149} INFO - [2025-04-14T21:50:56.295+0200] {dagbag.py:541} INFO - Filling up the DagBag from /opt/airflow/dags/daily_update_dag.py
[2025-04-14T21:50:57.910+0200] {processor.py:836} INFO - DAG(s) dict_keys(['ibex35_daily_update']) retrieved from /opt/airflow/dags/daily_update_dag.py
[2025-04-14T21:50:57.997+0200] {logging_mixin.py:149} INFO - [2025-04-14T21:50:57.995+0200] {dag.py:2726} INFO - Sync 1 DAGs
[2025-04-14T21:50:58.039+0200] {logging_mixin.py:149} INFO - [2025-04-14T21:50:58.038+0200] {dag.py:3486} INFO - Setting next_dagrun for ibex35_daily_update to 2025-04-11T16:00:00+00:00, run_after=2025-04-14T16:00:00+00:00
[2025-04-14T21:50:58.135+0200] {processor.py:179} INFO - Processing /opt/airflow/dags/daily_update_dag.py took 1.853 seconds
[2025-04-14T21:51:28.429+0200] {processor.py:157} INFO - Started process (PID=286) to work on /opt/airflow/dags/daily_update_dag.py
[2025-04-14T21:51:28.431+0200] {processor.py:826} INFO - Processing file /opt/airflow/dags/daily_update_dag.py for tasks to queue
[2025-04-14T21:51:28.432+0200] {logging_mixin.py:149} INFO - [2025-04-14T21:51:28.432+0200] {dagbag.py:541} INFO - Filling up the DagBag from /opt/airflow/dags/daily_update_dag.py
[2025-04-14T21:51:29.969+0200] {processor.py:836} INFO - DAG(s) dict_keys(['ibex35_daily_update']) retrieved from /opt/airflow/dags/daily_update_dag.py
[2025-04-14T21:51:30.051+0200] {logging_mixin.py:149} INFO - [2025-04-14T21:51:30.050+0200] {dag.py:2726} INFO - Sync 1 DAGs
[2025-04-14T21:51:30.094+0200] {logging_mixin.py:149} INFO - [2025-04-14T21:51:30.094+0200] {dag.py:3486} INFO - Setting next_dagrun for ibex35_daily_update to 2025-04-11T16:00:00+00:00, run_after=2025-04-14T16:00:00+00:00
[2025-04-14T21:51:30.140+0200] {processor.py:179} INFO - Processing /opt/airflow/dags/daily_update_dag.py took 1.716 seconds
[2025-04-14T21:52:00.596+0200] {processor.py:157} INFO - Started process (PID=328) to work on /opt/airflow/dags/daily_update_dag.py
[2025-04-14T21:52:00.598+0200] {processor.py:826} INFO - Processing file /opt/airflow/dags/daily_update_dag.py for tasks to queue
[2025-04-14T21:52:00.601+0200] {logging_mixin.py:149} INFO - [2025-04-14T21:52:00.600+0200] {dagbag.py:541} INFO - Filling up the DagBag from /opt/airflow/dags/daily_update_dag.py
[2025-04-14T21:52:02.334+0200] {processor.py:836} INFO - DAG(s) dict_keys(['ibex35_daily_update']) retrieved from /opt/airflow/dags/daily_update_dag.py
[2025-04-14T21:52:02.435+0200] {logging_mixin.py:149} INFO - [2025-04-14T21:52:02.434+0200] {dag.py:2726} INFO - Sync 1 DAGs
[2025-04-14T21:52:02.480+0200] {logging_mixin.py:149} INFO - [2025-04-14T21:52:02.480+0200] {dag.py:3486} INFO - Setting next_dagrun for ibex35_daily_update to 2025-04-11T16:00:00+00:00, run_after=2025-04-14T16:00:00+00:00
[2025-04-14T21:52:02.571+0200] {processor.py:179} INFO - Processing /opt/airflow/dags/daily_update_dag.py took 1.979 seconds
[2025-04-14T21:52:33.069+0200] {processor.py:157} INFO - Started process (PID=370) to work on /opt/airflow/dags/daily_update_dag.py
[2025-04-14T21:52:33.072+0200] {processor.py:826} INFO - Processing file /opt/airflow/dags/daily_update_dag.py for tasks to queue
[2025-04-14T21:52:33.075+0200] {logging_mixin.py:149} INFO - [2025-04-14T21:52:33.075+0200] {dagbag.py:541} INFO - Filling up the DagBag from /opt/airflow/dags/daily_update_dag.py
[2025-04-14T21:52:34.630+0200] {processor.py:836} INFO - DAG(s) dict_keys(['ibex35_daily_update']) retrieved from /opt/airflow/dags/daily_update_dag.py
[2025-04-14T21:52:34.717+0200] {logging_mixin.py:149} INFO - [2025-04-14T21:52:34.716+0200] {dag.py:2726} INFO - Sync 1 DAGs
[2025-04-14T21:52:34.760+0200] {logging_mixin.py:149} INFO - [2025-04-14T21:52:34.760+0200] {dag.py:3486} INFO - Setting next_dagrun for ibex35_daily_update to 2025-04-11T16:00:00+00:00, run_after=2025-04-14T16:00:00+00:00
[2025-04-14T21:52:34.809+0200] {processor.py:179} INFO - Processing /opt/airflow/dags/daily_update_dag.py took 1.746 seconds
[2025-04-14T21:53:05.240+0200] {processor.py:157} INFO - Started process (PID=412) to work on /opt/airflow/dags/daily_update_dag.py
[2025-04-14T21:53:05.242+0200] {processor.py:826} INFO - Processing file /opt/airflow/dags/daily_update_dag.py for tasks to queue
[2025-04-14T21:53:05.244+0200] {logging_mixin.py:149} INFO - [2025-04-14T21:53:05.244+0200] {dagbag.py:541} INFO - Filling up the DagBag from /opt/airflow/dags/daily_update_dag.py
[2025-04-14T21:53:06.861+0200] {processor.py:836} INFO - DAG(s) dict_keys(['ibex35_daily_update']) retrieved from /opt/airflow/dags/daily_update_dag.py
[2025-04-14T21:53:06.957+0200] {logging_mixin.py:149} INFO - [2025-04-14T21:53:06.955+0200] {dag.py:2726} INFO - Sync 1 DAGs
[2025-04-14T21:53:07.000+0200] {logging_mixin.py:149} INFO - [2025-04-14T21:53:07.000+0200] {dag.py:3486} INFO - Setting next_dagrun for ibex35_daily_update to 2025-04-11T16:00:00+00:00, run_after=2025-04-14T16:00:00+00:00
[2025-04-14T21:53:07.081+0200] {processor.py:179} INFO - Processing /opt/airflow/dags/daily_update_dag.py took 1.845 seconds
[2025-04-14T21:53:37.408+0200] {processor.py:157} INFO - Started process (PID=454) to work on /opt/airflow/dags/daily_update_dag.py
[2025-04-14T21:53:37.410+0200] {processor.py:826} INFO - Processing file /opt/airflow/dags/daily_update_dag.py for tasks to queue
[2025-04-14T21:53:37.412+0200] {logging_mixin.py:149} INFO - [2025-04-14T21:53:37.412+0200] {dagbag.py:541} INFO - Filling up the DagBag from /opt/airflow/dags/daily_update_dag.py
[2025-04-14T21:53:39.043+0200] {processor.py:836} INFO - DAG(s) dict_keys(['ibex35_daily_update']) retrieved from /opt/airflow/dags/daily_update_dag.py
[2025-04-14T21:53:39.120+0200] {logging_mixin.py:149} INFO - [2025-04-14T21:53:39.119+0200] {dag.py:2726} INFO - Sync 1 DAGs
[2025-04-14T21:53:39.173+0200] {logging_mixin.py:149} INFO - [2025-04-14T21:53:39.173+0200] {dag.py:3486} INFO - Setting next_dagrun for ibex35_daily_update to 2025-04-11T16:00:00+00:00, run_after=2025-04-14T16:00:00+00:00
[2025-04-14T21:53:39.228+0200] {processor.py:179} INFO - Processing /opt/airflow/dags/daily_update_dag.py took 1.826 seconds
[2025-04-14T21:54:09.578+0200] {processor.py:157} INFO - Started process (PID=496) to work on /opt/airflow/dags/daily_update_dag.py
[2025-04-14T21:54:09.580+0200] {processor.py:826} INFO - Processing file /opt/airflow/dags/daily_update_dag.py for tasks to queue
[2025-04-14T21:54:09.583+0200] {logging_mixin.py:149} INFO - [2025-04-14T21:54:09.582+0200] {dagbag.py:541} INFO - Filling up the DagBag from /opt/airflow/dags/daily_update_dag.py
[2025-04-14T21:54:11.187+0200] {processor.py:836} INFO - DAG(s) dict_keys(['ibex35_daily_update']) retrieved from /opt/airflow/dags/daily_update_dag.py
[2025-04-14T21:54:11.275+0200] {logging_mixin.py:149} INFO - [2025-04-14T21:54:11.274+0200] {dag.py:2726} INFO - Sync 1 DAGs
[2025-04-14T21:54:11.338+0200] {logging_mixin.py:149} INFO - [2025-04-14T21:54:11.338+0200] {dag.py:3486} INFO - Setting next_dagrun for ibex35_daily_update to 2025-04-11T16:00:00+00:00, run_after=2025-04-14T16:00:00+00:00
[2025-04-14T21:54:11.390+0200] {processor.py:179} INFO - Processing /opt/airflow/dags/daily_update_dag.py took 1.819 seconds
[2025-04-14T21:54:41.888+0200] {processor.py:157} INFO - Started process (PID=538) to work on /opt/airflow/dags/daily_update_dag.py
[2025-04-14T21:54:41.893+0200] {processor.py:826} INFO - Processing file /opt/airflow/dags/daily_update_dag.py for tasks to queue
[2025-04-14T21:54:41.898+0200] {logging_mixin.py:149} INFO - [2025-04-14T21:54:41.897+0200] {dagbag.py:541} INFO - Filling up the DagBag from /opt/airflow/dags/daily_update_dag.py
[2025-04-14T21:54:43.492+0200] {processor.py:836} INFO - DAG(s) dict_keys(['ibex35_daily_update']) retrieved from /opt/airflow/dags/daily_update_dag.py
[2025-04-14T21:54:43.570+0200] {logging_mixin.py:149} INFO - [2025-04-14T21:54:43.569+0200] {dag.py:2726} INFO - Sync 1 DAGs
[2025-04-14T21:54:43.619+0200] {logging_mixin.py:149} INFO - [2025-04-14T21:54:43.619+0200] {dag.py:3486} INFO - Setting next_dagrun for ibex35_daily_update to 2025-04-11T16:00:00+00:00, run_after=2025-04-14T16:00:00+00:00
[2025-04-14T21:54:43.671+0200] {processor.py:179} INFO - Processing /opt/airflow/dags/daily_update_dag.py took 1.792 seconds
[2025-04-14T19:55:46.373+0000] {processor.py:157} INFO - Started process (PID=160) to work on /opt/airflow/dags/daily_update_dag.py
[2025-04-14T19:55:46.374+0000] {processor.py:826} INFO - Processing file /opt/airflow/dags/daily_update_dag.py for tasks to queue
[2025-04-14T19:55:46.376+0000] {logging_mixin.py:149} INFO - [2025-04-14T19:55:46.376+0000] {dagbag.py:541} INFO - Filling up the DagBag from /opt/airflow/dags/daily_update_dag.py
[2025-04-14T19:55:50.236+0000] {processor.py:836} INFO - DAG(s) dict_keys(['ibex35_daily_update']) retrieved from /opt/airflow/dags/daily_update_dag.py
[2025-04-14T19:55:50.825+0000] {logging_mixin.py:149} INFO - [2025-04-14T19:55:50.824+0000] {manager.py:504} INFO - Created Permission View: can edit on DAG:ibex35_daily_update
[2025-04-14T19:55:50.860+0000] {logging_mixin.py:149} INFO - [2025-04-14T19:55:50.859+0000] {manager.py:504} INFO - Created Permission View: can read on DAG:ibex35_daily_update
[2025-04-14T19:55:50.887+0000] {logging_mixin.py:149} INFO - [2025-04-14T19:55:50.887+0000] {manager.py:504} INFO - Created Permission View: can delete on DAG:ibex35_daily_update
[2025-04-14T19:55:50.922+0000] {logging_mixin.py:149} INFO - [2025-04-14T19:55:50.921+0000] {dag.py:2726} INFO - Sync 1 DAGs
[2025-04-14T19:55:50.953+0000] {logging_mixin.py:149} INFO - [2025-04-14T19:55:50.951+0000] {dag.py:2747} INFO - Creating ORM DAG for ibex35_daily_update
[2025-04-14T19:55:50.980+0000] {logging_mixin.py:149} INFO - [2025-04-14T19:55:50.979+0000] {dag.py:3486} INFO - Setting next_dagrun for ibex35_daily_update to 2025-04-11T18:00:00+00:00, run_after=2025-04-14T18:00:00+00:00
[2025-04-14T19:55:51.038+0000] {processor.py:179} INFO - Processing /opt/airflow/dags/daily_update_dag.py took 4.669 seconds
[2025-04-14T19:56:21.533+0000] {processor.py:157} INFO - Started process (PID=202) to work on /opt/airflow/dags/daily_update_dag.py
[2025-04-14T19:56:21.537+0000] {processor.py:826} INFO - Processing file /opt/airflow/dags/daily_update_dag.py for tasks to queue
[2025-04-14T19:56:21.540+0000] {logging_mixin.py:149} INFO - [2025-04-14T19:56:21.540+0000] {dagbag.py:541} INFO - Filling up the DagBag from /opt/airflow/dags/daily_update_dag.py
[2025-04-14T19:56:23.240+0000] {processor.py:836} INFO - DAG(s) dict_keys(['ibex35_daily_update']) retrieved from /opt/airflow/dags/daily_update_dag.py
[2025-04-14T19:56:23.327+0000] {logging_mixin.py:149} INFO - [2025-04-14T19:56:23.326+0000] {dag.py:2726} INFO - Sync 1 DAGs
[2025-04-14T19:56:23.391+0000] {logging_mixin.py:149} INFO - [2025-04-14T19:56:23.391+0000] {dag.py:3486} INFO - Setting next_dagrun for ibex35_daily_update to 2025-04-11T18:00:00+00:00, run_after=2025-04-14T18:00:00+00:00
[2025-04-14T19:56:23.471+0000] {processor.py:179} INFO - Processing /opt/airflow/dags/daily_update_dag.py took 1.948 seconds
[2025-04-14T19:56:53.937+0000] {processor.py:157} INFO - Started process (PID=244) to work on /opt/airflow/dags/daily_update_dag.py
[2025-04-14T19:56:53.941+0000] {processor.py:826} INFO - Processing file /opt/airflow/dags/daily_update_dag.py for tasks to queue
[2025-04-14T19:56:53.943+0000] {logging_mixin.py:149} INFO - [2025-04-14T19:56:53.943+0000] {dagbag.py:541} INFO - Filling up the DagBag from /opt/airflow/dags/daily_update_dag.py
[2025-04-14T19:56:55.642+0000] {processor.py:836} INFO - DAG(s) dict_keys(['ibex35_daily_update']) retrieved from /opt/airflow/dags/daily_update_dag.py
[2025-04-14T19:56:55.764+0000] {logging_mixin.py:149} INFO - [2025-04-14T19:56:55.762+0000] {dag.py:2726} INFO - Sync 1 DAGs
[2025-04-14T19:56:55.820+0000] {logging_mixin.py:149} INFO - [2025-04-14T19:56:55.820+0000] {dag.py:3486} INFO - Setting next_dagrun for ibex35_daily_update to 2025-04-11T18:00:00+00:00, run_after=2025-04-14T18:00:00+00:00
[2025-04-14T19:56:55.927+0000] {processor.py:179} INFO - Processing /opt/airflow/dags/daily_update_dag.py took 1.999 seconds
[2025-04-14T19:58:00.470+0000] {processor.py:157} INFO - Started process (PID=160) to work on /opt/airflow/dags/daily_update_dag.py
[2025-04-14T19:58:00.472+0000] {processor.py:826} INFO - Processing file /opt/airflow/dags/daily_update_dag.py for tasks to queue
[2025-04-14T19:58:00.474+0000] {logging_mixin.py:149} INFO - [2025-04-14T19:58:00.473+0000] {dagbag.py:541} INFO - Filling up the DagBag from /opt/airflow/dags/daily_update_dag.py
[2025-04-14T19:58:04.285+0000] {processor.py:836} INFO - DAG(s) dict_keys(['ibex35_daily_update']) retrieved from /opt/airflow/dags/daily_update_dag.py
[2025-04-14T19:58:04.767+0000] {logging_mixin.py:149} INFO - [2025-04-14T19:58:04.767+0000] {manager.py:504} INFO - Created Permission View: can edit on DAG:ibex35_daily_update
[2025-04-14T19:58:04.799+0000] {logging_mixin.py:149} INFO - [2025-04-14T19:58:04.798+0000] {manager.py:504} INFO - Created Permission View: can delete on DAG:ibex35_daily_update
[2025-04-14T19:58:04.824+0000] {logging_mixin.py:149} INFO - [2025-04-14T19:58:04.824+0000] {manager.py:504} INFO - Created Permission View: can read on DAG:ibex35_daily_update
[2025-04-14T19:58:04.864+0000] {logging_mixin.py:149} INFO - [2025-04-14T19:58:04.863+0000] {dag.py:2726} INFO - Sync 1 DAGs
[2025-04-14T19:58:04.896+0000] {logging_mixin.py:149} INFO - [2025-04-14T19:58:04.895+0000] {dag.py:2747} INFO - Creating ORM DAG for ibex35_daily_update
[2025-04-14T19:58:04.922+0000] {logging_mixin.py:149} INFO - [2025-04-14T19:58:04.922+0000] {dag.py:3486} INFO - Setting next_dagrun for ibex35_daily_update to 2025-04-11T18:00:00+00:00, run_after=2025-04-14T18:00:00+00:00
[2025-04-14T19:58:04.980+0000] {processor.py:179} INFO - Processing /opt/airflow/dags/daily_update_dag.py took 4.516 seconds
[2025-04-14T19:58:35.517+0000] {processor.py:157} INFO - Started process (PID=202) to work on /opt/airflow/dags/daily_update_dag.py
[2025-04-14T19:58:35.521+0000] {processor.py:826} INFO - Processing file /opt/airflow/dags/daily_update_dag.py for tasks to queue
[2025-04-14T19:58:35.524+0000] {logging_mixin.py:149} INFO - [2025-04-14T19:58:35.523+0000] {dagbag.py:541} INFO - Filling up the DagBag from /opt/airflow/dags/daily_update_dag.py
[2025-04-14T19:58:37.501+0000] {logging_mixin.py:149} INFO - [2025-04-14T19:58:37.501+0000] {process_utils.py:258} INFO - Waiting up to 5 seconds for processes to exit...
[2025-04-14T19:58:38.216+0000] {logging_mixin.py:149} INFO - [2025-04-14T19:58:38.216+0000] {process_utils.py:258} INFO - Waiting up to 5 seconds for processes to exit...
[2025-04-14T20:00:05.664+0000] {processor.py:157} INFO - Started process (PID=160) to work on /opt/airflow/dags/daily_update_dag.py
[2025-04-14T20:00:05.668+0000] {processor.py:826} INFO - Processing file /opt/airflow/dags/daily_update_dag.py for tasks to queue
[2025-04-14T20:00:05.673+0000] {logging_mixin.py:149} INFO - [2025-04-14T20:00:05.672+0000] {dagbag.py:541} INFO - Filling up the DagBag from /opt/airflow/dags/daily_update_dag.py
[2025-04-14T20:00:09.604+0000] {processor.py:836} INFO - DAG(s) dict_keys(['ibex35_daily_update']) retrieved from /opt/airflow/dags/daily_update_dag.py
[2025-04-14T20:00:10.101+0000] {logging_mixin.py:149} INFO - [2025-04-14T20:00:10.100+0000] {dag.py:2726} INFO - Sync 1 DAGs
[2025-04-14T20:00:10.193+0000] {logging_mixin.py:149} INFO - [2025-04-14T20:00:10.192+0000] {dag.py:3486} INFO - Setting next_dagrun for ibex35_daily_update to 2025-04-11T18:00:00+00:00, run_after=2025-04-14T18:00:00+00:00
[2025-04-14T20:00:10.280+0000] {processor.py:179} INFO - Processing /opt/airflow/dags/daily_update_dag.py took 4.622 seconds
[2025-04-14T20:00:40.913+0000] {processor.py:157} INFO - Started process (PID=202) to work on /opt/airflow/dags/daily_update_dag.py
[2025-04-14T20:00:40.917+0000] {processor.py:826} INFO - Processing file /opt/airflow/dags/daily_update_dag.py for tasks to queue
[2025-04-14T20:00:40.921+0000] {logging_mixin.py:149} INFO - [2025-04-14T20:00:40.920+0000] {dagbag.py:541} INFO - Filling up the DagBag from /opt/airflow/dags/daily_update_dag.py
[2025-04-14T20:00:42.730+0000] {processor.py:836} INFO - DAG(s) dict_keys(['ibex35_daily_update']) retrieved from /opt/airflow/dags/daily_update_dag.py
[2025-04-14T20:00:42.812+0000] {logging_mixin.py:149} INFO - [2025-04-14T20:00:42.810+0000] {dag.py:2726} INFO - Sync 1 DAGs
[2025-04-14T20:00:42.866+0000] {logging_mixin.py:149} INFO - [2025-04-14T20:00:42.866+0000] {dag.py:3486} INFO - Setting next_dagrun for ibex35_daily_update to 2025-04-11T18:00:00+00:00, run_after=2025-04-14T18:00:00+00:00
[2025-04-14T20:00:42.921+0000] {processor.py:179} INFO - Processing /opt/airflow/dags/daily_update_dag.py took 2.020 seconds
[2025-04-14T20:01:13.432+0000] {processor.py:157} INFO - Started process (PID=262) to work on /opt/airflow/dags/daily_update_dag.py
[2025-04-14T20:01:13.438+0000] {processor.py:826} INFO - Processing file /opt/airflow/dags/daily_update_dag.py for tasks to queue
[2025-04-14T20:01:13.442+0000] {logging_mixin.py:149} INFO - [2025-04-14T20:01:13.441+0000] {dagbag.py:541} INFO - Filling up the DagBag from /opt/airflow/dags/daily_update_dag.py
[2025-04-14T20:01:15.389+0000] {processor.py:836} INFO - DAG(s) dict_keys(['ibex35_daily_update']) retrieved from /opt/airflow/dags/daily_update_dag.py
[2025-04-14T20:01:15.458+0000] {logging_mixin.py:149} INFO - [2025-04-14T20:01:15.457+0000] {dag.py:2726} INFO - Sync 1 DAGs
[2025-04-14T20:01:15.503+0000] {logging_mixin.py:149} INFO - [2025-04-14T20:01:15.503+0000] {dag.py:3486} INFO - Setting next_dagrun for ibex35_daily_update to 2025-04-11T18:00:00+00:00, run_after=2025-04-14T18:00:00+00:00
[2025-04-14T20:01:15.549+0000] {processor.py:179} INFO - Processing /opt/airflow/dags/daily_update_dag.py took 2.127 seconds
[2025-04-14T20:01:46.064+0000] {processor.py:157} INFO - Started process (PID=304) to work on /opt/airflow/dags/daily_update_dag.py
[2025-04-14T20:01:46.067+0000] {processor.py:826} INFO - Processing file /opt/airflow/dags/daily_update_dag.py for tasks to queue
[2025-04-14T20:01:46.069+0000] {logging_mixin.py:149} INFO - [2025-04-14T20:01:46.069+0000] {dagbag.py:541} INFO - Filling up the DagBag from /opt/airflow/dags/daily_update_dag.py
[2025-04-14T20:01:47.871+0000] {processor.py:836} INFO - DAG(s) dict_keys(['ibex35_daily_update']) retrieved from /opt/airflow/dags/daily_update_dag.py
[2025-04-14T20:01:47.979+0000] {logging_mixin.py:149} INFO - [2025-04-14T20:01:47.978+0000] {dag.py:2726} INFO - Sync 1 DAGs
[2025-04-14T20:01:48.052+0000] {logging_mixin.py:149} INFO - [2025-04-14T20:01:48.051+0000] {dag.py:3486} INFO - Setting next_dagrun for ibex35_daily_update to 2025-04-11T18:00:00+00:00, run_after=2025-04-14T18:00:00+00:00
[2025-04-14T20:01:48.122+0000] {processor.py:179} INFO - Processing /opt/airflow/dags/daily_update_dag.py took 2.066 seconds
[2025-04-14T20:02:18.564+0000] {processor.py:157} INFO - Started process (PID=346) to work on /opt/airflow/dags/daily_update_dag.py
[2025-04-14T20:02:18.568+0000] {processor.py:826} INFO - Processing file /opt/airflow/dags/daily_update_dag.py for tasks to queue
[2025-04-14T20:02:18.571+0000] {logging_mixin.py:149} INFO - [2025-04-14T20:02:18.571+0000] {dagbag.py:541} INFO - Filling up the DagBag from /opt/airflow/dags/daily_update_dag.py
[2025-04-14T20:02:20.238+0000] {processor.py:836} INFO - DAG(s) dict_keys(['ibex35_daily_update']) retrieved from /opt/airflow/dags/daily_update_dag.py
[2025-04-14T20:02:20.315+0000] {logging_mixin.py:149} INFO - [2025-04-14T20:02:20.314+0000] {dag.py:2726} INFO - Sync 1 DAGs
[2025-04-14T20:02:20.374+0000] {logging_mixin.py:149} INFO - [2025-04-14T20:02:20.374+0000] {dag.py:3486} INFO - Setting next_dagrun for ibex35_daily_update to 2025-04-11T18:00:00+00:00, run_after=2025-04-14T18:00:00+00:00
[2025-04-14T20:02:20.422+0000] {processor.py:179} INFO - Processing /opt/airflow/dags/daily_update_dag.py took 1.867 seconds
[2025-04-14T20:02:50.922+0000] {processor.py:157} INFO - Started process (PID=388) to work on /opt/airflow/dags/daily_update_dag.py
[2025-04-14T20:02:50.925+0000] {processor.py:826} INFO - Processing file /opt/airflow/dags/daily_update_dag.py for tasks to queue
[2025-04-14T20:02:50.928+0000] {logging_mixin.py:149} INFO - [2025-04-14T20:02:50.928+0000] {dagbag.py:541} INFO - Filling up the DagBag from /opt/airflow/dags/daily_update_dag.py
[2025-04-14T20:02:52.682+0000] {processor.py:836} INFO - DAG(s) dict_keys(['ibex35_daily_update']) retrieved from /opt/airflow/dags/daily_update_dag.py
[2025-04-14T20:02:52.803+0000] {logging_mixin.py:149} INFO - [2025-04-14T20:02:52.799+0000] {dag.py:2726} INFO - Sync 1 DAGs
[2025-04-14T20:02:52.873+0000] {logging_mixin.py:149} INFO - [2025-04-14T20:02:52.872+0000] {dag.py:3486} INFO - Setting next_dagrun for ibex35_daily_update to 2025-04-11T18:00:00+00:00, run_after=2025-04-14T18:00:00+00:00
[2025-04-14T20:02:52.931+0000] {processor.py:179} INFO - Processing /opt/airflow/dags/daily_update_dag.py took 2.021 seconds
[2025-04-14T20:03:23.449+0000] {processor.py:157} INFO - Started process (PID=430) to work on /opt/airflow/dags/daily_update_dag.py
[2025-04-14T20:03:23.453+0000] {processor.py:826} INFO - Processing file /opt/airflow/dags/daily_update_dag.py for tasks to queue
[2025-04-14T20:03:23.456+0000] {logging_mixin.py:149} INFO - [2025-04-14T20:03:23.455+0000] {dagbag.py:541} INFO - Filling up the DagBag from /opt/airflow/dags/daily_update_dag.py
[2025-04-14T20:03:25.076+0000] {processor.py:836} INFO - DAG(s) dict_keys(['ibex35_daily_update']) retrieved from /opt/airflow/dags/daily_update_dag.py
[2025-04-14T20:03:25.173+0000] {logging_mixin.py:149} INFO - [2025-04-14T20:03:25.172+0000] {dag.py:2726} INFO - Sync 1 DAGs
[2025-04-14T20:03:25.223+0000] {logging_mixin.py:149} INFO - [2025-04-14T20:03:25.223+0000] {dag.py:3486} INFO - Setting next_dagrun for ibex35_daily_update to 2025-04-11T18:00:00+00:00, run_after=2025-04-14T18:00:00+00:00
[2025-04-14T20:03:25.288+0000] {processor.py:179} INFO - Processing /opt/airflow/dags/daily_update_dag.py took 1.850 seconds
[2025-04-14T20:03:55.783+0000] {processor.py:157} INFO - Started process (PID=472) to work on /opt/airflow/dags/daily_update_dag.py
[2025-04-14T20:03:55.785+0000] {processor.py:826} INFO - Processing file /opt/airflow/dags/daily_update_dag.py for tasks to queue
[2025-04-14T20:03:55.787+0000] {logging_mixin.py:149} INFO - [2025-04-14T20:03:55.786+0000] {dagbag.py:541} INFO - Filling up the DagBag from /opt/airflow/dags/daily_update_dag.py
[2025-04-14T20:03:57.354+0000] {processor.py:836} INFO - DAG(s) dict_keys(['ibex35_daily_update']) retrieved from /opt/airflow/dags/daily_update_dag.py
[2025-04-14T20:03:57.445+0000] {logging_mixin.py:149} INFO - [2025-04-14T20:03:57.445+0000] {dag.py:2726} INFO - Sync 1 DAGs
[2025-04-14T20:03:57.501+0000] {logging_mixin.py:149} INFO - [2025-04-14T20:03:57.500+0000] {dag.py:3486} INFO - Setting next_dagrun for ibex35_daily_update to 2025-04-11T18:00:00+00:00, run_after=2025-04-14T18:00:00+00:00
[2025-04-14T20:03:57.575+0000] {processor.py:179} INFO - Processing /opt/airflow/dags/daily_update_dag.py took 1.797 seconds
[2025-04-14T20:04:28.090+0000] {processor.py:157} INFO - Started process (PID=514) to work on /opt/airflow/dags/daily_update_dag.py
[2025-04-14T20:04:28.093+0000] {processor.py:826} INFO - Processing file /opt/airflow/dags/daily_update_dag.py for tasks to queue
[2025-04-14T20:04:28.095+0000] {logging_mixin.py:149} INFO - [2025-04-14T20:04:28.095+0000] {dagbag.py:541} INFO - Filling up the DagBag from /opt/airflow/dags/daily_update_dag.py
[2025-04-14T20:04:29.744+0000] {processor.py:836} INFO - DAG(s) dict_keys(['ibex35_daily_update']) retrieved from /opt/airflow/dags/daily_update_dag.py
[2025-04-14T20:04:29.825+0000] {logging_mixin.py:149} INFO - [2025-04-14T20:04:29.824+0000] {dag.py:2726} INFO - Sync 1 DAGs
[2025-04-14T20:04:29.871+0000] {logging_mixin.py:149} INFO - [2025-04-14T20:04:29.871+0000] {dag.py:3486} INFO - Setting next_dagrun for ibex35_daily_update to 2025-04-11T18:00:00+00:00, run_after=2025-04-14T18:00:00+00:00
[2025-04-14T20:04:29.930+0000] {processor.py:179} INFO - Processing /opt/airflow/dags/daily_update_dag.py took 1.844 seconds
[2025-04-14T20:05:00.433+0000] {processor.py:157} INFO - Started process (PID=556) to work on /opt/airflow/dags/daily_update_dag.py
[2025-04-14T20:05:00.436+0000] {processor.py:826} INFO - Processing file /opt/airflow/dags/daily_update_dag.py for tasks to queue
[2025-04-14T20:05:00.438+0000] {logging_mixin.py:149} INFO - [2025-04-14T20:05:00.438+0000] {dagbag.py:541} INFO - Filling up the DagBag from /opt/airflow/dags/daily_update_dag.py
[2025-04-14T20:05:02.214+0000] {processor.py:836} INFO - DAG(s) dict_keys(['ibex35_daily_update']) retrieved from /opt/airflow/dags/daily_update_dag.py
[2025-04-14T20:05:02.302+0000] {logging_mixin.py:149} INFO - [2025-04-14T20:05:02.300+0000] {dag.py:2726} INFO - Sync 1 DAGs
[2025-04-14T20:05:02.356+0000] {logging_mixin.py:149} INFO - [2025-04-14T20:05:02.355+0000] {dag.py:3486} INFO - Setting next_dagrun for ibex35_daily_update to 2025-04-11T18:00:00+00:00, run_after=2025-04-14T18:00:00+00:00
[2025-04-14T20:05:02.405+0000] {processor.py:179} INFO - Processing /opt/airflow/dags/daily_update_dag.py took 1.978 seconds
[2025-04-14T20:05:32.938+0000] {processor.py:157} INFO - Started process (PID=598) to work on /opt/airflow/dags/daily_update_dag.py
[2025-04-14T20:05:32.941+0000] {processor.py:826} INFO - Processing file /opt/airflow/dags/daily_update_dag.py for tasks to queue
[2025-04-14T20:05:32.943+0000] {logging_mixin.py:149} INFO - [2025-04-14T20:05:32.942+0000] {dagbag.py:541} INFO - Filling up the DagBag from /opt/airflow/dags/daily_update_dag.py
[2025-04-14T20:05:34.579+0000] {processor.py:836} INFO - DAG(s) dict_keys(['ibex35_daily_update']) retrieved from /opt/airflow/dags/daily_update_dag.py
[2025-04-14T20:05:34.667+0000] {logging_mixin.py:149} INFO - [2025-04-14T20:05:34.665+0000] {dag.py:2726} INFO - Sync 1 DAGs
[2025-04-14T20:05:34.716+0000] {logging_mixin.py:149} INFO - [2025-04-14T20:05:34.716+0000] {dag.py:3486} INFO - Setting next_dagrun for ibex35_daily_update to 2025-04-11T18:00:00+00:00, run_after=2025-04-14T18:00:00+00:00
[2025-04-14T20:05:34.772+0000] {processor.py:179} INFO - Processing /opt/airflow/dags/daily_update_dag.py took 1.838 seconds
[2025-04-14T20:06:05.203+0000] {processor.py:157} INFO - Started process (PID=640) to work on /opt/airflow/dags/daily_update_dag.py
[2025-04-14T20:06:05.205+0000] {processor.py:826} INFO - Processing file /opt/airflow/dags/daily_update_dag.py for tasks to queue
[2025-04-14T20:06:05.208+0000] {logging_mixin.py:149} INFO - [2025-04-14T20:06:05.207+0000] {dagbag.py:541} INFO - Filling up the DagBag from /opt/airflow/dags/daily_update_dag.py
[2025-04-14T20:06:06.955+0000] {processor.py:836} INFO - DAG(s) dict_keys(['ibex35_daily_update']) retrieved from /opt/airflow/dags/daily_update_dag.py
[2025-04-14T20:06:07.041+0000] {logging_mixin.py:149} INFO - [2025-04-14T20:06:07.039+0000] {dag.py:2726} INFO - Sync 1 DAGs
[2025-04-14T20:06:07.095+0000] {logging_mixin.py:149} INFO - [2025-04-14T20:06:07.094+0000] {dag.py:3486} INFO - Setting next_dagrun for ibex35_daily_update to 2025-04-11T18:00:00+00:00, run_after=2025-04-14T18:00:00+00:00
[2025-04-14T20:06:07.151+0000] {processor.py:179} INFO - Processing /opt/airflow/dags/daily_update_dag.py took 1.954 seconds
[2025-04-14T20:06:37.581+0000] {processor.py:157} INFO - Started process (PID=700) to work on /opt/airflow/dags/daily_update_dag.py
[2025-04-14T20:06:37.583+0000] {processor.py:826} INFO - Processing file /opt/airflow/dags/daily_update_dag.py for tasks to queue
[2025-04-14T20:06:37.585+0000] {logging_mixin.py:149} INFO - [2025-04-14T20:06:37.585+0000] {dagbag.py:541} INFO - Filling up the DagBag from /opt/airflow/dags/daily_update_dag.py
[2025-04-14T20:06:39.466+0000] {processor.py:836} INFO - DAG(s) dict_keys(['ibex35_daily_update']) retrieved from /opt/airflow/dags/daily_update_dag.py
[2025-04-14T20:06:39.558+0000] {logging_mixin.py:149} INFO - [2025-04-14T20:06:39.557+0000] {dag.py:2726} INFO - Sync 1 DAGs
[2025-04-14T20:06:39.615+0000] {logging_mixin.py:149} INFO - [2025-04-14T20:06:39.615+0000] {dag.py:3486} INFO - Setting next_dagrun for ibex35_daily_update to 2025-04-11T18:00:00+00:00, run_after=2025-04-14T18:00:00+00:00
[2025-04-14T20:06:39.676+0000] {processor.py:179} INFO - Processing /opt/airflow/dags/daily_update_dag.py took 2.101 seconds
[2025-04-14T20:07:10.525+0000] {processor.py:157} INFO - Started process (PID=742) to work on /opt/airflow/dags/daily_update_dag.py
[2025-04-14T20:07:10.527+0000] {processor.py:826} INFO - Processing file /opt/airflow/dags/daily_update_dag.py for tasks to queue
[2025-04-14T20:07:10.529+0000] {logging_mixin.py:149} INFO - [2025-04-14T20:07:10.529+0000] {dagbag.py:541} INFO - Filling up the DagBag from /opt/airflow/dags/daily_update_dag.py
[2025-04-14T20:07:11.991+0000] {processor.py:836} INFO - DAG(s) dict_keys(['ibex35_daily_update']) retrieved from /opt/airflow/dags/daily_update_dag.py
[2025-04-14T20:07:12.080+0000] {logging_mixin.py:149} INFO - [2025-04-14T20:07:12.079+0000] {dag.py:2726} INFO - Sync 1 DAGs
[2025-04-14T20:07:12.141+0000] {logging_mixin.py:149} INFO - [2025-04-14T20:07:12.140+0000] {dag.py:3486} INFO - Setting next_dagrun for ibex35_daily_update to 2025-04-11T18:00:00+00:00, run_after=2025-04-14T18:00:00+00:00
[2025-04-14T20:07:12.228+0000] {processor.py:179} INFO - Processing /opt/airflow/dags/daily_update_dag.py took 1.833 seconds
[2025-04-14T20:07:42.722+0000] {processor.py:157} INFO - Started process (PID=784) to work on /opt/airflow/dags/daily_update_dag.py
[2025-04-14T20:07:42.724+0000] {processor.py:826} INFO - Processing file /opt/airflow/dags/daily_update_dag.py for tasks to queue
[2025-04-14T20:07:42.727+0000] {logging_mixin.py:149} INFO - [2025-04-14T20:07:42.726+0000] {dagbag.py:541} INFO - Filling up the DagBag from /opt/airflow/dags/daily_update_dag.py
[2025-04-14T20:07:44.460+0000] {processor.py:836} INFO - DAG(s) dict_keys(['ibex35_daily_update']) retrieved from /opt/airflow/dags/daily_update_dag.py
[2025-04-14T20:07:44.553+0000] {logging_mixin.py:149} INFO - [2025-04-14T20:07:44.552+0000] {dag.py:2726} INFO - Sync 1 DAGs
[2025-04-14T20:07:44.612+0000] {logging_mixin.py:149} INFO - [2025-04-14T20:07:44.610+0000] {dag.py:3486} INFO - Setting next_dagrun for ibex35_daily_update to 2025-04-11T18:00:00+00:00, run_after=2025-04-14T18:00:00+00:00
[2025-04-14T20:07:44.672+0000] {processor.py:179} INFO - Processing /opt/airflow/dags/daily_update_dag.py took 1.955 seconds
[2025-04-14T20:08:15.097+0000] {processor.py:157} INFO - Started process (PID=826) to work on /opt/airflow/dags/daily_update_dag.py
[2025-04-14T20:08:15.099+0000] {processor.py:826} INFO - Processing file /opt/airflow/dags/daily_update_dag.py for tasks to queue
[2025-04-14T20:08:15.101+0000] {logging_mixin.py:149} INFO - [2025-04-14T20:08:15.100+0000] {dagbag.py:541} INFO - Filling up the DagBag from /opt/airflow/dags/daily_update_dag.py
[2025-04-14T20:08:16.819+0000] {processor.py:836} INFO - DAG(s) dict_keys(['ibex35_daily_update']) retrieved from /opt/airflow/dags/daily_update_dag.py
[2025-04-14T20:08:16.920+0000] {logging_mixin.py:149} INFO - [2025-04-14T20:08:16.919+0000] {dag.py:2726} INFO - Sync 1 DAGs
[2025-04-14T20:08:16.985+0000] {logging_mixin.py:149} INFO - [2025-04-14T20:08:16.985+0000] {dag.py:3486} INFO - Setting next_dagrun for ibex35_daily_update to 2025-04-11T18:00:00+00:00, run_after=2025-04-14T18:00:00+00:00
[2025-04-14T20:08:17.047+0000] {processor.py:179} INFO - Processing /opt/airflow/dags/daily_update_dag.py took 1.956 seconds
[2025-04-14T20:16:32.366+0000] {processor.py:157} INFO - Started process (PID=870) to work on /opt/airflow/dags/daily_update_dag.py
[2025-04-14T20:16:32.369+0000] {processor.py:826} INFO - Processing file /opt/airflow/dags/daily_update_dag.py for tasks to queue
[2025-04-14T20:16:32.372+0000] {logging_mixin.py:149} INFO - [2025-04-14T20:16:32.372+0000] {dagbag.py:541} INFO - Filling up the DagBag from /opt/airflow/dags/daily_update_dag.py
[2025-04-14T20:16:34.528+0000] {processor.py:836} INFO - DAG(s) dict_keys(['ibex35_daily_update']) retrieved from /opt/airflow/dags/daily_update_dag.py
[2025-04-14T20:16:34.623+0000] {logging_mixin.py:149} INFO - [2025-04-14T20:16:34.622+0000] {dag.py:2726} INFO - Sync 1 DAGs
[2025-04-14T20:16:34.682+0000] {logging_mixin.py:149} INFO - [2025-04-14T20:16:34.682+0000] {dag.py:3486} INFO - Setting next_dagrun for ibex35_daily_update to 2025-04-11T18:00:00+00:00, run_after=2025-04-14T18:00:00+00:00
[2025-04-14T20:16:34.732+0000] {processor.py:179} INFO - Processing /opt/airflow/dags/daily_update_dag.py took 2.374 seconds
[2025-04-14T20:17:05.142+0000] {processor.py:157} INFO - Started process (PID=912) to work on /opt/airflow/dags/daily_update_dag.py
[2025-04-14T20:17:05.144+0000] {processor.py:826} INFO - Processing file /opt/airflow/dags/daily_update_dag.py for tasks to queue
[2025-04-14T20:17:05.146+0000] {logging_mixin.py:149} INFO - [2025-04-14T20:17:05.146+0000] {dagbag.py:541} INFO - Filling up the DagBag from /opt/airflow/dags/daily_update_dag.py
[2025-04-14T20:17:06.836+0000] {processor.py:836} INFO - DAG(s) dict_keys(['ibex35_daily_update']) retrieved from /opt/airflow/dags/daily_update_dag.py
[2025-04-14T20:17:06.914+0000] {logging_mixin.py:149} INFO - [2025-04-14T20:17:06.913+0000] {dag.py:2726} INFO - Sync 1 DAGs
[2025-04-14T20:17:06.963+0000] {logging_mixin.py:149} INFO - [2025-04-14T20:17:06.963+0000] {dag.py:3486} INFO - Setting next_dagrun for ibex35_daily_update to 2025-04-11T18:00:00+00:00, run_after=2025-04-14T18:00:00+00:00
[2025-04-14T20:17:07.020+0000] {processor.py:179} INFO - Processing /opt/airflow/dags/daily_update_dag.py took 1.883 seconds
[2025-04-14T20:17:37.491+0000] {processor.py:157} INFO - Started process (PID=954) to work on /opt/airflow/dags/daily_update_dag.py
[2025-04-14T20:17:37.493+0000] {processor.py:826} INFO - Processing file /opt/airflow/dags/daily_update_dag.py for tasks to queue
[2025-04-14T20:17:37.496+0000] {logging_mixin.py:149} INFO - [2025-04-14T20:17:37.495+0000] {dagbag.py:541} INFO - Filling up the DagBag from /opt/airflow/dags/daily_update_dag.py
[2025-04-14T20:17:39.276+0000] {processor.py:836} INFO - DAG(s) dict_keys(['ibex35_daily_update']) retrieved from /opt/airflow/dags/daily_update_dag.py
[2025-04-14T20:17:39.356+0000] {logging_mixin.py:149} INFO - [2025-04-14T20:17:39.355+0000] {dag.py:2726} INFO - Sync 1 DAGs
[2025-04-14T20:17:39.408+0000] {logging_mixin.py:149} INFO - [2025-04-14T20:17:39.407+0000] {dag.py:3486} INFO - Setting next_dagrun for ibex35_daily_update to 2025-04-11T18:00:00+00:00, run_after=2025-04-14T18:00:00+00:00
[2025-04-14T20:17:39.463+0000] {processor.py:179} INFO - Processing /opt/airflow/dags/daily_update_dag.py took 1.978 seconds
[2025-04-14T20:18:09.993+0000] {processor.py:157} INFO - Started process (PID=996) to work on /opt/airflow/dags/daily_update_dag.py
[2025-04-14T20:18:09.995+0000] {processor.py:826} INFO - Processing file /opt/airflow/dags/daily_update_dag.py for tasks to queue
[2025-04-14T20:18:09.999+0000] {logging_mixin.py:149} INFO - [2025-04-14T20:18:09.998+0000] {dagbag.py:541} INFO - Filling up the DagBag from /opt/airflow/dags/daily_update_dag.py
[2025-04-14T20:18:11.723+0000] {processor.py:836} INFO - DAG(s) dict_keys(['ibex35_daily_update']) retrieved from /opt/airflow/dags/daily_update_dag.py
[2025-04-14T20:18:11.809+0000] {logging_mixin.py:149} INFO - [2025-04-14T20:18:11.808+0000] {dag.py:2726} INFO - Sync 1 DAGs
[2025-04-14T20:18:11.916+0000] {logging_mixin.py:149} INFO - [2025-04-14T20:18:11.916+0000] {dag.py:3486} INFO - Setting next_dagrun for ibex35_daily_update to 2025-04-11T18:00:00+00:00, run_after=2025-04-14T18:00:00+00:00
[2025-04-14T20:18:11.970+0000] {processor.py:179} INFO - Processing /opt/airflow/dags/daily_update_dag.py took 1.986 seconds
[2025-04-14T20:18:42.409+0000] {processor.py:157} INFO - Started process (PID=1038) to work on /opt/airflow/dags/daily_update_dag.py
[2025-04-14T20:18:42.412+0000] {processor.py:826} INFO - Processing file /opt/airflow/dags/daily_update_dag.py for tasks to queue
[2025-04-14T20:18:42.414+0000] {logging_mixin.py:149} INFO - [2025-04-14T20:18:42.413+0000] {dagbag.py:541} INFO - Filling up the DagBag from /opt/airflow/dags/daily_update_dag.py
[2025-04-14T20:18:44.141+0000] {processor.py:836} INFO - DAG(s) dict_keys(['ibex35_daily_update']) retrieved from /opt/airflow/dags/daily_update_dag.py
[2025-04-14T20:18:44.238+0000] {logging_mixin.py:149} INFO - [2025-04-14T20:18:44.237+0000] {dag.py:2726} INFO - Sync 1 DAGs
[2025-04-14T20:18:44.296+0000] {logging_mixin.py:149} INFO - [2025-04-14T20:18:44.295+0000] {dag.py:3486} INFO - Setting next_dagrun for ibex35_daily_update to 2025-04-11T18:00:00+00:00, run_after=2025-04-14T18:00:00+00:00
[2025-04-14T20:18:44.354+0000] {processor.py:179} INFO - Processing /opt/airflow/dags/daily_update_dag.py took 1.951 seconds
[2025-04-14T20:19:14.786+0000] {processor.py:157} INFO - Started process (PID=1080) to work on /opt/airflow/dags/daily_update_dag.py
[2025-04-14T20:19:14.788+0000] {processor.py:826} INFO - Processing file /opt/airflow/dags/daily_update_dag.py for tasks to queue
[2025-04-14T20:19:14.790+0000] {logging_mixin.py:149} INFO - [2025-04-14T20:19:14.790+0000] {dagbag.py:541} INFO - Filling up the DagBag from /opt/airflow/dags/daily_update_dag.py
[2025-04-14T20:19:16.541+0000] {processor.py:836} INFO - DAG(s) dict_keys(['ibex35_daily_update']) retrieved from /opt/airflow/dags/daily_update_dag.py
[2025-04-14T20:19:16.624+0000] {logging_mixin.py:149} INFO - [2025-04-14T20:19:16.623+0000] {dag.py:2726} INFO - Sync 1 DAGs
[2025-04-14T20:19:16.679+0000] {logging_mixin.py:149} INFO - [2025-04-14T20:19:16.679+0000] {dag.py:3486} INFO - Setting next_dagrun for ibex35_daily_update to 2025-04-11T18:00:00+00:00, run_after=2025-04-14T18:00:00+00:00
[2025-04-14T20:19:16.733+0000] {processor.py:179} INFO - Processing /opt/airflow/dags/daily_update_dag.py took 1.953 seconds
[2025-04-14T20:19:47.007+0000] {processor.py:157} INFO - Started process (PID=1122) to work on /opt/airflow/dags/daily_update_dag.py
[2025-04-14T20:19:47.008+0000] {processor.py:826} INFO - Processing file /opt/airflow/dags/daily_update_dag.py for tasks to queue
[2025-04-14T20:19:47.010+0000] {logging_mixin.py:149} INFO - [2025-04-14T20:19:47.009+0000] {dagbag.py:541} INFO - Filling up the DagBag from /opt/airflow/dags/daily_update_dag.py
[2025-04-14T20:19:47.848+0000] {processor.py:836} INFO - DAG(s) dict_keys(['ibex35_daily_update']) retrieved from /opt/airflow/dags/daily_update_dag.py
[2025-04-14T20:19:47.891+0000] {logging_mixin.py:149} INFO - [2025-04-14T20:19:47.889+0000] {dag.py:2726} INFO - Sync 1 DAGs
[2025-04-14T20:19:47.917+0000] {logging_mixin.py:149} INFO - [2025-04-14T20:19:47.916+0000] {dag.py:3486} INFO - Setting next_dagrun for ibex35_daily_update to 2025-04-11T18:00:00+00:00, run_after=2025-04-14T18:00:00+00:00
[2025-04-14T20:19:47.948+0000] {processor.py:179} INFO - Processing /opt/airflow/dags/daily_update_dag.py took 0.943 seconds
[2025-04-14T20:26:44.558+0000] {processor.py:157} INFO - Started process (PID=1164) to work on /opt/airflow/dags/daily_update_dag.py
[2025-04-14T20:26:44.559+0000] {processor.py:826} INFO - Processing file /opt/airflow/dags/daily_update_dag.py for tasks to queue
[2025-04-14T20:26:44.561+0000] {logging_mixin.py:149} INFO - [2025-04-14T20:26:44.561+0000] {dagbag.py:541} INFO - Filling up the DagBag from /opt/airflow/dags/daily_update_dag.py
[2025-04-14T20:26:45.523+0000] {processor.py:836} INFO - DAG(s) dict_keys(['ibex35_daily_update']) retrieved from /opt/airflow/dags/daily_update_dag.py
[2025-04-14T20:26:45.567+0000] {logging_mixin.py:149} INFO - [2025-04-14T20:26:45.566+0000] {dag.py:2726} INFO - Sync 1 DAGs
[2025-04-14T20:26:45.593+0000] {logging_mixin.py:149} INFO - [2025-04-14T20:26:45.592+0000] {dag.py:3486} INFO - Setting next_dagrun for ibex35_daily_update to 2025-04-11T18:00:00+00:00, run_after=2025-04-14T18:00:00+00:00
[2025-04-14T20:26:45.622+0000] {processor.py:179} INFO - Processing /opt/airflow/dags/daily_update_dag.py took 1.068 seconds
[2025-04-14T20:27:16.184+0000] {processor.py:157} INFO - Started process (PID=1206) to work on /opt/airflow/dags/daily_update_dag.py
[2025-04-14T20:27:16.186+0000] {processor.py:826} INFO - Processing file /opt/airflow/dags/daily_update_dag.py for tasks to queue
[2025-04-14T20:27:16.187+0000] {logging_mixin.py:149} INFO - [2025-04-14T20:27:16.187+0000] {dagbag.py:541} INFO - Filling up the DagBag from /opt/airflow/dags/daily_update_dag.py
[2025-04-14T20:27:16.959+0000] {processor.py:836} INFO - DAG(s) dict_keys(['ibex35_daily_update']) retrieved from /opt/airflow/dags/daily_update_dag.py
[2025-04-14T20:27:16.997+0000] {logging_mixin.py:149} INFO - [2025-04-14T20:27:16.996+0000] {dag.py:2726} INFO - Sync 1 DAGs
[2025-04-14T20:27:17.024+0000] {logging_mixin.py:149} INFO - [2025-04-14T20:27:17.024+0000] {dag.py:3486} INFO - Setting next_dagrun for ibex35_daily_update to 2025-04-11T18:00:00+00:00, run_after=2025-04-14T18:00:00+00:00
[2025-04-14T20:27:17.055+0000] {processor.py:179} INFO - Processing /opt/airflow/dags/daily_update_dag.py took 0.873 seconds
[2025-04-14T20:27:47.350+0000] {processor.py:157} INFO - Started process (PID=1248) to work on /opt/airflow/dags/daily_update_dag.py
[2025-04-14T20:27:47.351+0000] {processor.py:826} INFO - Processing file /opt/airflow/dags/daily_update_dag.py for tasks to queue
[2025-04-14T20:27:47.353+0000] {logging_mixin.py:149} INFO - [2025-04-14T20:27:47.352+0000] {dagbag.py:541} INFO - Filling up the DagBag from /opt/airflow/dags/daily_update_dag.py
[2025-04-14T20:27:48.172+0000] {processor.py:836} INFO - DAG(s) dict_keys(['ibex35_daily_update']) retrieved from /opt/airflow/dags/daily_update_dag.py
[2025-04-14T20:27:48.213+0000] {logging_mixin.py:149} INFO - [2025-04-14T20:27:48.213+0000] {dag.py:2726} INFO - Sync 1 DAGs
[2025-04-14T20:27:48.238+0000] {logging_mixin.py:149} INFO - [2025-04-14T20:27:48.238+0000] {dag.py:3486} INFO - Setting next_dagrun for ibex35_daily_update to 2025-04-11T18:00:00+00:00, run_after=2025-04-14T18:00:00+00:00
[2025-04-14T20:27:48.269+0000] {processor.py:179} INFO - Processing /opt/airflow/dags/daily_update_dag.py took 0.921 seconds
[2025-04-14T20:28:18.588+0000] {processor.py:157} INFO - Started process (PID=1290) to work on /opt/airflow/dags/daily_update_dag.py
[2025-04-14T20:28:18.589+0000] {processor.py:826} INFO - Processing file /opt/airflow/dags/daily_update_dag.py for tasks to queue
[2025-04-14T20:28:18.590+0000] {logging_mixin.py:149} INFO - [2025-04-14T20:28:18.590+0000] {dagbag.py:541} INFO - Filling up the DagBag from /opt/airflow/dags/daily_update_dag.py
[2025-04-14T20:28:19.388+0000] {processor.py:836} INFO - DAG(s) dict_keys(['ibex35_daily_update']) retrieved from /opt/airflow/dags/daily_update_dag.py
[2025-04-14T20:28:19.430+0000] {logging_mixin.py:149} INFO - [2025-04-14T20:28:19.429+0000] {dag.py:2726} INFO - Sync 1 DAGs
[2025-04-14T20:28:19.456+0000] {logging_mixin.py:149} INFO - [2025-04-14T20:28:19.455+0000] {dag.py:3486} INFO - Setting next_dagrun for ibex35_daily_update to 2025-04-11T18:00:00+00:00, run_after=2025-04-14T18:00:00+00:00
[2025-04-14T20:28:19.489+0000] {processor.py:179} INFO - Processing /opt/airflow/dags/daily_update_dag.py took 0.903 seconds
[2025-04-14T20:28:49.790+0000] {processor.py:157} INFO - Started process (PID=1332) to work on /opt/airflow/dags/daily_update_dag.py
[2025-04-14T20:28:49.790+0000] {processor.py:826} INFO - Processing file /opt/airflow/dags/daily_update_dag.py for tasks to queue
[2025-04-14T20:28:49.791+0000] {logging_mixin.py:149} INFO - [2025-04-14T20:28:49.791+0000] {dagbag.py:541} INFO - Filling up the DagBag from /opt/airflow/dags/daily_update_dag.py
[2025-04-14T20:28:50.590+0000] {processor.py:836} INFO - DAG(s) dict_keys(['ibex35_daily_update']) retrieved from /opt/airflow/dags/daily_update_dag.py
[2025-04-14T20:28:50.631+0000] {logging_mixin.py:149} INFO - [2025-04-14T20:28:50.629+0000] {dag.py:2726} INFO - Sync 1 DAGs
[2025-04-14T20:28:50.657+0000] {logging_mixin.py:149} INFO - [2025-04-14T20:28:50.656+0000] {dag.py:3486} INFO - Setting next_dagrun for ibex35_daily_update to 2025-04-11T18:00:00+00:00, run_after=2025-04-14T18:00:00+00:00
[2025-04-14T20:28:50.685+0000] {processor.py:179} INFO - Processing /opt/airflow/dags/daily_update_dag.py took 0.898 seconds
