[2025-04-14T19:44:25.161+0000] {processor.py:157} INFO - Started process (PID=157) to work on /opt/airflow/dags/historical_data_dag.py
[2025-04-14T19:44:25.164+0000] {processor.py:826} INFO - Processing file /opt/airflow/dags/historical_data_dag.py for tasks to queue
[2025-04-14T19:44:25.166+0000] {logging_mixin.py:149} INFO - [2025-04-14T19:44:25.165+0000] {dagbag.py:541} INFO - Filling up the DagBag from /opt/airflow/dags/historical_data_dag.py
[2025-04-14T19:44:29.111+0000] {processor.py:836} INFO - DAG(s) dict_keys(['ibex35_historical_data']) retrieved from /opt/airflow/dags/historical_data_dag.py
[2025-04-14T19:44:29.254+0000] {logging_mixin.py:149} INFO - [2025-04-14T19:44:29.254+0000] {dag.py:2726} INFO - Sync 1 DAGs
[2025-04-14T19:44:29.310+0000] {logging_mixin.py:149} INFO - [2025-04-14T19:44:29.309+0000] {dag.py:3486} INFO - Setting next_dagrun for ibex35_historical_data to None, run_after=None
[2025-04-14T19:44:29.365+0000] {processor.py:179} INFO - Processing /opt/airflow/dags/historical_data_dag.py took 4.207 seconds
[2025-04-14T19:44:59.912+0000] {processor.py:157} INFO - Started process (PID=199) to work on /opt/airflow/dags/historical_data_dag.py
[2025-04-14T19:44:59.924+0000] {processor.py:826} INFO - Processing file /opt/airflow/dags/historical_data_dag.py for tasks to queue
[2025-04-14T19:44:59.927+0000] {logging_mixin.py:149} INFO - [2025-04-14T19:44:59.926+0000] {dagbag.py:541} INFO - Filling up the DagBag from /opt/airflow/dags/historical_data_dag.py
[2025-04-14T19:45:01.481+0000] {processor.py:836} INFO - DAG(s) dict_keys(['ibex35_historical_data']) retrieved from /opt/airflow/dags/historical_data_dag.py
[2025-04-14T19:45:01.561+0000] {logging_mixin.py:149} INFO - [2025-04-14T19:45:01.561+0000] {dag.py:2726} INFO - Sync 1 DAGs
[2025-04-14T19:45:01.607+0000] {logging_mixin.py:149} INFO - [2025-04-14T19:45:01.607+0000] {dag.py:3486} INFO - Setting next_dagrun for ibex35_historical_data to None, run_after=None
[2025-04-14T19:45:01.693+0000] {processor.py:179} INFO - Processing /opt/airflow/dags/historical_data_dag.py took 1.801 seconds
[2025-04-14T19:45:32.123+0000] {processor.py:157} INFO - Started process (PID=241) to work on /opt/airflow/dags/historical_data_dag.py
[2025-04-14T19:45:32.124+0000] {processor.py:826} INFO - Processing file /opt/airflow/dags/historical_data_dag.py for tasks to queue
[2025-04-14T19:45:32.127+0000] {logging_mixin.py:149} INFO - [2025-04-14T19:45:32.126+0000] {dagbag.py:541} INFO - Filling up the DagBag from /opt/airflow/dags/historical_data_dag.py
[2025-04-14T19:45:33.658+0000] {processor.py:836} INFO - DAG(s) dict_keys(['ibex35_historical_data']) retrieved from /opt/airflow/dags/historical_data_dag.py
[2025-04-14T19:45:33.731+0000] {logging_mixin.py:149} INFO - [2025-04-14T19:45:33.730+0000] {dag.py:2726} INFO - Sync 1 DAGs
[2025-04-14T19:45:33.777+0000] {logging_mixin.py:149} INFO - [2025-04-14T19:45:33.777+0000] {dag.py:3486} INFO - Setting next_dagrun for ibex35_historical_data to None, run_after=None
[2025-04-14T19:45:33.867+0000] {processor.py:179} INFO - Processing /opt/airflow/dags/historical_data_dag.py took 1.750 seconds
[2025-04-14T19:46:04.363+0000] {processor.py:157} INFO - Started process (PID=283) to work on /opt/airflow/dags/historical_data_dag.py
[2025-04-14T19:46:04.365+0000] {processor.py:826} INFO - Processing file /opt/airflow/dags/historical_data_dag.py for tasks to queue
[2025-04-14T19:46:04.367+0000] {logging_mixin.py:149} INFO - [2025-04-14T19:46:04.367+0000] {dagbag.py:541} INFO - Filling up the DagBag from /opt/airflow/dags/historical_data_dag.py
[2025-04-14T19:46:05.926+0000] {processor.py:836} INFO - DAG(s) dict_keys(['ibex35_historical_data']) retrieved from /opt/airflow/dags/historical_data_dag.py
[2025-04-14T19:46:06.012+0000] {logging_mixin.py:149} INFO - [2025-04-14T19:46:06.011+0000] {dag.py:2726} INFO - Sync 1 DAGs
[2025-04-14T19:46:06.055+0000] {logging_mixin.py:149} INFO - [2025-04-14T19:46:06.054+0000] {dag.py:3486} INFO - Setting next_dagrun for ibex35_historical_data to None, run_after=None
[2025-04-14T19:46:06.123+0000] {processor.py:179} INFO - Processing /opt/airflow/dags/historical_data_dag.py took 1.766 seconds
[2025-04-14T19:46:36.659+0000] {processor.py:157} INFO - Started process (PID=325) to work on /opt/airflow/dags/historical_data_dag.py
[2025-04-14T19:46:36.662+0000] {processor.py:826} INFO - Processing file /opt/airflow/dags/historical_data_dag.py for tasks to queue
[2025-04-14T19:46:36.666+0000] {logging_mixin.py:149} INFO - [2025-04-14T19:46:36.666+0000] {dagbag.py:541} INFO - Filling up the DagBag from /opt/airflow/dags/historical_data_dag.py
[2025-04-14T19:46:38.357+0000] {processor.py:836} INFO - DAG(s) dict_keys(['ibex35_historical_data']) retrieved from /opt/airflow/dags/historical_data_dag.py
[2025-04-14T19:46:38.456+0000] {logging_mixin.py:149} INFO - [2025-04-14T19:46:38.455+0000] {dag.py:2726} INFO - Sync 1 DAGs
[2025-04-14T19:46:38.499+0000] {logging_mixin.py:149} INFO - [2025-04-14T19:46:38.498+0000] {dag.py:3486} INFO - Setting next_dagrun for ibex35_historical_data to None, run_after=None
[2025-04-14T19:46:38.585+0000] {processor.py:179} INFO - Processing /opt/airflow/dags/historical_data_dag.py took 1.934 seconds
[2025-04-14T19:47:09.087+0000] {processor.py:157} INFO - Started process (PID=367) to work on /opt/airflow/dags/historical_data_dag.py
[2025-04-14T19:47:09.090+0000] {processor.py:826} INFO - Processing file /opt/airflow/dags/historical_data_dag.py for tasks to queue
[2025-04-14T19:47:09.092+0000] {logging_mixin.py:149} INFO - [2025-04-14T19:47:09.092+0000] {dagbag.py:541} INFO - Filling up the DagBag from /opt/airflow/dags/historical_data_dag.py
[2025-04-14T19:47:10.815+0000] {processor.py:836} INFO - DAG(s) dict_keys(['ibex35_historical_data']) retrieved from /opt/airflow/dags/historical_data_dag.py
[2025-04-14T19:47:10.929+0000] {logging_mixin.py:149} INFO - [2025-04-14T19:47:10.927+0000] {dag.py:2726} INFO - Sync 1 DAGs
[2025-04-14T19:47:10.985+0000] {logging_mixin.py:149} INFO - [2025-04-14T19:47:10.985+0000] {dag.py:3486} INFO - Setting next_dagrun for ibex35_historical_data to None, run_after=None
[2025-04-14T19:47:11.038+0000] {processor.py:179} INFO - Processing /opt/airflow/dags/historical_data_dag.py took 1.960 seconds
[2025-04-14T19:47:41.469+0000] {processor.py:157} INFO - Started process (PID=409) to work on /opt/airflow/dags/historical_data_dag.py
[2025-04-14T19:47:41.471+0000] {processor.py:826} INFO - Processing file /opt/airflow/dags/historical_data_dag.py for tasks to queue
[2025-04-14T19:47:41.473+0000] {logging_mixin.py:149} INFO - [2025-04-14T19:47:41.473+0000] {dagbag.py:541} INFO - Filling up the DagBag from /opt/airflow/dags/historical_data_dag.py
[2025-04-14T19:47:43.096+0000] {processor.py:836} INFO - DAG(s) dict_keys(['ibex35_historical_data']) retrieved from /opt/airflow/dags/historical_data_dag.py
[2025-04-14T19:47:43.179+0000] {logging_mixin.py:149} INFO - [2025-04-14T19:47:43.179+0000] {dag.py:2726} INFO - Sync 1 DAGs
[2025-04-14T19:47:43.228+0000] {logging_mixin.py:149} INFO - [2025-04-14T19:47:43.227+0000] {dag.py:3486} INFO - Setting next_dagrun for ibex35_historical_data to None, run_after=None
[2025-04-14T19:47:43.285+0000] {processor.py:179} INFO - Processing /opt/airflow/dags/historical_data_dag.py took 1.820 seconds
[2025-04-14T19:48:13.788+0000] {processor.py:157} INFO - Started process (PID=451) to work on /opt/airflow/dags/historical_data_dag.py
[2025-04-14T19:48:13.790+0000] {processor.py:826} INFO - Processing file /opt/airflow/dags/historical_data_dag.py for tasks to queue
[2025-04-14T19:48:13.792+0000] {logging_mixin.py:149} INFO - [2025-04-14T19:48:13.791+0000] {dagbag.py:541} INFO - Filling up the DagBag from /opt/airflow/dags/historical_data_dag.py
[2025-04-14T19:48:15.316+0000] {processor.py:836} INFO - DAG(s) dict_keys(['ibex35_historical_data']) retrieved from /opt/airflow/dags/historical_data_dag.py
[2025-04-14T19:48:15.395+0000] {logging_mixin.py:149} INFO - [2025-04-14T19:48:15.394+0000] {dag.py:2726} INFO - Sync 1 DAGs
[2025-04-14T19:48:15.449+0000] {logging_mixin.py:149} INFO - [2025-04-14T19:48:15.448+0000] {dag.py:3486} INFO - Setting next_dagrun for ibex35_historical_data to None, run_after=None
[2025-04-14T19:48:15.508+0000] {processor.py:179} INFO - Processing /opt/airflow/dags/historical_data_dag.py took 1.724 seconds
[2025-04-14T21:49:48.341+0200] {processor.py:157} INFO - Started process (PID=157) to work on /opt/airflow/dags/historical_data_dag.py
[2025-04-14T21:49:48.343+0200] {processor.py:826} INFO - Processing file /opt/airflow/dags/historical_data_dag.py for tasks to queue
[2025-04-14T21:49:48.345+0200] {logging_mixin.py:149} INFO - [2025-04-14T21:49:48.345+0200] {dagbag.py:541} INFO - Filling up the DagBag from /opt/airflow/dags/historical_data_dag.py
[2025-04-14T21:49:52.879+0200] {processor.py:836} INFO - DAG(s) dict_keys(['ibex35_historical_data']) retrieved from /opt/airflow/dags/historical_data_dag.py
[2025-04-14T21:49:53.448+0200] {logging_mixin.py:149} INFO - [2025-04-14T21:49:53.448+0200] {manager.py:504} INFO - Created Permission View: can edit on DAG:ibex35_historical_data
[2025-04-14T21:49:53.483+0200] {logging_mixin.py:149} INFO - [2025-04-14T21:49:53.483+0200] {manager.py:504} INFO - Created Permission View: can read on DAG:ibex35_historical_data
[2025-04-14T21:49:53.507+0200] {logging_mixin.py:149} INFO - [2025-04-14T21:49:53.507+0200] {manager.py:504} INFO - Created Permission View: can delete on DAG:ibex35_historical_data
[2025-04-14T21:49:53.542+0200] {logging_mixin.py:149} INFO - [2025-04-14T21:49:53.541+0200] {dag.py:2726} INFO - Sync 1 DAGs
[2025-04-14T21:49:53.569+0200] {logging_mixin.py:149} INFO - [2025-04-14T21:49:53.567+0200] {dag.py:2747} INFO - Creating ORM DAG for ibex35_historical_data
[2025-04-14T21:49:53.597+0200] {logging_mixin.py:149} INFO - [2025-04-14T21:49:53.596+0200] {dag.py:3486} INFO - Setting next_dagrun for ibex35_historical_data to None, run_after=None
[2025-04-14T21:49:53.678+0200] {processor.py:179} INFO - Processing /opt/airflow/dags/historical_data_dag.py took 5.344 seconds
[2025-04-14T21:50:23.975+0200] {processor.py:157} INFO - Started process (PID=199) to work on /opt/airflow/dags/historical_data_dag.py
[2025-04-14T21:50:23.977+0200] {processor.py:826} INFO - Processing file /opt/airflow/dags/historical_data_dag.py for tasks to queue
[2025-04-14T21:50:23.980+0200] {logging_mixin.py:149} INFO - [2025-04-14T21:50:23.980+0200] {dagbag.py:541} INFO - Filling up the DagBag from /opt/airflow/dags/historical_data_dag.py
[2025-04-14T21:50:25.462+0200] {processor.py:836} INFO - DAG(s) dict_keys(['ibex35_historical_data']) retrieved from /opt/airflow/dags/historical_data_dag.py
[2025-04-14T21:50:25.697+0200] {logging_mixin.py:149} INFO - [2025-04-14T21:50:25.697+0200] {dag.py:2726} INFO - Sync 1 DAGs
[2025-04-14T21:50:25.732+0200] {logging_mixin.py:149} INFO - [2025-04-14T21:50:25.732+0200] {dag.py:3486} INFO - Setting next_dagrun for ibex35_historical_data to None, run_after=None
[2025-04-14T21:50:25.825+0200] {processor.py:179} INFO - Processing /opt/airflow/dags/historical_data_dag.py took 1.856 seconds
[2025-04-14T21:50:56.270+0200] {processor.py:157} INFO - Started process (PID=241) to work on /opt/airflow/dags/historical_data_dag.py
[2025-04-14T21:50:56.273+0200] {processor.py:826} INFO - Processing file /opt/airflow/dags/historical_data_dag.py for tasks to queue
[2025-04-14T21:50:56.275+0200] {logging_mixin.py:149} INFO - [2025-04-14T21:50:56.274+0200] {dagbag.py:541} INFO - Filling up the DagBag from /opt/airflow/dags/historical_data_dag.py
[2025-04-14T21:50:57.736+0200] {processor.py:836} INFO - DAG(s) dict_keys(['ibex35_historical_data']) retrieved from /opt/airflow/dags/historical_data_dag.py
[2025-04-14T21:50:57.811+0200] {logging_mixin.py:149} INFO - [2025-04-14T21:50:57.811+0200] {dag.py:2726} INFO - Sync 1 DAGs
[2025-04-14T21:50:57.866+0200] {logging_mixin.py:149} INFO - [2025-04-14T21:50:57.866+0200] {dag.py:3486} INFO - Setting next_dagrun for ibex35_historical_data to None, run_after=None
[2025-04-14T21:50:57.958+0200] {processor.py:179} INFO - Processing /opt/airflow/dags/historical_data_dag.py took 1.694 seconds
[2025-04-14T21:51:28.415+0200] {processor.py:157} INFO - Started process (PID=283) to work on /opt/airflow/dags/historical_data_dag.py
[2025-04-14T21:51:28.417+0200] {processor.py:826} INFO - Processing file /opt/airflow/dags/historical_data_dag.py for tasks to queue
[2025-04-14T21:51:28.419+0200] {logging_mixin.py:149} INFO - [2025-04-14T21:51:28.419+0200] {dagbag.py:541} INFO - Filling up the DagBag from /opt/airflow/dags/historical_data_dag.py
[2025-04-14T21:51:29.957+0200] {processor.py:836} INFO - DAG(s) dict_keys(['ibex35_historical_data']) retrieved from /opt/airflow/dags/historical_data_dag.py
[2025-04-14T21:51:30.042+0200] {logging_mixin.py:149} INFO - [2025-04-14T21:51:30.042+0200] {dag.py:2726} INFO - Sync 1 DAGs
[2025-04-14T21:51:30.080+0200] {logging_mixin.py:149} INFO - [2025-04-14T21:51:30.080+0200] {dag.py:3486} INFO - Setting next_dagrun for ibex35_historical_data to None, run_after=None
[2025-04-14T21:51:30.127+0200] {processor.py:179} INFO - Processing /opt/airflow/dags/historical_data_dag.py took 1.717 seconds
[2025-04-14T21:52:00.582+0200] {processor.py:157} INFO - Started process (PID=325) to work on /opt/airflow/dags/historical_data_dag.py
[2025-04-14T21:52:00.588+0200] {processor.py:826} INFO - Processing file /opt/airflow/dags/historical_data_dag.py for tasks to queue
[2025-04-14T21:52:00.590+0200] {logging_mixin.py:149} INFO - [2025-04-14T21:52:00.590+0200] {dagbag.py:541} INFO - Filling up the DagBag from /opt/airflow/dags/historical_data_dag.py
[2025-04-14T21:52:02.421+0200] {processor.py:836} INFO - DAG(s) dict_keys(['ibex35_historical_data']) retrieved from /opt/airflow/dags/historical_data_dag.py
[2025-04-14T21:52:02.502+0200] {logging_mixin.py:149} INFO - [2025-04-14T21:52:02.502+0200] {dag.py:2726} INFO - Sync 1 DAGs
[2025-04-14T21:52:02.544+0200] {logging_mixin.py:149} INFO - [2025-04-14T21:52:02.543+0200] {dag.py:3486} INFO - Setting next_dagrun for ibex35_historical_data to None, run_after=None
[2025-04-14T21:52:02.595+0200] {processor.py:179} INFO - Processing /opt/airflow/dags/historical_data_dag.py took 2.020 seconds
[2025-04-14T21:52:33.043+0200] {processor.py:157} INFO - Started process (PID=367) to work on /opt/airflow/dags/historical_data_dag.py
[2025-04-14T21:52:33.046+0200] {processor.py:826} INFO - Processing file /opt/airflow/dags/historical_data_dag.py for tasks to queue
[2025-04-14T21:52:33.050+0200] {logging_mixin.py:149} INFO - [2025-04-14T21:52:33.049+0200] {dagbag.py:541} INFO - Filling up the DagBag from /opt/airflow/dags/historical_data_dag.py
[2025-04-14T21:52:34.559+0200] {processor.py:836} INFO - DAG(s) dict_keys(['ibex35_historical_data']) retrieved from /opt/airflow/dags/historical_data_dag.py
[2025-04-14T21:52:34.655+0200] {logging_mixin.py:149} INFO - [2025-04-14T21:52:34.655+0200] {dag.py:2726} INFO - Sync 1 DAGs
[2025-04-14T21:52:34.701+0200] {logging_mixin.py:149} INFO - [2025-04-14T21:52:34.701+0200] {dag.py:3486} INFO - Setting next_dagrun for ibex35_historical_data to None, run_after=None
[2025-04-14T21:52:34.788+0200] {processor.py:179} INFO - Processing /opt/airflow/dags/historical_data_dag.py took 1.753 seconds
[2025-04-14T21:53:05.225+0200] {processor.py:157} INFO - Started process (PID=409) to work on /opt/airflow/dags/historical_data_dag.py
[2025-04-14T21:53:05.228+0200] {processor.py:826} INFO - Processing file /opt/airflow/dags/historical_data_dag.py for tasks to queue
[2025-04-14T21:53:05.231+0200] {logging_mixin.py:149} INFO - [2025-04-14T21:53:05.230+0200] {dagbag.py:541} INFO - Filling up the DagBag from /opt/airflow/dags/historical_data_dag.py
[2025-04-14T21:53:06.701+0200] {processor.py:836} INFO - DAG(s) dict_keys(['ibex35_historical_data']) retrieved from /opt/airflow/dags/historical_data_dag.py
[2025-04-14T21:53:06.776+0200] {logging_mixin.py:149} INFO - [2025-04-14T21:53:06.776+0200] {dag.py:2726} INFO - Sync 1 DAGs
[2025-04-14T21:53:06.823+0200] {logging_mixin.py:149} INFO - [2025-04-14T21:53:06.823+0200] {dag.py:3486} INFO - Setting next_dagrun for ibex35_historical_data to None, run_after=None
[2025-04-14T21:53:06.913+0200] {processor.py:179} INFO - Processing /opt/airflow/dags/historical_data_dag.py took 1.697 seconds
[2025-04-14T21:53:37.392+0200] {processor.py:157} INFO - Started process (PID=451) to work on /opt/airflow/dags/historical_data_dag.py
[2025-04-14T21:53:37.394+0200] {processor.py:826} INFO - Processing file /opt/airflow/dags/historical_data_dag.py for tasks to queue
[2025-04-14T21:53:37.396+0200] {logging_mixin.py:149} INFO - [2025-04-14T21:53:37.395+0200] {dagbag.py:541} INFO - Filling up the DagBag from /opt/airflow/dags/historical_data_dag.py
[2025-04-14T21:53:38.880+0200] {processor.py:836} INFO - DAG(s) dict_keys(['ibex35_historical_data']) retrieved from /opt/airflow/dags/historical_data_dag.py
[2025-04-14T21:53:38.963+0200] {logging_mixin.py:149} INFO - [2025-04-14T21:53:38.962+0200] {dag.py:2726} INFO - Sync 1 DAGs
[2025-04-14T21:53:39.004+0200] {logging_mixin.py:149} INFO - [2025-04-14T21:53:39.004+0200] {dag.py:3486} INFO - Setting next_dagrun for ibex35_historical_data to None, run_after=None
[2025-04-14T21:53:39.090+0200] {processor.py:179} INFO - Processing /opt/airflow/dags/historical_data_dag.py took 1.704 seconds
[2025-04-14T21:54:09.561+0200] {processor.py:157} INFO - Started process (PID=493) to work on /opt/airflow/dags/historical_data_dag.py
[2025-04-14T21:54:09.563+0200] {processor.py:826} INFO - Processing file /opt/airflow/dags/historical_data_dag.py for tasks to queue
[2025-04-14T21:54:09.566+0200] {logging_mixin.py:149} INFO - [2025-04-14T21:54:09.565+0200] {dagbag.py:541} INFO - Filling up the DagBag from /opt/airflow/dags/historical_data_dag.py
[2025-04-14T21:54:11.136+0200] {processor.py:836} INFO - DAG(s) dict_keys(['ibex35_historical_data']) retrieved from /opt/airflow/dags/historical_data_dag.py
[2025-04-14T21:54:11.228+0200] {logging_mixin.py:149} INFO - [2025-04-14T21:54:11.227+0200] {dag.py:2726} INFO - Sync 1 DAGs
[2025-04-14T21:54:11.288+0200] {logging_mixin.py:149} INFO - [2025-04-14T21:54:11.288+0200] {dag.py:3486} INFO - Setting next_dagrun for ibex35_historical_data to None, run_after=None
[2025-04-14T21:54:11.377+0200] {processor.py:179} INFO - Processing /opt/airflow/dags/historical_data_dag.py took 1.826 seconds
[2025-04-14T21:54:41.860+0200] {processor.py:157} INFO - Started process (PID=535) to work on /opt/airflow/dags/historical_data_dag.py
[2025-04-14T21:54:41.863+0200] {processor.py:826} INFO - Processing file /opt/airflow/dags/historical_data_dag.py for tasks to queue
[2025-04-14T21:54:41.866+0200] {logging_mixin.py:149} INFO - [2025-04-14T21:54:41.865+0200] {dagbag.py:541} INFO - Filling up the DagBag from /opt/airflow/dags/historical_data_dag.py
[2025-04-14T21:54:43.438+0200] {processor.py:836} INFO - DAG(s) dict_keys(['ibex35_historical_data']) retrieved from /opt/airflow/dags/historical_data_dag.py
[2025-04-14T21:54:43.515+0200] {logging_mixin.py:149} INFO - [2025-04-14T21:54:43.515+0200] {dag.py:2726} INFO - Sync 1 DAGs
[2025-04-14T21:54:43.556+0200] {logging_mixin.py:149} INFO - [2025-04-14T21:54:43.556+0200] {dag.py:3486} INFO - Setting next_dagrun for ibex35_historical_data to None, run_after=None
[2025-04-14T21:54:43.642+0200] {processor.py:179} INFO - Processing /opt/airflow/dags/historical_data_dag.py took 1.790 seconds
[2025-04-14T19:55:46.339+0000] {processor.py:157} INFO - Started process (PID=157) to work on /opt/airflow/dags/historical_data_dag.py
[2025-04-14T19:55:46.341+0000] {processor.py:826} INFO - Processing file /opt/airflow/dags/historical_data_dag.py for tasks to queue
[2025-04-14T19:55:46.343+0000] {logging_mixin.py:149} INFO - [2025-04-14T19:55:46.343+0000] {dagbag.py:541} INFO - Filling up the DagBag from /opt/airflow/dags/historical_data_dag.py
[2025-04-14T19:55:50.238+0000] {processor.py:836} INFO - DAG(s) dict_keys(['ibex35_historical_data']) retrieved from /opt/airflow/dags/historical_data_dag.py
[2025-04-14T19:55:50.831+0000] {logging_mixin.py:149} INFO - [2025-04-14T19:55:50.831+0000] {manager.py:504} INFO - Created Permission View: can edit on DAG:ibex35_historical_data
[2025-04-14T19:55:50.866+0000] {logging_mixin.py:149} INFO - [2025-04-14T19:55:50.866+0000] {manager.py:504} INFO - Created Permission View: can read on DAG:ibex35_historical_data
[2025-04-14T19:55:50.893+0000] {logging_mixin.py:149} INFO - [2025-04-14T19:55:50.892+0000] {manager.py:504} INFO - Created Permission View: can delete on DAG:ibex35_historical_data
[2025-04-14T19:55:50.926+0000] {logging_mixin.py:149} INFO - [2025-04-14T19:55:50.926+0000] {dag.py:2726} INFO - Sync 1 DAGs
[2025-04-14T19:55:50.957+0000] {logging_mixin.py:149} INFO - [2025-04-14T19:55:50.956+0000] {dag.py:2747} INFO - Creating ORM DAG for ibex35_historical_data
[2025-04-14T19:55:50.979+0000] {logging_mixin.py:149} INFO - [2025-04-14T19:55:50.979+0000] {dag.py:3486} INFO - Setting next_dagrun for ibex35_historical_data to None, run_after=None
[2025-04-14T19:55:51.044+0000] {processor.py:179} INFO - Processing /opt/airflow/dags/historical_data_dag.py took 4.709 seconds
[2025-04-14T19:56:21.509+0000] {processor.py:157} INFO - Started process (PID=199) to work on /opt/airflow/dags/historical_data_dag.py
[2025-04-14T19:56:21.513+0000] {processor.py:826} INFO - Processing file /opt/airflow/dags/historical_data_dag.py for tasks to queue
[2025-04-14T19:56:21.515+0000] {logging_mixin.py:149} INFO - [2025-04-14T19:56:21.515+0000] {dagbag.py:541} INFO - Filling up the DagBag from /opt/airflow/dags/historical_data_dag.py
[2025-04-14T19:56:23.232+0000] {processor.py:836} INFO - DAG(s) dict_keys(['ibex35_historical_data']) retrieved from /opt/airflow/dags/historical_data_dag.py
[2025-04-14T19:56:23.312+0000] {logging_mixin.py:149} INFO - [2025-04-14T19:56:23.312+0000] {dag.py:2726} INFO - Sync 1 DAGs
[2025-04-14T19:56:23.368+0000] {logging_mixin.py:149} INFO - [2025-04-14T19:56:23.368+0000] {dag.py:3486} INFO - Setting next_dagrun for ibex35_historical_data to None, run_after=None
[2025-04-14T19:56:23.464+0000] {processor.py:179} INFO - Processing /opt/airflow/dags/historical_data_dag.py took 1.966 seconds
[2025-04-14T19:56:53.916+0000] {processor.py:157} INFO - Started process (PID=241) to work on /opt/airflow/dags/historical_data_dag.py
[2025-04-14T19:56:53.918+0000] {processor.py:826} INFO - Processing file /opt/airflow/dags/historical_data_dag.py for tasks to queue
[2025-04-14T19:56:53.920+0000] {logging_mixin.py:149} INFO - [2025-04-14T19:56:53.920+0000] {dagbag.py:541} INFO - Filling up the DagBag from /opt/airflow/dags/historical_data_dag.py
[2025-04-14T19:56:55.638+0000] {processor.py:836} INFO - DAG(s) dict_keys(['ibex35_historical_data']) retrieved from /opt/airflow/dags/historical_data_dag.py
[2025-04-14T19:56:55.764+0000] {logging_mixin.py:149} INFO - [2025-04-14T19:56:55.763+0000] {dag.py:2726} INFO - Sync 1 DAGs
[2025-04-14T19:56:55.820+0000] {logging_mixin.py:149} INFO - [2025-04-14T19:56:55.820+0000] {dag.py:3486} INFO - Setting next_dagrun for ibex35_historical_data to None, run_after=None
[2025-04-14T19:56:55.936+0000] {processor.py:179} INFO - Processing /opt/airflow/dags/historical_data_dag.py took 2.027 seconds
[2025-04-14T19:58:00.434+0000] {processor.py:157} INFO - Started process (PID=157) to work on /opt/airflow/dags/historical_data_dag.py
[2025-04-14T19:58:00.436+0000] {processor.py:826} INFO - Processing file /opt/airflow/dags/historical_data_dag.py for tasks to queue
[2025-04-14T19:58:00.438+0000] {logging_mixin.py:149} INFO - [2025-04-14T19:58:00.437+0000] {dagbag.py:541} INFO - Filling up the DagBag from /opt/airflow/dags/historical_data_dag.py
[2025-04-14T19:58:04.287+0000] {processor.py:836} INFO - DAG(s) dict_keys(['ibex35_historical_data']) retrieved from /opt/airflow/dags/historical_data_dag.py
[2025-04-14T19:58:04.760+0000] {logging_mixin.py:149} INFO - [2025-04-14T19:58:04.760+0000] {manager.py:504} INFO - Created Permission View: can edit on DAG:ibex35_historical_data
[2025-04-14T19:58:04.793+0000] {logging_mixin.py:149} INFO - [2025-04-14T19:58:04.793+0000] {manager.py:504} INFO - Created Permission View: can delete on DAG:ibex35_historical_data
[2025-04-14T19:58:04.814+0000] {logging_mixin.py:149} INFO - [2025-04-14T19:58:04.813+0000] {manager.py:504} INFO - Created Permission View: can read on DAG:ibex35_historical_data
[2025-04-14T19:58:04.847+0000] {logging_mixin.py:149} INFO - [2025-04-14T19:58:04.847+0000] {dag.py:2726} INFO - Sync 1 DAGs
[2025-04-14T19:58:04.879+0000] {logging_mixin.py:149} INFO - [2025-04-14T19:58:04.877+0000] {dag.py:2747} INFO - Creating ORM DAG for ibex35_historical_data
[2025-04-14T19:58:04.901+0000] {logging_mixin.py:149} INFO - [2025-04-14T19:58:04.901+0000] {dag.py:3486} INFO - Setting next_dagrun for ibex35_historical_data to None, run_after=None
[2025-04-14T19:58:04.966+0000] {processor.py:179} INFO - Processing /opt/airflow/dags/historical_data_dag.py took 4.537 seconds
[2025-04-14T19:58:35.485+0000] {processor.py:157} INFO - Started process (PID=199) to work on /opt/airflow/dags/historical_data_dag.py
[2025-04-14T19:58:35.490+0000] {processor.py:826} INFO - Processing file /opt/airflow/dags/historical_data_dag.py for tasks to queue
[2025-04-14T19:58:35.497+0000] {logging_mixin.py:149} INFO - [2025-04-14T19:58:35.496+0000] {dagbag.py:541} INFO - Filling up the DagBag from /opt/airflow/dags/historical_data_dag.py
[2025-04-14T20:00:05.615+0000] {processor.py:157} INFO - Started process (PID=157) to work on /opt/airflow/dags/historical_data_dag.py
[2025-04-14T20:00:05.618+0000] {processor.py:826} INFO - Processing file /opt/airflow/dags/historical_data_dag.py for tasks to queue
[2025-04-14T20:00:05.620+0000] {logging_mixin.py:149} INFO - [2025-04-14T20:00:05.620+0000] {dagbag.py:541} INFO - Filling up the DagBag from /opt/airflow/dags/historical_data_dag.py
[2025-04-14T20:00:09.604+0000] {processor.py:836} INFO - DAG(s) dict_keys(['ibex35_historical_data']) retrieved from /opt/airflow/dags/historical_data_dag.py
[2025-04-14T20:00:10.124+0000] {logging_mixin.py:149} INFO - [2025-04-14T20:00:10.124+0000] {dag.py:2726} INFO - Sync 1 DAGs
[2025-04-14T20:00:10.183+0000] {logging_mixin.py:149} INFO - [2025-04-14T20:00:10.183+0000] {dag.py:3486} INFO - Setting next_dagrun for ibex35_historical_data to None, run_after=None
[2025-04-14T20:00:10.280+0000] {processor.py:179} INFO - Processing /opt/airflow/dags/historical_data_dag.py took 4.673 seconds
[2025-04-14T20:00:40.883+0000] {processor.py:157} INFO - Started process (PID=199) to work on /opt/airflow/dags/historical_data_dag.py
[2025-04-14T20:00:40.887+0000] {processor.py:826} INFO - Processing file /opt/airflow/dags/historical_data_dag.py for tasks to queue
[2025-04-14T20:00:40.890+0000] {logging_mixin.py:149} INFO - [2025-04-14T20:00:40.889+0000] {dagbag.py:541} INFO - Filling up the DagBag from /opt/airflow/dags/historical_data_dag.py
[2025-04-14T20:00:42.726+0000] {processor.py:836} INFO - DAG(s) dict_keys(['ibex35_historical_data']) retrieved from /opt/airflow/dags/historical_data_dag.py
[2025-04-14T20:00:42.817+0000] {logging_mixin.py:149} INFO - [2025-04-14T20:00:42.816+0000] {dag.py:2726} INFO - Sync 1 DAGs
[2025-04-14T20:00:42.867+0000] {logging_mixin.py:149} INFO - [2025-04-14T20:00:42.867+0000] {dag.py:3486} INFO - Setting next_dagrun for ibex35_historical_data to None, run_after=None
[2025-04-14T20:00:42.928+0000] {processor.py:179} INFO - Processing /opt/airflow/dags/historical_data_dag.py took 2.058 seconds
[2025-04-14T20:01:13.403+0000] {processor.py:157} INFO - Started process (PID=259) to work on /opt/airflow/dags/historical_data_dag.py
[2025-04-14T20:01:13.407+0000] {processor.py:826} INFO - Processing file /opt/airflow/dags/historical_data_dag.py for tasks to queue
[2025-04-14T20:01:13.410+0000] {logging_mixin.py:149} INFO - [2025-04-14T20:01:13.410+0000] {dagbag.py:541} INFO - Filling up the DagBag from /opt/airflow/dags/historical_data_dag.py
[2025-04-14T20:01:15.334+0000] {processor.py:836} INFO - DAG(s) dict_keys(['ibex35_historical_data']) retrieved from /opt/airflow/dags/historical_data_dag.py
[2025-04-14T20:01:15.403+0000] {logging_mixin.py:149} INFO - [2025-04-14T20:01:15.402+0000] {dag.py:2726} INFO - Sync 1 DAGs
[2025-04-14T20:01:15.450+0000] {logging_mixin.py:149} INFO - [2025-04-14T20:01:15.449+0000] {dag.py:3486} INFO - Setting next_dagrun for ibex35_historical_data to None, run_after=None
[2025-04-14T20:01:15.498+0000] {processor.py:179} INFO - Processing /opt/airflow/dags/historical_data_dag.py took 2.116 seconds
[2025-04-14T20:01:46.041+0000] {processor.py:157} INFO - Started process (PID=301) to work on /opt/airflow/dags/historical_data_dag.py
[2025-04-14T20:01:46.045+0000] {processor.py:826} INFO - Processing file /opt/airflow/dags/historical_data_dag.py for tasks to queue
[2025-04-14T20:01:46.048+0000] {logging_mixin.py:149} INFO - [2025-04-14T20:01:46.047+0000] {dagbag.py:541} INFO - Filling up the DagBag from /opt/airflow/dags/historical_data_dag.py
[2025-04-14T20:01:47.870+0000] {processor.py:836} INFO - DAG(s) dict_keys(['ibex35_historical_data']) retrieved from /opt/airflow/dags/historical_data_dag.py
[2025-04-14T20:01:47.984+0000] {logging_mixin.py:149} INFO - [2025-04-14T20:01:47.984+0000] {dag.py:2726} INFO - Sync 1 DAGs
[2025-04-14T20:01:48.051+0000] {logging_mixin.py:149} INFO - [2025-04-14T20:01:48.051+0000] {dag.py:3486} INFO - Setting next_dagrun for ibex35_historical_data to None, run_after=None
[2025-04-14T20:01:48.112+0000] {processor.py:179} INFO - Processing /opt/airflow/dags/historical_data_dag.py took 2.088 seconds
[2025-04-14T20:02:18.544+0000] {processor.py:157} INFO - Started process (PID=343) to work on /opt/airflow/dags/historical_data_dag.py
[2025-04-14T20:02:18.548+0000] {processor.py:826} INFO - Processing file /opt/airflow/dags/historical_data_dag.py for tasks to queue
[2025-04-14T20:02:18.553+0000] {logging_mixin.py:149} INFO - [2025-04-14T20:02:18.551+0000] {dagbag.py:541} INFO - Filling up the DagBag from /opt/airflow/dags/historical_data_dag.py
[2025-04-14T20:02:20.169+0000] {processor.py:836} INFO - DAG(s) dict_keys(['ibex35_historical_data']) retrieved from /opt/airflow/dags/historical_data_dag.py
[2025-04-14T20:02:20.248+0000] {logging_mixin.py:149} INFO - [2025-04-14T20:02:20.248+0000] {dag.py:2726} INFO - Sync 1 DAGs
[2025-04-14T20:02:20.291+0000] {logging_mixin.py:149} INFO - [2025-04-14T20:02:20.291+0000] {dag.py:3486} INFO - Setting next_dagrun for ibex35_historical_data to None, run_after=None
[2025-04-14T20:02:20.342+0000] {processor.py:179} INFO - Processing /opt/airflow/dags/historical_data_dag.py took 1.811 seconds
[2025-04-14T20:02:50.896+0000] {processor.py:157} INFO - Started process (PID=385) to work on /opt/airflow/dags/historical_data_dag.py
[2025-04-14T20:02:50.900+0000] {processor.py:826} INFO - Processing file /opt/airflow/dags/historical_data_dag.py for tasks to queue
[2025-04-14T20:02:50.904+0000] {logging_mixin.py:149} INFO - [2025-04-14T20:02:50.903+0000] {dagbag.py:541} INFO - Filling up the DagBag from /opt/airflow/dags/historical_data_dag.py
[2025-04-14T20:02:52.626+0000] {processor.py:836} INFO - DAG(s) dict_keys(['ibex35_historical_data']) retrieved from /opt/airflow/dags/historical_data_dag.py
[2025-04-14T20:02:52.734+0000] {logging_mixin.py:149} INFO - [2025-04-14T20:02:52.733+0000] {dag.py:2726} INFO - Sync 1 DAGs
[2025-04-14T20:02:52.823+0000] {logging_mixin.py:149} INFO - [2025-04-14T20:02:52.822+0000] {dag.py:3486} INFO - Setting next_dagrun for ibex35_historical_data to None, run_after=None
[2025-04-14T20:02:52.882+0000] {processor.py:179} INFO - Processing /opt/airflow/dags/historical_data_dag.py took 1.999 seconds
[2025-04-14T20:03:23.425+0000] {processor.py:157} INFO - Started process (PID=427) to work on /opt/airflow/dags/historical_data_dag.py
[2025-04-14T20:03:23.428+0000] {processor.py:826} INFO - Processing file /opt/airflow/dags/historical_data_dag.py for tasks to queue
[2025-04-14T20:03:23.431+0000] {logging_mixin.py:149} INFO - [2025-04-14T20:03:23.431+0000] {dagbag.py:541} INFO - Filling up the DagBag from /opt/airflow/dags/historical_data_dag.py
[2025-04-14T20:03:25.081+0000] {processor.py:836} INFO - DAG(s) dict_keys(['ibex35_historical_data']) retrieved from /opt/airflow/dags/historical_data_dag.py
[2025-04-14T20:03:25.176+0000] {logging_mixin.py:149} INFO - [2025-04-14T20:03:25.175+0000] {dag.py:2726} INFO - Sync 1 DAGs
[2025-04-14T20:03:25.221+0000] {logging_mixin.py:149} INFO - [2025-04-14T20:03:25.220+0000] {dag.py:3486} INFO - Setting next_dagrun for ibex35_historical_data to None, run_after=None
[2025-04-14T20:03:25.281+0000] {processor.py:179} INFO - Processing /opt/airflow/dags/historical_data_dag.py took 1.867 seconds
[2025-04-14T20:03:55.765+0000] {processor.py:157} INFO - Started process (PID=469) to work on /opt/airflow/dags/historical_data_dag.py
[2025-04-14T20:03:55.767+0000] {processor.py:826} INFO - Processing file /opt/airflow/dags/historical_data_dag.py for tasks to queue
[2025-04-14T20:03:55.770+0000] {logging_mixin.py:149} INFO - [2025-04-14T20:03:55.769+0000] {dagbag.py:541} INFO - Filling up the DagBag from /opt/airflow/dags/historical_data_dag.py
[2025-04-14T20:03:57.340+0000] {processor.py:836} INFO - DAG(s) dict_keys(['ibex35_historical_data']) retrieved from /opt/airflow/dags/historical_data_dag.py
[2025-04-14T20:03:57.435+0000] {logging_mixin.py:149} INFO - [2025-04-14T20:03:57.435+0000] {dag.py:2726} INFO - Sync 1 DAGs
[2025-04-14T20:03:57.484+0000] {logging_mixin.py:149} INFO - [2025-04-14T20:03:57.484+0000] {dag.py:3486} INFO - Setting next_dagrun for ibex35_historical_data to None, run_after=None
[2025-04-14T20:03:57.568+0000] {processor.py:179} INFO - Processing /opt/airflow/dags/historical_data_dag.py took 1.812 seconds
[2025-04-14T20:04:28.077+0000] {processor.py:157} INFO - Started process (PID=511) to work on /opt/airflow/dags/historical_data_dag.py
[2025-04-14T20:04:28.079+0000] {processor.py:826} INFO - Processing file /opt/airflow/dags/historical_data_dag.py for tasks to queue
[2025-04-14T20:04:28.081+0000] {logging_mixin.py:149} INFO - [2025-04-14T20:04:28.081+0000] {dagbag.py:541} INFO - Filling up the DagBag from /opt/airflow/dags/historical_data_dag.py
[2025-04-14T20:04:29.742+0000] {processor.py:836} INFO - DAG(s) dict_keys(['ibex35_historical_data']) retrieved from /opt/airflow/dags/historical_data_dag.py
[2025-04-14T20:04:29.824+0000] {logging_mixin.py:149} INFO - [2025-04-14T20:04:29.824+0000] {dag.py:2726} INFO - Sync 1 DAGs
[2025-04-14T20:04:29.869+0000] {logging_mixin.py:149} INFO - [2025-04-14T20:04:29.869+0000] {dag.py:3486} INFO - Setting next_dagrun for ibex35_historical_data to None, run_after=None
[2025-04-14T20:04:29.922+0000] {processor.py:179} INFO - Processing /opt/airflow/dags/historical_data_dag.py took 1.852 seconds
[2025-04-14T20:05:00.411+0000] {processor.py:157} INFO - Started process (PID=553) to work on /opt/airflow/dags/historical_data_dag.py
[2025-04-14T20:05:00.414+0000] {processor.py:826} INFO - Processing file /opt/airflow/dags/historical_data_dag.py for tasks to queue
[2025-04-14T20:05:00.416+0000] {logging_mixin.py:149} INFO - [2025-04-14T20:05:00.416+0000] {dagbag.py:541} INFO - Filling up the DagBag from /opt/airflow/dags/historical_data_dag.py
[2025-04-14T20:05:02.090+0000] {processor.py:836} INFO - DAG(s) dict_keys(['ibex35_historical_data']) retrieved from /opt/airflow/dags/historical_data_dag.py
[2025-04-14T20:05:02.177+0000] {logging_mixin.py:149} INFO - [2025-04-14T20:05:02.177+0000] {dag.py:2726} INFO - Sync 1 DAGs
[2025-04-14T20:05:02.224+0000] {logging_mixin.py:149} INFO - [2025-04-14T20:05:02.224+0000] {dag.py:3486} INFO - Setting next_dagrun for ibex35_historical_data to None, run_after=None
[2025-04-14T20:05:02.282+0000] {processor.py:179} INFO - Processing /opt/airflow/dags/historical_data_dag.py took 1.878 seconds
[2025-04-14T20:05:32.920+0000] {processor.py:157} INFO - Started process (PID=595) to work on /opt/airflow/dags/historical_data_dag.py
[2025-04-14T20:05:32.923+0000] {processor.py:826} INFO - Processing file /opt/airflow/dags/historical_data_dag.py for tasks to queue
[2025-04-14T20:05:32.925+0000] {logging_mixin.py:149} INFO - [2025-04-14T20:05:32.925+0000] {dagbag.py:541} INFO - Filling up the DagBag from /opt/airflow/dags/historical_data_dag.py
[2025-04-14T20:05:34.614+0000] {processor.py:836} INFO - DAG(s) dict_keys(['ibex35_historical_data']) retrieved from /opt/airflow/dags/historical_data_dag.py
[2025-04-14T20:05:34.693+0000] {logging_mixin.py:149} INFO - [2025-04-14T20:05:34.693+0000] {dag.py:2726} INFO - Sync 1 DAGs
[2025-04-14T20:05:34.742+0000] {logging_mixin.py:149} INFO - [2025-04-14T20:05:34.742+0000] {dag.py:3486} INFO - Setting next_dagrun for ibex35_historical_data to None, run_after=None
[2025-04-14T20:05:34.805+0000] {processor.py:179} INFO - Processing /opt/airflow/dags/historical_data_dag.py took 1.892 seconds
[2025-04-14T20:06:05.179+0000] {processor.py:157} INFO - Started process (PID=637) to work on /opt/airflow/dags/historical_data_dag.py
[2025-04-14T20:06:05.181+0000] {processor.py:826} INFO - Processing file /opt/airflow/dags/historical_data_dag.py for tasks to queue
[2025-04-14T20:06:05.184+0000] {logging_mixin.py:149} INFO - [2025-04-14T20:06:05.183+0000] {dagbag.py:541} INFO - Filling up the DagBag from /opt/airflow/dags/historical_data_dag.py
[2025-04-14T20:06:06.825+0000] {processor.py:836} INFO - DAG(s) dict_keys(['ibex35_historical_data']) retrieved from /opt/airflow/dags/historical_data_dag.py
[2025-04-14T20:06:06.928+0000] {logging_mixin.py:149} INFO - [2025-04-14T20:06:06.928+0000] {dag.py:2726} INFO - Sync 1 DAGs
[2025-04-14T20:06:06.978+0000] {logging_mixin.py:149} INFO - [2025-04-14T20:06:06.978+0000] {dag.py:3486} INFO - Setting next_dagrun for ibex35_historical_data to None, run_after=None
[2025-04-14T20:06:07.043+0000] {processor.py:179} INFO - Processing /opt/airflow/dags/historical_data_dag.py took 1.872 seconds
[2025-04-14T20:06:37.556+0000] {processor.py:157} INFO - Started process (PID=697) to work on /opt/airflow/dags/historical_data_dag.py
[2025-04-14T20:06:37.559+0000] {processor.py:826} INFO - Processing file /opt/airflow/dags/historical_data_dag.py for tasks to queue
[2025-04-14T20:06:37.562+0000] {logging_mixin.py:149} INFO - [2025-04-14T20:06:37.562+0000] {dagbag.py:541} INFO - Filling up the DagBag from /opt/airflow/dags/historical_data_dag.py
[2025-04-14T20:06:39.393+0000] {processor.py:836} INFO - DAG(s) dict_keys(['ibex35_historical_data']) retrieved from /opt/airflow/dags/historical_data_dag.py
[2025-04-14T20:06:39.492+0000] {logging_mixin.py:149} INFO - [2025-04-14T20:06:39.492+0000] {dag.py:2726} INFO - Sync 1 DAGs
[2025-04-14T20:06:39.545+0000] {logging_mixin.py:149} INFO - [2025-04-14T20:06:39.544+0000] {dag.py:3486} INFO - Setting next_dagrun for ibex35_historical_data to None, run_after=None
[2025-04-14T20:06:39.603+0000] {processor.py:179} INFO - Processing /opt/airflow/dags/historical_data_dag.py took 2.055 seconds
[2025-04-14T20:07:10.505+0000] {processor.py:157} INFO - Started process (PID=739) to work on /opt/airflow/dags/historical_data_dag.py
[2025-04-14T20:07:10.508+0000] {processor.py:826} INFO - Processing file /opt/airflow/dags/historical_data_dag.py for tasks to queue
[2025-04-14T20:07:10.511+0000] {logging_mixin.py:149} INFO - [2025-04-14T20:07:10.510+0000] {dagbag.py:541} INFO - Filling up the DagBag from /opt/airflow/dags/historical_data_dag.py
[2025-04-14T20:07:12.047+0000] {processor.py:836} INFO - DAG(s) dict_keys(['ibex35_historical_data']) retrieved from /opt/airflow/dags/historical_data_dag.py
[2025-04-14T20:07:12.139+0000] {logging_mixin.py:149} INFO - [2025-04-14T20:07:12.139+0000] {dag.py:2726} INFO - Sync 1 DAGs
[2025-04-14T20:07:12.183+0000] {logging_mixin.py:149} INFO - [2025-04-14T20:07:12.183+0000] {dag.py:3486} INFO - Setting next_dagrun for ibex35_historical_data to None, run_after=None
[2025-04-14T20:07:12.239+0000] {processor.py:179} INFO - Processing /opt/airflow/dags/historical_data_dag.py took 1.866 seconds
[2025-04-14T20:07:42.703+0000] {processor.py:157} INFO - Started process (PID=781) to work on /opt/airflow/dags/historical_data_dag.py
[2025-04-14T20:07:42.706+0000] {processor.py:826} INFO - Processing file /opt/airflow/dags/historical_data_dag.py for tasks to queue
[2025-04-14T20:07:42.709+0000] {logging_mixin.py:149} INFO - [2025-04-14T20:07:42.709+0000] {dagbag.py:541} INFO - Filling up the DagBag from /opt/airflow/dags/historical_data_dag.py
[2025-04-14T20:07:44.395+0000] {processor.py:836} INFO - DAG(s) dict_keys(['ibex35_historical_data']) retrieved from /opt/airflow/dags/historical_data_dag.py
[2025-04-14T20:07:44.484+0000] {logging_mixin.py:149} INFO - [2025-04-14T20:07:44.484+0000] {dag.py:2726} INFO - Sync 1 DAGs
[2025-04-14T20:07:44.534+0000] {logging_mixin.py:149} INFO - [2025-04-14T20:07:44.534+0000] {dag.py:3486} INFO - Setting next_dagrun for ibex35_historical_data to None, run_after=None
[2025-04-14T20:07:44.601+0000] {processor.py:179} INFO - Processing /opt/airflow/dags/historical_data_dag.py took 1.905 seconds
[2025-04-14T20:08:15.073+0000] {processor.py:157} INFO - Started process (PID=823) to work on /opt/airflow/dags/historical_data_dag.py
[2025-04-14T20:08:15.076+0000] {processor.py:826} INFO - Processing file /opt/airflow/dags/historical_data_dag.py for tasks to queue
[2025-04-14T20:08:15.080+0000] {logging_mixin.py:149} INFO - [2025-04-14T20:08:15.080+0000] {dagbag.py:541} INFO - Filling up the DagBag from /opt/airflow/dags/historical_data_dag.py
[2025-04-14T20:08:16.749+0000] {processor.py:836} INFO - DAG(s) dict_keys(['ibex35_historical_data']) retrieved from /opt/airflow/dags/historical_data_dag.py
[2025-04-14T20:08:16.845+0000] {logging_mixin.py:149} INFO - [2025-04-14T20:08:16.844+0000] {dag.py:2726} INFO - Sync 1 DAGs
[2025-04-14T20:08:16.909+0000] {logging_mixin.py:149} INFO - [2025-04-14T20:08:16.908+0000] {dag.py:3486} INFO - Setting next_dagrun for ibex35_historical_data to None, run_after=None
[2025-04-14T20:08:16.971+0000] {processor.py:179} INFO - Processing /opt/airflow/dags/historical_data_dag.py took 1.904 seconds
[2025-04-14T20:16:32.351+0000] {processor.py:157} INFO - Started process (PID=867) to work on /opt/airflow/dags/historical_data_dag.py
[2025-04-14T20:16:32.354+0000] {processor.py:826} INFO - Processing file /opt/airflow/dags/historical_data_dag.py for tasks to queue
[2025-04-14T20:16:32.358+0000] {logging_mixin.py:149} INFO - [2025-04-14T20:16:32.357+0000] {dagbag.py:541} INFO - Filling up the DagBag from /opt/airflow/dags/historical_data_dag.py
[2025-04-14T20:16:34.525+0000] {processor.py:836} INFO - DAG(s) dict_keys(['ibex35_historical_data']) retrieved from /opt/airflow/dags/historical_data_dag.py
[2025-04-14T20:16:34.621+0000] {logging_mixin.py:149} INFO - [2025-04-14T20:16:34.621+0000] {dag.py:2726} INFO - Sync 1 DAGs
[2025-04-14T20:16:34.674+0000] {logging_mixin.py:149} INFO - [2025-04-14T20:16:34.674+0000] {dag.py:3486} INFO - Setting next_dagrun for ibex35_historical_data to None, run_after=None
[2025-04-14T20:16:34.717+0000] {processor.py:179} INFO - Processing /opt/airflow/dags/historical_data_dag.py took 2.379 seconds
[2025-04-14T20:17:05.121+0000] {processor.py:157} INFO - Started process (PID=909) to work on /opt/airflow/dags/historical_data_dag.py
[2025-04-14T20:17:05.124+0000] {processor.py:826} INFO - Processing file /opt/airflow/dags/historical_data_dag.py for tasks to queue
[2025-04-14T20:17:05.127+0000] {logging_mixin.py:149} INFO - [2025-04-14T20:17:05.126+0000] {dagbag.py:541} INFO - Filling up the DagBag from /opt/airflow/dags/historical_data_dag.py
[2025-04-14T20:17:06.788+0000] {processor.py:836} INFO - DAG(s) dict_keys(['ibex35_historical_data']) retrieved from /opt/airflow/dags/historical_data_dag.py
[2025-04-14T20:17:06.868+0000] {logging_mixin.py:149} INFO - [2025-04-14T20:17:06.867+0000] {dag.py:2726} INFO - Sync 1 DAGs
[2025-04-14T20:17:06.915+0000] {logging_mixin.py:149} INFO - [2025-04-14T20:17:06.915+0000] {dag.py:3486} INFO - Setting next_dagrun for ibex35_historical_data to None, run_after=None
[2025-04-14T20:17:07.016+0000] {processor.py:179} INFO - Processing /opt/airflow/dags/historical_data_dag.py took 1.901 seconds
[2025-04-14T20:17:37.469+0000] {processor.py:157} INFO - Started process (PID=951) to work on /opt/airflow/dags/historical_data_dag.py
[2025-04-14T20:17:37.472+0000] {processor.py:826} INFO - Processing file /opt/airflow/dags/historical_data_dag.py for tasks to queue
[2025-04-14T20:17:37.475+0000] {logging_mixin.py:149} INFO - [2025-04-14T20:17:37.474+0000] {dagbag.py:541} INFO - Filling up the DagBag from /opt/airflow/dags/historical_data_dag.py
[2025-04-14T20:17:39.179+0000] {processor.py:836} INFO - DAG(s) dict_keys(['ibex35_historical_data']) retrieved from /opt/airflow/dags/historical_data_dag.py
[2025-04-14T20:17:39.266+0000] {logging_mixin.py:149} INFO - [2025-04-14T20:17:39.265+0000] {dag.py:2726} INFO - Sync 1 DAGs
[2025-04-14T20:17:39.312+0000] {logging_mixin.py:149} INFO - [2025-04-14T20:17:39.311+0000] {dag.py:3486} INFO - Setting next_dagrun for ibex35_historical_data to None, run_after=None
[2025-04-14T20:17:39.422+0000] {processor.py:179} INFO - Processing /opt/airflow/dags/historical_data_dag.py took 1.960 seconds
[2025-04-14T20:18:09.963+0000] {processor.py:157} INFO - Started process (PID=993) to work on /opt/airflow/dags/historical_data_dag.py
[2025-04-14T20:18:09.968+0000] {processor.py:826} INFO - Processing file /opt/airflow/dags/historical_data_dag.py for tasks to queue
[2025-04-14T20:18:09.972+0000] {logging_mixin.py:149} INFO - [2025-04-14T20:18:09.972+0000] {dagbag.py:541} INFO - Filling up the DagBag from /opt/airflow/dags/historical_data_dag.py
[2025-04-14T20:18:11.721+0000] {processor.py:836} INFO - DAG(s) dict_keys(['ibex35_historical_data']) retrieved from /opt/airflow/dags/historical_data_dag.py
[2025-04-14T20:18:11.809+0000] {logging_mixin.py:149} INFO - [2025-04-14T20:18:11.809+0000] {dag.py:2726} INFO - Sync 1 DAGs
[2025-04-14T20:18:11.910+0000] {logging_mixin.py:149} INFO - [2025-04-14T20:18:11.910+0000] {dag.py:3486} INFO - Setting next_dagrun for ibex35_historical_data to None, run_after=None
[2025-04-14T20:18:11.966+0000] {processor.py:179} INFO - Processing /opt/airflow/dags/historical_data_dag.py took 2.017 seconds
[2025-04-14T20:18:42.386+0000] {processor.py:157} INFO - Started process (PID=1035) to work on /opt/airflow/dags/historical_data_dag.py
[2025-04-14T20:18:42.389+0000] {processor.py:826} INFO - Processing file /opt/airflow/dags/historical_data_dag.py for tasks to queue
[2025-04-14T20:18:42.391+0000] {logging_mixin.py:149} INFO - [2025-04-14T20:18:42.391+0000] {dagbag.py:541} INFO - Filling up the DagBag from /opt/airflow/dags/historical_data_dag.py
[2025-04-14T20:18:44.060+0000] {processor.py:836} INFO - DAG(s) dict_keys(['ibex35_historical_data']) retrieved from /opt/airflow/dags/historical_data_dag.py
[2025-04-14T20:18:44.155+0000] {logging_mixin.py:149} INFO - [2025-04-14T20:18:44.154+0000] {dag.py:2726} INFO - Sync 1 DAGs
[2025-04-14T20:18:44.210+0000] {logging_mixin.py:149} INFO - [2025-04-14T20:18:44.210+0000] {dag.py:3486} INFO - Setting next_dagrun for ibex35_historical_data to None, run_after=None
[2025-04-14T20:18:44.320+0000] {processor.py:179} INFO - Processing /opt/airflow/dags/historical_data_dag.py took 1.940 seconds
[2025-04-14T20:19:14.758+0000] {processor.py:157} INFO - Started process (PID=1077) to work on /opt/airflow/dags/historical_data_dag.py
[2025-04-14T20:19:14.761+0000] {processor.py:826} INFO - Processing file /opt/airflow/dags/historical_data_dag.py for tasks to queue
[2025-04-14T20:19:14.763+0000] {logging_mixin.py:149} INFO - [2025-04-14T20:19:14.763+0000] {dagbag.py:541} INFO - Filling up the DagBag from /opt/airflow/dags/historical_data_dag.py
[2025-04-14T20:19:16.389+0000] {processor.py:836} INFO - DAG(s) dict_keys(['ibex35_historical_data']) retrieved from /opt/airflow/dags/historical_data_dag.py
[2025-04-14T20:19:16.482+0000] {logging_mixin.py:149} INFO - [2025-04-14T20:19:16.481+0000] {dag.py:2726} INFO - Sync 1 DAGs
[2025-04-14T20:19:16.543+0000] {logging_mixin.py:149} INFO - [2025-04-14T20:19:16.543+0000] {dag.py:3486} INFO - Setting next_dagrun for ibex35_historical_data to None, run_after=None
[2025-04-14T20:19:16.594+0000] {processor.py:179} INFO - Processing /opt/airflow/dags/historical_data_dag.py took 1.841 seconds
[2025-04-14T20:19:46.996+0000] {processor.py:157} INFO - Started process (PID=1119) to work on /opt/airflow/dags/historical_data_dag.py
[2025-04-14T20:19:46.998+0000] {processor.py:826} INFO - Processing file /opt/airflow/dags/historical_data_dag.py for tasks to queue
[2025-04-14T20:19:46.999+0000] {logging_mixin.py:149} INFO - [2025-04-14T20:19:46.999+0000] {dagbag.py:541} INFO - Filling up the DagBag from /opt/airflow/dags/historical_data_dag.py
[2025-04-14T20:19:47.794+0000] {processor.py:836} INFO - DAG(s) dict_keys(['ibex35_historical_data']) retrieved from /opt/airflow/dags/historical_data_dag.py
[2025-04-14T20:19:47.835+0000] {logging_mixin.py:149} INFO - [2025-04-14T20:19:47.835+0000] {dag.py:2726} INFO - Sync 1 DAGs
[2025-04-14T20:19:47.859+0000] {logging_mixin.py:149} INFO - [2025-04-14T20:19:47.859+0000] {dag.py:3486} INFO - Setting next_dagrun for ibex35_historical_data to None, run_after=None
[2025-04-14T20:19:47.887+0000] {processor.py:179} INFO - Processing /opt/airflow/dags/historical_data_dag.py took 0.894 seconds
[2025-04-14T20:26:44.545+0000] {processor.py:157} INFO - Started process (PID=1161) to work on /opt/airflow/dags/historical_data_dag.py
[2025-04-14T20:26:44.547+0000] {processor.py:826} INFO - Processing file /opt/airflow/dags/historical_data_dag.py for tasks to queue
[2025-04-14T20:26:44.548+0000] {logging_mixin.py:149} INFO - [2025-04-14T20:26:44.548+0000] {dagbag.py:541} INFO - Filling up the DagBag from /opt/airflow/dags/historical_data_dag.py
[2025-04-14T20:26:45.523+0000] {processor.py:836} INFO - DAG(s) dict_keys(['ibex35_historical_data']) retrieved from /opt/airflow/dags/historical_data_dag.py
[2025-04-14T20:26:45.565+0000] {logging_mixin.py:149} INFO - [2025-04-14T20:26:45.565+0000] {dag.py:2726} INFO - Sync 1 DAGs
[2025-04-14T20:26:45.589+0000] {logging_mixin.py:149} INFO - [2025-04-14T20:26:45.588+0000] {dag.py:3486} INFO - Setting next_dagrun for ibex35_historical_data to None, run_after=None
[2025-04-14T20:26:45.618+0000] {processor.py:179} INFO - Processing /opt/airflow/dags/historical_data_dag.py took 1.077 seconds
[2025-04-14T20:27:16.174+0000] {processor.py:157} INFO - Started process (PID=1203) to work on /opt/airflow/dags/historical_data_dag.py
[2025-04-14T20:27:16.176+0000] {processor.py:826} INFO - Processing file /opt/airflow/dags/historical_data_dag.py for tasks to queue
[2025-04-14T20:27:16.177+0000] {logging_mixin.py:149} INFO - [2025-04-14T20:27:16.177+0000] {dagbag.py:541} INFO - Filling up the DagBag from /opt/airflow/dags/historical_data_dag.py
[2025-04-14T20:27:16.958+0000] {processor.py:836} INFO - DAG(s) dict_keys(['ibex35_historical_data']) retrieved from /opt/airflow/dags/historical_data_dag.py
[2025-04-14T20:27:16.995+0000] {logging_mixin.py:149} INFO - [2025-04-14T20:27:16.995+0000] {dag.py:2726} INFO - Sync 1 DAGs
[2025-04-14T20:27:17.019+0000] {logging_mixin.py:149} INFO - [2025-04-14T20:27:17.019+0000] {dag.py:3486} INFO - Setting next_dagrun for ibex35_historical_data to None, run_after=None
[2025-04-14T20:27:17.050+0000] {processor.py:179} INFO - Processing /opt/airflow/dags/historical_data_dag.py took 0.878 seconds
[2025-04-14T20:27:47.343+0000] {processor.py:157} INFO - Started process (PID=1245) to work on /opt/airflow/dags/historical_data_dag.py
[2025-04-14T20:27:47.344+0000] {processor.py:826} INFO - Processing file /opt/airflow/dags/historical_data_dag.py for tasks to queue
[2025-04-14T20:27:47.346+0000] {logging_mixin.py:149} INFO - [2025-04-14T20:27:47.346+0000] {dagbag.py:541} INFO - Filling up the DagBag from /opt/airflow/dags/historical_data_dag.py
[2025-04-14T20:27:48.147+0000] {processor.py:836} INFO - DAG(s) dict_keys(['ibex35_historical_data']) retrieved from /opt/airflow/dags/historical_data_dag.py
[2025-04-14T20:27:48.188+0000] {logging_mixin.py:149} INFO - [2025-04-14T20:27:48.188+0000] {dag.py:2726} INFO - Sync 1 DAGs
[2025-04-14T20:27:48.212+0000] {logging_mixin.py:149} INFO - [2025-04-14T20:27:48.212+0000] {dag.py:3486} INFO - Setting next_dagrun for ibex35_historical_data to None, run_after=None
[2025-04-14T20:27:48.242+0000] {processor.py:179} INFO - Processing /opt/airflow/dags/historical_data_dag.py took 0.902 seconds
[2025-04-14T20:28:18.580+0000] {processor.py:157} INFO - Started process (PID=1287) to work on /opt/airflow/dags/historical_data_dag.py
[2025-04-14T20:28:18.581+0000] {processor.py:826} INFO - Processing file /opt/airflow/dags/historical_data_dag.py for tasks to queue
[2025-04-14T20:28:18.582+0000] {logging_mixin.py:149} INFO - [2025-04-14T20:28:18.582+0000] {dagbag.py:541} INFO - Filling up the DagBag from /opt/airflow/dags/historical_data_dag.py
[2025-04-14T20:28:19.387+0000] {processor.py:836} INFO - DAG(s) dict_keys(['ibex35_historical_data']) retrieved from /opt/airflow/dags/historical_data_dag.py
[2025-04-14T20:28:19.426+0000] {logging_mixin.py:149} INFO - [2025-04-14T20:28:19.426+0000] {dag.py:2726} INFO - Sync 1 DAGs
[2025-04-14T20:28:19.450+0000] {logging_mixin.py:149} INFO - [2025-04-14T20:28:19.450+0000] {dag.py:3486} INFO - Setting next_dagrun for ibex35_historical_data to None, run_after=None
[2025-04-14T20:28:19.480+0000] {processor.py:179} INFO - Processing /opt/airflow/dags/historical_data_dag.py took 0.903 seconds
[2025-04-14T20:28:49.779+0000] {processor.py:157} INFO - Started process (PID=1329) to work on /opt/airflow/dags/historical_data_dag.py
[2025-04-14T20:28:49.780+0000] {processor.py:826} INFO - Processing file /opt/airflow/dags/historical_data_dag.py for tasks to queue
[2025-04-14T20:28:49.781+0000] {logging_mixin.py:149} INFO - [2025-04-14T20:28:49.781+0000] {dagbag.py:541} INFO - Filling up the DagBag from /opt/airflow/dags/historical_data_dag.py
[2025-04-14T20:28:50.602+0000] {processor.py:836} INFO - DAG(s) dict_keys(['ibex35_historical_data']) retrieved from /opt/airflow/dags/historical_data_dag.py
[2025-04-14T20:28:50.641+0000] {logging_mixin.py:149} INFO - [2025-04-14T20:28:50.641+0000] {dag.py:2726} INFO - Sync 1 DAGs
[2025-04-14T20:28:50.664+0000] {logging_mixin.py:149} INFO - [2025-04-14T20:28:50.663+0000] {dag.py:3486} INFO - Setting next_dagrun for ibex35_historical_data to None, run_after=None
[2025-04-14T20:28:50.693+0000] {processor.py:179} INFO - Processing /opt/airflow/dags/historical_data_dag.py took 0.917 seconds
